{"D:\\Study\\Capstone Project\\Genealogy\\back-end\\Controller\\FamilyGenealogy\\FamilyMember.js": {"path":"D:\\Study\\Capstone Project\\Genealogy\\back-end\\Controller\\FamilyGenealogy\\FamilyMember.js","statementMap":{"0":{"start":{"line":1,"column":32},"end":{"line":1,"column":89}},"1":{"start":{"line":2,"column":17},"end":{"line":2,"column":48}},"2":{"start":{"line":3,"column":21},"end":{"line":3,"column":56}},"3":{"start":{"line":4,"column":11},"end":{"line":4,"column":44}},"4":{"start":{"line":5,"column":29},"end":{"line":5,"column":95}},"5":{"start":{"line":6,"column":23},"end":{"line":6,"column":78}},"6":{"start":{"line":7,"column":27},"end":{"line":7,"column":86}},"7":{"start":{"line":8,"column":27},"end":{"line":8,"column":91}},"8":{"start":{"line":9,"column":21},"end":{"line":35,"column":1}},"9":{"start":{"line":37,"column":27},"end":{"line":58,"column":1}},"10":{"start":{"line":60,"column":22},"end":{"line":62,"column":1}},"11":{"start":{"line":61,"column":4},"end":{"line":61,"column":26}},"12":{"start":{"line":64,"column":28},"end":{"line":66,"column":1}},"13":{"start":{"line":65,"column":4},"end":{"line":65,"column":32}},"14":{"start":{"line":69,"column":16},"end":{"line":253,"column":1}},"15":{"start":{"line":70,"column":4},"end":{"line":252,"column":5}},"16":{"start":{"line":71,"column":8},"end":{"line":71,"column":41}},"17":{"start":{"line":72,"column":8},"end":{"line":72,"column":52}},"18":{"start":{"line":74,"column":31},"end":{"line":81,"column":9}},"19":{"start":{"line":83,"column":30},"end":{"line":83,"column":82}},"20":{"start":{"line":84,"column":8},"end":{"line":84,"column":35}},"21":{"start":{"line":86,"column":8},"end":{"line":88,"column":9}},"22":{"start":{"line":87,"column":12},"end":{"line":87,"column":80}},"23":{"start":{"line":89,"column":8},"end":{"line":89,"column":52}},"24":{"start":{"line":90,"column":23},"end":{"line":90,"column":76}},"25":{"start":{"line":91,"column":8},"end":{"line":94,"column":9}},"26":{"start":{"line":93,"column":12},"end":{"line":93,"column":86}},"27":{"start":{"line":95,"column":8},"end":{"line":95,"column":37}},"28":{"start":{"line":97,"column":8},"end":{"line":99,"column":9}},"29":{"start":{"line":98,"column":12},"end":{"line":98,"column":122}},"30":{"start":{"line":101,"column":8},"end":{"line":106,"column":9}},"31":{"start":{"line":105,"column":12},"end":{"line":105,"column":90}},"32":{"start":{"line":108,"column":25},"end":{"line":108,"column":85}},"33":{"start":{"line":109,"column":8},"end":{"line":111,"column":9}},"34":{"start":{"line":110,"column":12},"end":{"line":110,"column":93}},"35":{"start":{"line":112,"column":22},"end":{"line":112,"column":24}},"36":{"start":{"line":113,"column":19},"end":{"line":113,"column":68}},"37":{"start":{"line":115,"column":8},"end":{"line":243,"column":9}},"38":{"start":{"line":116,"column":12},"end":{"line":116,"column":91}},"39":{"start":{"line":117,"column":12},"end":{"line":117,"column":74}},"40":{"start":{"line":118,"column":12},"end":{"line":118,"column":68}},"41":{"start":{"line":121,"column":13},"end":{"line":243,"column":9}},"42":{"start":{"line":122,"column":12},"end":{"line":122,"column":74}},"43":{"start":{"line":123,"column":12},"end":{"line":123,"column":85}},"44":{"start":{"line":124,"column":12},"end":{"line":124,"column":68}},"45":{"start":{"line":128,"column":12},"end":{"line":128,"column":82}},"46":{"start":{"line":130,"column":12},"end":{"line":130,"column":104}},"47":{"start":{"line":131,"column":12},"end":{"line":131,"column":58}},"48":{"start":{"line":132,"column":12},"end":{"line":134,"column":13}},"49":{"start":{"line":133,"column":16},"end":{"line":133,"column":111}},"50":{"start":{"line":136,"column":12},"end":{"line":138,"column":13}},"51":{"start":{"line":137,"column":16},"end":{"line":137,"column":111}},"52":{"start":{"line":139,"column":12},"end":{"line":139,"column":89}},"53":{"start":{"line":140,"column":12},"end":{"line":140,"column":52}},"54":{"start":{"line":142,"column":12},"end":{"line":241,"column":13}},"55":{"start":{"line":143,"column":16},"end":{"line":143,"column":61}},"56":{"start":{"line":145,"column":16},"end":{"line":195,"column":17}},"57":{"start":{"line":146,"column":20},"end":{"line":146,"column":62}},"58":{"start":{"line":148,"column":20},"end":{"line":151,"column":21}},"59":{"start":{"line":149,"column":43},"end":{"line":149,"column":69}},"60":{"start":{"line":150,"column":24},"end":{"line":150,"column":89}},"61":{"start":{"line":153,"column":20},"end":{"line":167,"column":21}},"62":{"start":{"line":155,"column":44},"end":{"line":155,"column":145}},"63":{"start":{"line":156,"column":24},"end":{"line":156,"column":70}},"64":{"start":{"line":157,"column":24},"end":{"line":159,"column":25}},"65":{"start":{"line":158,"column":28},"end":{"line":158,"column":46}},"66":{"start":{"line":160,"column":38},"end":{"line":165,"column":25}},"67":{"start":{"line":166,"column":24},"end":{"line":166,"column":70}},"68":{"start":{"line":168,"column":20},"end":{"line":168,"column":108}},"69":{"start":{"line":171,"column":21},"end":{"line":195,"column":17}},"70":{"start":{"line":172,"column":20},"end":{"line":172,"column":61}},"71":{"start":{"line":174,"column":20},"end":{"line":177,"column":21}},"72":{"start":{"line":175,"column":43},"end":{"line":175,"column":68}},"73":{"start":{"line":176,"column":24},"end":{"line":176,"column":89}},"74":{"start":{"line":179,"column":20},"end":{"line":193,"column":21}},"75":{"start":{"line":181,"column":44},"end":{"line":181,"column":148}},"76":{"start":{"line":182,"column":24},"end":{"line":182,"column":70}},"77":{"start":{"line":183,"column":24},"end":{"line":185,"column":25}},"78":{"start":{"line":184,"column":28},"end":{"line":184,"column":46}},"79":{"start":{"line":186,"column":38},"end":{"line":191,"column":25}},"80":{"start":{"line":192,"column":24},"end":{"line":192,"column":70}},"81":{"start":{"line":194,"column":20},"end":{"line":194,"column":108}},"82":{"start":{"line":196,"column":16},"end":{"line":196,"column":108}},"83":{"start":{"line":199,"column":17},"end":{"line":241,"column":13}},"84":{"start":{"line":200,"column":16},"end":{"line":200,"column":63}},"85":{"start":{"line":201,"column":30},"end":{"line":201,"column":32}},"86":{"start":{"line":203,"column":16},"end":{"line":206,"column":17}},"87":{"start":{"line":204,"column":39},"end":{"line":204,"column":71}},"88":{"start":{"line":205,"column":20},"end":{"line":205,"column":85}},"89":{"start":{"line":208,"column":16},"end":{"line":238,"column":17}},"90":{"start":{"line":209,"column":20},"end":{"line":209,"column":64}},"91":{"start":{"line":211,"column":40},"end":{"line":211,"column":140}},"92":{"start":{"line":212,"column":20},"end":{"line":212,"column":66}},"93":{"start":{"line":213,"column":20},"end":{"line":215,"column":21}},"94":{"start":{"line":214,"column":24},"end":{"line":214,"column":42}},"95":{"start":{"line":216,"column":20},"end":{"line":221,"column":21}},"96":{"start":{"line":224,"column":21},"end":{"line":238,"column":17}},"97":{"start":{"line":225,"column":20},"end":{"line":225,"column":61}},"98":{"start":{"line":227,"column":40},"end":{"line":227,"column":143}},"99":{"start":{"line":228,"column":20},"end":{"line":228,"column":66}},"100":{"start":{"line":229,"column":20},"end":{"line":231,"column":21}},"101":{"start":{"line":230,"column":24},"end":{"line":230,"column":42}},"102":{"start":{"line":232,"column":20},"end":{"line":237,"column":21}},"103":{"start":{"line":239,"column":16},"end":{"line":239,"column":104}},"104":{"start":{"line":240,"column":16},"end":{"line":240,"column":62}},"105":{"start":{"line":242,"column":12},"end":{"line":242,"column":68}},"106":{"start":{"line":245,"column":8},"end":{"line":245,"column":41}},"107":{"start":{"line":246,"column":8},"end":{"line":246,"column":49}},"108":{"start":{"line":247,"column":8},"end":{"line":247,"column":59}},"109":{"start":{"line":249,"column":8},"end":{"line":249,"column":35}},"110":{"start":{"line":251,"column":8},"end":{"line":251,"column":64}},"111":{"start":{"line":255,"column":15},"end":{"line":384,"column":1}},"112":{"start":{"line":256,"column":4},"end":{"line":383,"column":5}},"113":{"start":{"line":257,"column":8},"end":{"line":257,"column":41}},"114":{"start":{"line":258,"column":8},"end":{"line":258,"column":54}},"115":{"start":{"line":259,"column":8},"end":{"line":259,"column":52}},"116":{"start":{"line":261,"column":31},"end":{"line":267,"column":9}},"117":{"start":{"line":269,"column":30},"end":{"line":269,"column":82}},"118":{"start":{"line":270,"column":8},"end":{"line":270,"column":35}},"119":{"start":{"line":272,"column":8},"end":{"line":274,"column":9}},"120":{"start":{"line":273,"column":12},"end":{"line":273,"column":80}},"121":{"start":{"line":275,"column":8},"end":{"line":275,"column":52}},"122":{"start":{"line":277,"column":8},"end":{"line":279,"column":9}},"123":{"start":{"line":278,"column":12},"end":{"line":278,"column":122}},"124":{"start":{"line":281,"column":8},"end":{"line":286,"column":9}},"125":{"start":{"line":285,"column":12},"end":{"line":285,"column":90}},"126":{"start":{"line":288,"column":25},"end":{"line":288,"column":85}},"127":{"start":{"line":289,"column":8},"end":{"line":291,"column":9}},"128":{"start":{"line":290,"column":12},"end":{"line":290,"column":93}},"129":{"start":{"line":292,"column":19},"end":{"line":292,"column":68}},"130":{"start":{"line":295,"column":8},"end":{"line":298,"column":9}},"131":{"start":{"line":296,"column":31},"end":{"line":296,"column":80}},"132":{"start":{"line":297,"column":12},"end":{"line":297,"column":77}},"133":{"start":{"line":300,"column":8},"end":{"line":314,"column":9}},"134":{"start":{"line":301,"column":12},"end":{"line":301,"column":94}},"135":{"start":{"line":303,"column":12},"end":{"line":306,"column":13}},"136":{"start":{"line":304,"column":35},"end":{"line":304,"column":81}},"137":{"start":{"line":305,"column":16},"end":{"line":305,"column":81}},"138":{"start":{"line":308,"column":12},"end":{"line":311,"column":13}},"139":{"start":{"line":309,"column":35},"end":{"line":309,"column":73}},"140":{"start":{"line":310,"column":16},"end":{"line":310,"column":81}},"141":{"start":{"line":313,"column":12},"end":{"line":313,"column":98}},"142":{"start":{"line":316,"column":8},"end":{"line":330,"column":9}},"143":{"start":{"line":317,"column":12},"end":{"line":317,"column":94}},"144":{"start":{"line":319,"column":12},"end":{"line":322,"column":13}},"145":{"start":{"line":320,"column":35},"end":{"line":320,"column":80}},"146":{"start":{"line":321,"column":16},"end":{"line":321,"column":81}},"147":{"start":{"line":324,"column":12},"end":{"line":327,"column":13}},"148":{"start":{"line":325,"column":35},"end":{"line":325,"column":73}},"149":{"start":{"line":326,"column":16},"end":{"line":326,"column":81}},"150":{"start":{"line":329,"column":12},"end":{"line":329,"column":98}},"151":{"start":{"line":332,"column":8},"end":{"line":334,"column":9}},"152":{"start":{"line":333,"column":12},"end":{"line":333,"column":87}},"153":{"start":{"line":337,"column":8},"end":{"line":367,"column":9}},"154":{"start":{"line":338,"column":12},"end":{"line":338,"column":67}},"155":{"start":{"line":340,"column":12},"end":{"line":345,"column":13}},"156":{"start":{"line":342,"column":16},"end":{"line":342,"column":68}},"157":{"start":{"line":343,"column":35},"end":{"line":343,"column":84}},"158":{"start":{"line":344,"column":16},"end":{"line":344,"column":81}},"159":{"start":{"line":346,"column":12},"end":{"line":346,"column":98}},"160":{"start":{"line":347,"column":12},"end":{"line":347,"column":56}},"161":{"start":{"line":350,"column":13},"end":{"line":367,"column":9}},"162":{"start":{"line":351,"column":12},"end":{"line":351,"column":67}},"163":{"start":{"line":353,"column":12},"end":{"line":358,"column":13}},"164":{"start":{"line":355,"column":16},"end":{"line":355,"column":67}},"165":{"start":{"line":356,"column":35},"end":{"line":356,"column":83}},"166":{"start":{"line":357,"column":16},"end":{"line":357,"column":81}},"167":{"start":{"line":359,"column":12},"end":{"line":359,"column":98}},"168":{"start":{"line":360,"column":12},"end":{"line":360,"column":56}},"169":{"start":{"line":363,"column":13},"end":{"line":367,"column":9}},"170":{"start":{"line":364,"column":12},"end":{"line":364,"column":61}},"171":{"start":{"line":365,"column":12},"end":{"line":365,"column":124}},"172":{"start":{"line":366,"column":12},"end":{"line":366,"column":56}},"173":{"start":{"line":370,"column":8},"end":{"line":374,"column":9}},"174":{"start":{"line":371,"column":31},"end":{"line":371,"column":74}},"175":{"start":{"line":373,"column":12},"end":{"line":373,"column":77}},"176":{"start":{"line":375,"column":8},"end":{"line":375,"column":43}},"177":{"start":{"line":377,"column":8},"end":{"line":377,"column":89}},"178":{"start":{"line":378,"column":8},"end":{"line":378,"column":64}},"179":{"start":{"line":379,"column":8},"end":{"line":379,"column":52}},"180":{"start":{"line":381,"column":8},"end":{"line":381,"column":35}},"181":{"start":{"line":382,"column":8},"end":{"line":382,"column":64}},"182":{"start":{"line":387,"column":24},"end":{"line":395,"column":1}},"183":{"start":{"line":388,"column":4},"end":{"line":388,"column":45}},"184":{"start":{"line":389,"column":4},"end":{"line":393,"column":5}},"185":{"start":{"line":389,"column":17},"end":{"line":389,"column":18}},"186":{"start":{"line":390,"column":8},"end":{"line":392,"column":9}},"187":{"start":{"line":391,"column":12},"end":{"line":391,"column":24}},"188":{"start":{"line":394,"column":4},"end":{"line":394,"column":17}},"189":{"start":{"line":398,"column":24},"end":{"line":438,"column":1}},"190":{"start":{"line":399,"column":4},"end":{"line":437,"column":5}},"191":{"start":{"line":400,"column":8},"end":{"line":400,"column":30}},"192":{"start":{"line":401,"column":8},"end":{"line":401,"column":41}},"193":{"start":{"line":402,"column":8},"end":{"line":402,"column":52}},"194":{"start":{"line":403,"column":8},"end":{"line":403,"column":44}},"195":{"start":{"line":404,"column":8},"end":{"line":406,"column":9}},"196":{"start":{"line":405,"column":12},"end":{"line":405,"column":88}},"197":{"start":{"line":408,"column":8},"end":{"line":411,"column":9}},"198":{"start":{"line":409,"column":12},"end":{"line":409,"column":52}},"199":{"start":{"line":410,"column":12},"end":{"line":410,"column":88}},"200":{"start":{"line":414,"column":31},"end":{"line":416,"column":9}},"201":{"start":{"line":418,"column":30},"end":{"line":418,"column":82}},"202":{"start":{"line":420,"column":8},"end":{"line":423,"column":9}},"203":{"start":{"line":421,"column":12},"end":{"line":421,"column":52}},"204":{"start":{"line":422,"column":12},"end":{"line":422,"column":80}},"205":{"start":{"line":424,"column":25},"end":{"line":424,"column":93}},"206":{"start":{"line":425,"column":8},"end":{"line":428,"column":9}},"207":{"start":{"line":426,"column":12},"end":{"line":426,"column":52}},"208":{"start":{"line":427,"column":12},"end":{"line":427,"column":61}},"209":{"start":{"line":430,"column":8},"end":{"line":430,"column":54}},"210":{"start":{"line":432,"column":8},"end":{"line":432,"column":90}},"211":{"start":{"line":433,"column":8},"end":{"line":433,"column":83}},"212":{"start":{"line":435,"column":8},"end":{"line":435,"column":35}},"213":{"start":{"line":436,"column":8},"end":{"line":436,"column":64}},"214":{"start":{"line":441,"column":19},"end":{"line":532,"column":1}},"215":{"start":{"line":442,"column":4},"end":{"line":531,"column":5}},"216":{"start":{"line":443,"column":8},"end":{"line":443,"column":41}},"217":{"start":{"line":444,"column":8},"end":{"line":444,"column":52}},"218":{"start":{"line":446,"column":31},"end":{"line":452,"column":9}},"219":{"start":{"line":454,"column":30},"end":{"line":454,"column":82}},"220":{"start":{"line":456,"column":8},"end":{"line":459,"column":9}},"221":{"start":{"line":458,"column":12},"end":{"line":458,"column":80}},"222":{"start":{"line":460,"column":25},"end":{"line":460,"column":93}},"223":{"start":{"line":461,"column":8},"end":{"line":464,"column":9}},"224":{"start":{"line":463,"column":12},"end":{"line":463,"column":61}},"225":{"start":{"line":466,"column":8},"end":{"line":475,"column":9}},"226":{"start":{"line":467,"column":12},"end":{"line":467,"column":64}},"227":{"start":{"line":468,"column":12},"end":{"line":474,"column":13}},"228":{"start":{"line":469,"column":16},"end":{"line":473,"column":17}},"229":{"start":{"line":470,"column":20},"end":{"line":470,"column":128}},"230":{"start":{"line":472,"column":20},"end":{"line":472,"column":131}},"231":{"start":{"line":479,"column":8},"end":{"line":492,"column":9}},"232":{"start":{"line":480,"column":12},"end":{"line":480,"column":67}},"233":{"start":{"line":481,"column":12},"end":{"line":481,"column":99}},"234":{"start":{"line":484,"column":13},"end":{"line":492,"column":9}},"235":{"start":{"line":485,"column":12},"end":{"line":485,"column":67}},"236":{"start":{"line":486,"column":12},"end":{"line":486,"column":99}},"237":{"start":{"line":489,"column":13},"end":{"line":492,"column":9}},"238":{"start":{"line":490,"column":12},"end":{"line":490,"column":61}},"239":{"start":{"line":491,"column":12},"end":{"line":491,"column":134}},"240":{"start":{"line":494,"column":8},"end":{"line":501,"column":9}},"241":{"start":{"line":496,"column":12},"end":{"line":500,"column":13}},"242":{"start":{"line":497,"column":35},"end":{"line":497,"column":78}},"243":{"start":{"line":499,"column":16},"end":{"line":499,"column":81}},"244":{"start":{"line":503,"column":8},"end":{"line":517,"column":9}},"245":{"start":{"line":505,"column":29},"end":{"line":505,"column":137}},"246":{"start":{"line":506,"column":31},"end":{"line":506,"column":33}},"247":{"start":{"line":507,"column":12},"end":{"line":516,"column":13}},"248":{"start":{"line":508,"column":16},"end":{"line":510,"column":17}},"249":{"start":{"line":508,"column":29},"end":{"line":508,"column":30}},"250":{"start":{"line":509,"column":20},"end":{"line":509,"column":62}},"251":{"start":{"line":511,"column":16},"end":{"line":515,"column":17}},"252":{"start":{"line":512,"column":20},"end":{"line":512,"column":113}},"253":{"start":{"line":514,"column":20},"end":{"line":514,"column":113}},"254":{"start":{"line":520,"column":19},"end":{"line":520,"column":71}},"255":{"start":{"line":521,"column":8},"end":{"line":525,"column":9}},"256":{"start":{"line":526,"column":8},"end":{"line":526,"column":59}},"257":{"start":{"line":528,"column":8},"end":{"line":528,"column":35}},"258":{"start":{"line":530,"column":8},"end":{"line":530,"column":64}},"259":{"start":{"line":535,"column":25},"end":{"line":554,"column":1}},"260":{"start":{"line":536,"column":4},"end":{"line":553,"column":6}},"261":{"start":{"line":537,"column":8},"end":{"line":552,"column":9}},"262":{"start":{"line":538,"column":12},"end":{"line":538,"column":92}},"263":{"start":{"line":539,"column":31},"end":{"line":539,"column":128}},"264":{"start":{"line":541,"column":12},"end":{"line":547,"column":13}},"265":{"start":{"line":542,"column":16},"end":{"line":542,"column":50}},"266":{"start":{"line":543,"column":16},"end":{"line":543,"column":30}},"267":{"start":{"line":545,"column":16},"end":{"line":545,"column":56}},"268":{"start":{"line":546,"column":16},"end":{"line":546,"column":31}},"269":{"start":{"line":550,"column":12},"end":{"line":550,"column":30}},"270":{"start":{"line":551,"column":12},"end":{"line":551,"column":25}},"271":{"start":{"line":557,"column":30},"end":{"line":712,"column":1}},"272":{"start":{"line":558,"column":4},"end":{"line":711,"column":5}},"273":{"start":{"line":559,"column":8},"end":{"line":559,"column":41}},"274":{"start":{"line":561,"column":8},"end":{"line":561,"column":52}},"275":{"start":{"line":563,"column":31},"end":{"line":567,"column":9}},"276":{"start":{"line":569,"column":30},"end":{"line":569,"column":82}},"277":{"start":{"line":570,"column":8},"end":{"line":570,"column":35}},"278":{"start":{"line":572,"column":8},"end":{"line":574,"column":9}},"279":{"start":{"line":573,"column":12},"end":{"line":573,"column":80}},"280":{"start":{"line":575,"column":8},"end":{"line":575,"column":41}},"281":{"start":{"line":576,"column":23},"end":{"line":576,"column":63}},"282":{"start":{"line":577,"column":8},"end":{"line":579,"column":9}},"283":{"start":{"line":578,"column":12},"end":{"line":578,"column":86}},"284":{"start":{"line":580,"column":33},"end":{"line":580,"column":106}},"285":{"start":{"line":581,"column":34},"end":{"line":581,"column":108}},"286":{"start":{"line":582,"column":8},"end":{"line":584,"column":9}},"287":{"start":{"line":583,"column":12},"end":{"line":583,"column":93}},"288":{"start":{"line":586,"column":8},"end":{"line":588,"column":9}},"289":{"start":{"line":587,"column":12},"end":{"line":587,"column":100}},"290":{"start":{"line":590,"column":8},"end":{"line":592,"column":9}},"291":{"start":{"line":591,"column":12},"end":{"line":591,"column":110}},"292":{"start":{"line":593,"column":22},"end":{"line":593,"column":24}},"293":{"start":{"line":595,"column":8},"end":{"line":706,"column":9}},"294":{"start":{"line":596,"column":12},"end":{"line":596,"column":127}},"295":{"start":{"line":598,"column":12},"end":{"line":646,"column":13}},"296":{"start":{"line":600,"column":16},"end":{"line":603,"column":17}},"297":{"start":{"line":601,"column":39},"end":{"line":601,"column":65}},"298":{"start":{"line":602,"column":20},"end":{"line":602,"column":85}},"299":{"start":{"line":605,"column":16},"end":{"line":619,"column":17}},"300":{"start":{"line":607,"column":40},"end":{"line":607,"column":151}},"301":{"start":{"line":608,"column":20},"end":{"line":608,"column":66}},"302":{"start":{"line":609,"column":20},"end":{"line":611,"column":21}},"303":{"start":{"line":610,"column":24},"end":{"line":610,"column":42}},"304":{"start":{"line":612,"column":34},"end":{"line":617,"column":21}},"305":{"start":{"line":618,"column":20},"end":{"line":618,"column":66}},"306":{"start":{"line":620,"column":16},"end":{"line":620,"column":128}},"307":{"start":{"line":623,"column":17},"end":{"line":646,"column":13}},"308":{"start":{"line":625,"column":16},"end":{"line":628,"column":17}},"309":{"start":{"line":626,"column":39},"end":{"line":626,"column":64}},"310":{"start":{"line":627,"column":20},"end":{"line":627,"column":85}},"311":{"start":{"line":630,"column":16},"end":{"line":644,"column":17}},"312":{"start":{"line":632,"column":40},"end":{"line":632,"column":154}},"313":{"start":{"line":633,"column":20},"end":{"line":633,"column":66}},"314":{"start":{"line":634,"column":20},"end":{"line":636,"column":21}},"315":{"start":{"line":635,"column":24},"end":{"line":635,"column":42}},"316":{"start":{"line":637,"column":34},"end":{"line":642,"column":21}},"317":{"start":{"line":643,"column":20},"end":{"line":643,"column":66}},"318":{"start":{"line":645,"column":16},"end":{"line":645,"column":128}},"319":{"start":{"line":649,"column":13},"end":{"line":706,"column":9}},"320":{"start":{"line":651,"column":28},"end":{"line":651,"column":152}},"321":{"start":{"line":652,"column":12},"end":{"line":655,"column":13}},"322":{"start":{"line":653,"column":35},"end":{"line":653,"column":92}},"323":{"start":{"line":654,"column":16},"end":{"line":654,"column":81}},"324":{"start":{"line":656,"column":12},"end":{"line":660,"column":13}},"325":{"start":{"line":657,"column":16},"end":{"line":657,"column":128}},"326":{"start":{"line":658,"column":19},"end":{"line":660,"column":13}},"327":{"start":{"line":659,"column":16},"end":{"line":659,"column":128}},"328":{"start":{"line":661,"column":12},"end":{"line":661,"column":127}},"329":{"start":{"line":665,"column":13},"end":{"line":706,"column":9}},"330":{"start":{"line":666,"column":12},"end":{"line":666,"column":59}},"331":{"start":{"line":668,"column":12},"end":{"line":670,"column":13}},"332":{"start":{"line":669,"column":16},"end":{"line":669,"column":101}},"333":{"start":{"line":671,"column":26},"end":{"line":671,"column":28}},"334":{"start":{"line":673,"column":12},"end":{"line":703,"column":13}},"335":{"start":{"line":674,"column":16},"end":{"line":674,"column":60}},"336":{"start":{"line":676,"column":36},"end":{"line":676,"column":147}},"337":{"start":{"line":677,"column":16},"end":{"line":677,"column":62}},"338":{"start":{"line":678,"column":16},"end":{"line":680,"column":17}},"339":{"start":{"line":679,"column":20},"end":{"line":679,"column":38}},"340":{"start":{"line":681,"column":16},"end":{"line":686,"column":17}},"341":{"start":{"line":689,"column":17},"end":{"line":703,"column":13}},"342":{"start":{"line":690,"column":16},"end":{"line":690,"column":57}},"343":{"start":{"line":692,"column":36},"end":{"line":692,"column":150}},"344":{"start":{"line":693,"column":16},"end":{"line":693,"column":62}},"345":{"start":{"line":694,"column":16},"end":{"line":696,"column":17}},"346":{"start":{"line":695,"column":20},"end":{"line":695,"column":38}},"347":{"start":{"line":697,"column":16},"end":{"line":702,"column":17}},"348":{"start":{"line":704,"column":12},"end":{"line":704,"column":123}},"349":{"start":{"line":705,"column":12},"end":{"line":705,"column":58}},"350":{"start":{"line":707,"column":8},"end":{"line":707,"column":104}},"351":{"start":{"line":709,"column":8},"end":{"line":709,"column":35}},"352":{"start":{"line":710,"column":8},"end":{"line":710,"column":64}},"353":{"start":{"line":715,"column":19},"end":{"line":805,"column":1}},"354":{"start":{"line":716,"column":4},"end":{"line":804,"column":5}},"355":{"start":{"line":717,"column":8},"end":{"line":717,"column":44}},"356":{"start":{"line":718,"column":8},"end":{"line":718,"column":41}},"357":{"start":{"line":720,"column":31},"end":{"line":722,"column":9}},"358":{"start":{"line":724,"column":30},"end":{"line":724,"column":83}},"359":{"start":{"line":725,"column":8},"end":{"line":725,"column":35}},"360":{"start":{"line":727,"column":8},"end":{"line":729,"column":9}},"361":{"start":{"line":728,"column":12},"end":{"line":728,"column":80}},"362":{"start":{"line":730,"column":8},"end":{"line":730,"column":41}},"363":{"start":{"line":731,"column":25},"end":{"line":731,"column":94}},"364":{"start":{"line":732,"column":8},"end":{"line":734,"column":9}},"365":{"start":{"line":733,"column":12},"end":{"line":733,"column":61}},"366":{"start":{"line":735,"column":8},"end":{"line":735,"column":60}},"367":{"start":{"line":737,"column":8},"end":{"line":737,"column":60}},"368":{"start":{"line":739,"column":8},"end":{"line":794,"column":9}},"369":{"start":{"line":740,"column":12},"end":{"line":740,"column":65}},"370":{"start":{"line":742,"column":31},"end":{"line":742,"column":134}},"371":{"start":{"line":743,"column":12},"end":{"line":743,"column":56}},"372":{"start":{"line":746,"column":29},"end":{"line":746,"column":31}},"373":{"start":{"line":747,"column":12},"end":{"line":754,"column":13}},"374":{"start":{"line":748,"column":16},"end":{"line":748,"column":75}},"375":{"start":{"line":749,"column":16},"end":{"line":749,"column":111}},"376":{"start":{"line":750,"column":16},"end":{"line":750,"column":56}},"377":{"start":{"line":751,"column":19},"end":{"line":754,"column":13}},"378":{"start":{"line":752,"column":16},"end":{"line":752,"column":76}},"379":{"start":{"line":753,"column":16},"end":{"line":753,"column":108}},"380":{"start":{"line":755,"column":12},"end":{"line":755,"column":52}},"381":{"start":{"line":756,"column":32},"end":{"line":756,"column":33}},"382":{"start":{"line":757,"column":12},"end":{"line":761,"column":13}},"383":{"start":{"line":760,"column":16},"end":{"line":760,"column":143}},"384":{"start":{"line":760,"column":67},"end":{"line":760,"column":114}},"385":{"start":{"line":762,"column":12},"end":{"line":762,"column":58}},"386":{"start":{"line":765,"column":12},"end":{"line":785,"column":13}},"387":{"start":{"line":766,"column":16},"end":{"line":766,"column":104}},"388":{"start":{"line":767,"column":16},"end":{"line":773,"column":17}},"389":{"start":{"line":768,"column":20},"end":{"line":772,"column":21}},"390":{"start":{"line":768,"column":33},"end":{"line":768,"column":34}},"391":{"start":{"line":769,"column":24},"end":{"line":769,"column":101}},"392":{"start":{"line":770,"column":24},"end":{"line":770,"column":67}},"393":{"start":{"line":771,"column":24},"end":{"line":771,"column":82}},"394":{"start":{"line":776,"column":17},"end":{"line":785,"column":13}},"395":{"start":{"line":777,"column":16},"end":{"line":777,"column":104}},"396":{"start":{"line":778,"column":16},"end":{"line":784,"column":17}},"397":{"start":{"line":779,"column":20},"end":{"line":783,"column":21}},"398":{"start":{"line":779,"column":33},"end":{"line":779,"column":34}},"399":{"start":{"line":780,"column":24},"end":{"line":780,"column":101}},"400":{"start":{"line":781,"column":24},"end":{"line":781,"column":67}},"401":{"start":{"line":782,"column":24},"end":{"line":782,"column":82}},"402":{"start":{"line":790,"column":29},"end":{"line":790,"column":93}},"403":{"start":{"line":791,"column":12},"end":{"line":793,"column":13}},"404":{"start":{"line":792,"column":16},"end":{"line":792,"column":93}},"405":{"start":{"line":795,"column":8},"end":{"line":795,"column":71}},"406":{"start":{"line":797,"column":8},"end":{"line":799,"column":9}},"407":{"start":{"line":800,"column":8},"end":{"line":800,"column":59}},"408":{"start":{"line":802,"column":8},"end":{"line":802,"column":35}},"409":{"start":{"line":803,"column":8},"end":{"line":803,"column":64}},"410":{"start":{"line":808,"column":23},"end":{"line":970,"column":1}},"411":{"start":{"line":809,"column":4},"end":{"line":969,"column":5}},"412":{"start":{"line":810,"column":8},"end":{"line":810,"column":41}},"413":{"start":{"line":812,"column":31},"end":{"line":815,"column":9}},"414":{"start":{"line":817,"column":30},"end":{"line":817,"column":82}},"415":{"start":{"line":818,"column":8},"end":{"line":818,"column":52}},"416":{"start":{"line":820,"column":8},"end":{"line":822,"column":9}},"417":{"start":{"line":821,"column":12},"end":{"line":821,"column":80}},"418":{"start":{"line":823,"column":8},"end":{"line":823,"column":46}},"419":{"start":{"line":824,"column":26},"end":{"line":824,"column":95}},"420":{"start":{"line":825,"column":26},"end":{"line":825,"column":95}},"421":{"start":{"line":826,"column":8},"end":{"line":829,"column":9}},"422":{"start":{"line":827,"column":12},"end":{"line":827,"column":49}},"423":{"start":{"line":828,"column":12},"end":{"line":828,"column":61}},"424":{"start":{"line":831,"column":8},"end":{"line":834,"column":9}},"425":{"start":{"line":832,"column":12},"end":{"line":832,"column":68}},"426":{"start":{"line":833,"column":12},"end":{"line":833,"column":107}},"427":{"start":{"line":836,"column":8},"end":{"line":839,"column":9}},"428":{"start":{"line":837,"column":12},"end":{"line":837,"column":67}},"429":{"start":{"line":838,"column":12},"end":{"line":838,"column":109}},"430":{"start":{"line":841,"column":8},"end":{"line":844,"column":9}},"431":{"start":{"line":842,"column":12},"end":{"line":842,"column":61}},"432":{"start":{"line":843,"column":12},"end":{"line":843,"column":100}},"433":{"start":{"line":846,"column":8},"end":{"line":849,"column":9}},"434":{"start":{"line":847,"column":12},"end":{"line":847,"column":84}},"435":{"start":{"line":848,"column":12},"end":{"line":848,"column":123}},"436":{"start":{"line":851,"column":8},"end":{"line":855,"column":9}},"437":{"start":{"line":853,"column":12},"end":{"line":853,"column":87}},"438":{"start":{"line":854,"column":12},"end":{"line":854,"column":126}},"439":{"start":{"line":856,"column":8},"end":{"line":856,"column":45}},"440":{"start":{"line":857,"column":24},"end":{"line":857,"column":38}},"441":{"start":{"line":858,"column":24},"end":{"line":858,"column":38}},"442":{"start":{"line":861,"column":23},"end":{"line":861,"column":64}},"443":{"start":{"line":861,"column":43},"end":{"line":861,"column":64}},"444":{"start":{"line":863,"column":8},"end":{"line":962,"column":9}},"445":{"start":{"line":864,"column":12},"end":{"line":864,"column":68}},"446":{"start":{"line":865,"column":30},"end":{"line":865,"column":78}},"447":{"start":{"line":866,"column":30},"end":{"line":866,"column":78}},"448":{"start":{"line":869,"column":12},"end":{"line":872,"column":13}},"449":{"start":{"line":870,"column":16},"end":{"line":870,"column":89}},"450":{"start":{"line":871,"column":16},"end":{"line":871,"column":128}},"451":{"start":{"line":874,"column":12},"end":{"line":912,"column":13}},"452":{"start":{"line":875,"column":16},"end":{"line":875,"column":51}},"453":{"start":{"line":877,"column":16},"end":{"line":877,"column":107}},"454":{"start":{"line":877,"column":31},"end":{"line":877,"column":107}},"455":{"start":{"line":879,"column":16},"end":{"line":879,"column":105}},"456":{"start":{"line":882,"column":33},"end":{"line":882,"column":130}},"457":{"start":{"line":883,"column":16},"end":{"line":883,"column":56}},"458":{"start":{"line":884,"column":36},"end":{"line":884,"column":37}},"459":{"start":{"line":885,"column":16},"end":{"line":889,"column":17}},"460":{"start":{"line":888,"column":20},"end":{"line":888,"column":147}},"461":{"start":{"line":888,"column":71},"end":{"line":888,"column":118}},"462":{"start":{"line":890,"column":16},"end":{"line":890,"column":62}},"463":{"start":{"line":892,"column":16},"end":{"line":892,"column":53}},"464":{"start":{"line":893,"column":19},"end":{"line":912,"column":13}},"465":{"start":{"line":894,"column":16},"end":{"line":894,"column":50}},"466":{"start":{"line":896,"column":16},"end":{"line":896,"column":107}},"467":{"start":{"line":896,"column":31},"end":{"line":896,"column":107}},"468":{"start":{"line":898,"column":16},"end":{"line":898,"column":105}},"469":{"start":{"line":901,"column":33},"end":{"line":901,"column":130}},"470":{"start":{"line":902,"column":16},"end":{"line":902,"column":56}},"471":{"start":{"line":903,"column":36},"end":{"line":903,"column":37}},"472":{"start":{"line":904,"column":16},"end":{"line":908,"column":17}},"473":{"start":{"line":907,"column":20},"end":{"line":907,"column":147}},"474":{"start":{"line":907,"column":71},"end":{"line":907,"column":118}},"475":{"start":{"line":909,"column":16},"end":{"line":909,"column":62}},"476":{"start":{"line":911,"column":16},"end":{"line":911,"column":53}},"477":{"start":{"line":913,"column":15},"end":{"line":962,"column":9}},"478":{"start":{"line":914,"column":12},"end":{"line":914,"column":68}},"479":{"start":{"line":915,"column":30},"end":{"line":915,"column":78}},"480":{"start":{"line":916,"column":30},"end":{"line":916,"column":78}},"481":{"start":{"line":918,"column":12},"end":{"line":921,"column":13}},"482":{"start":{"line":919,"column":16},"end":{"line":919,"column":89}},"483":{"start":{"line":920,"column":16},"end":{"line":920,"column":128}},"484":{"start":{"line":923,"column":12},"end":{"line":961,"column":13}},"485":{"start":{"line":924,"column":16},"end":{"line":924,"column":51}},"486":{"start":{"line":926,"column":16},"end":{"line":926,"column":107}},"487":{"start":{"line":926,"column":31},"end":{"line":926,"column":107}},"488":{"start":{"line":928,"column":16},"end":{"line":928,"column":105}},"489":{"start":{"line":931,"column":33},"end":{"line":931,"column":130}},"490":{"start":{"line":932,"column":16},"end":{"line":932,"column":56}},"491":{"start":{"line":933,"column":36},"end":{"line":933,"column":37}},"492":{"start":{"line":934,"column":16},"end":{"line":938,"column":17}},"493":{"start":{"line":937,"column":20},"end":{"line":937,"column":147}},"494":{"start":{"line":937,"column":71},"end":{"line":937,"column":118}},"495":{"start":{"line":939,"column":16},"end":{"line":939,"column":62}},"496":{"start":{"line":941,"column":16},"end":{"line":941,"column":53}},"497":{"start":{"line":942,"column":19},"end":{"line":961,"column":13}},"498":{"start":{"line":943,"column":16},"end":{"line":943,"column":50}},"499":{"start":{"line":945,"column":16},"end":{"line":945,"column":107}},"500":{"start":{"line":945,"column":31},"end":{"line":945,"column":107}},"501":{"start":{"line":947,"column":16},"end":{"line":947,"column":105}},"502":{"start":{"line":950,"column":33},"end":{"line":950,"column":130}},"503":{"start":{"line":951,"column":16},"end":{"line":951,"column":56}},"504":{"start":{"line":952,"column":36},"end":{"line":952,"column":37}},"505":{"start":{"line":953,"column":16},"end":{"line":957,"column":17}},"506":{"start":{"line":956,"column":20},"end":{"line":956,"column":147}},"507":{"start":{"line":956,"column":71},"end":{"line":956,"column":118}},"508":{"start":{"line":958,"column":16},"end":{"line":958,"column":62}},"509":{"start":{"line":960,"column":16},"end":{"line":960,"column":53}},"510":{"start":{"line":964,"column":8},"end":{"line":964,"column":34}},"511":{"start":{"line":965,"column":8},"end":{"line":965,"column":52}},"512":{"start":{"line":967,"column":8},"end":{"line":967,"column":33}},"513":{"start":{"line":968,"column":8},"end":{"line":968,"column":64}},"514":{"start":{"line":974,"column":29},"end":{"line":982,"column":1}},"515":{"start":{"line":975,"column":4},"end":{"line":981,"column":5}},"516":{"start":{"line":976,"column":23},"end":{"line":976,"column":41}},"517":{"start":{"line":977,"column":19},"end":{"line":977,"column":81}},"518":{"start":{"line":978,"column":8},"end":{"line":978,"column":23}},"519":{"start":{"line":980,"column":8},"end":{"line":980,"column":24}},"520":{"start":{"line":984,"column":29},"end":{"line":992,"column":1}},"521":{"start":{"line":985,"column":4},"end":{"line":991,"column":5}},"522":{"start":{"line":986,"column":23},"end":{"line":986,"column":40}},"523":{"start":{"line":987,"column":23},"end":{"line":987,"column":40}},"524":{"start":{"line":988,"column":8},"end":{"line":988,"column":81}},"525":{"start":{"line":990,"column":8},"end":{"line":990,"column":26}},"526":{"start":{"line":995,"column":19},"end":{"line":1004,"column":1}},"527":{"start":{"line":996,"column":4},"end":{"line":1003,"column":5}},"528":{"start":{"line":997,"column":31},"end":{"line":997,"column":39}},"529":{"start":{"line":999,"column":29},"end":{"line":999,"column":83}},"530":{"start":{"line":1000,"column":8},"end":{"line":1000,"column":31}},"531":{"start":{"line":1002,"column":8},"end":{"line":1002,"column":20}},"532":{"start":{"line":1005,"column":19},"end":{"line":1020,"column":1}},"533":{"start":{"line":1006,"column":4},"end":{"line":1019,"column":5}},"534":{"start":{"line":1007,"column":30},"end":{"line":1007,"column":38}},"535":{"start":{"line":1009,"column":8},"end":{"line":1012,"column":9}},"536":{"start":{"line":1010,"column":12},"end":{"line":1010,"column":72}},"537":{"start":{"line":1011,"column":12},"end":{"line":1011,"column":75}},"538":{"start":{"line":1013,"column":32},"end":{"line":1013,"column":95}},"539":{"start":{"line":1015,"column":8},"end":{"line":1015,"column":59}},"540":{"start":{"line":1017,"column":8},"end":{"line":1017,"column":56}},"541":{"start":{"line":1018,"column":8},"end":{"line":1018,"column":84}},"542":{"start":{"line":1021,"column":29},"end":{"line":1030,"column":1}},"543":{"start":{"line":1022,"column":4},"end":{"line":1029,"column":5}},"544":{"start":{"line":1023,"column":37},"end":{"line":1023,"column":93}},"545":{"start":{"line":1024,"column":40},"end":{"line":1024,"column":99}},"546":{"start":{"line":1025,"column":19},"end":{"line":1025,"column":69}},"547":{"start":{"line":1026,"column":8},"end":{"line":1026,"column":22}},"548":{"start":{"line":1028,"column":8},"end":{"line":1028,"column":26}},"549":{"start":{"line":1032,"column":30},"end":{"line":1045,"column":1}},"550":{"start":{"line":1033,"column":4},"end":{"line":1044,"column":5}},"551":{"start":{"line":1034,"column":21},"end":{"line":1034,"column":37}},"552":{"start":{"line":1035,"column":19},"end":{"line":1035,"column":80}},"553":{"start":{"line":1036,"column":8},"end":{"line":1036,"column":36}},"554":{"start":{"line":1037,"column":8},"end":{"line":1041,"column":9}},"555":{"start":{"line":1038,"column":12},"end":{"line":1038,"column":59}},"556":{"start":{"line":1040,"column":12},"end":{"line":1040,"column":60}},"557":{"start":{"line":1043,"column":8},"end":{"line":1043,"column":68}},"558":{"start":{"line":1048,"column":19},"end":{"line":1066,"column":1}},"559":{"start":{"line":1049,"column":4},"end":{"line":1065,"column":5}},"560":{"start":{"line":1051,"column":23},"end":{"line":1051,"column":39}},"561":{"start":{"line":1052,"column":24},"end":{"line":1052,"column":74}},"562":{"start":{"line":1053,"column":8},"end":{"line":1058,"column":9}},"563":{"start":{"line":1054,"column":12},"end":{"line":1054,"column":55}},"564":{"start":{"line":1057,"column":12},"end":{"line":1057,"column":60}},"565":{"start":{"line":1061,"column":8},"end":{"line":1061,"column":51}},"566":{"start":{"line":1063,"column":8},"end":{"line":1063,"column":63}},"567":{"start":{"line":1064,"column":8},"end":{"line":1064,"column":56}},"568":{"start":{"line":1101,"column":16},"end":{"line":1118,"column":1}},"569":{"start":{"line":1102,"column":4},"end":{"line":1116,"column":5}},"570":{"start":{"line":1104,"column":25},"end":{"line":1104,"column":94}},"571":{"start":{"line":1105,"column":8},"end":{"line":1105,"column":31}},"572":{"start":{"line":1106,"column":8},"end":{"line":1108,"column":9}},"573":{"start":{"line":1107,"column":12},"end":{"line":1107,"column":61}},"574":{"start":{"line":1109,"column":8},"end":{"line":1111,"column":9}},"575":{"start":{"line":1110,"column":12},"end":{"line":1110,"column":79}},"576":{"start":{"line":1112,"column":8},"end":{"line":1112,"column":62}},"577":{"start":{"line":1114,"column":8},"end":{"line":1114,"column":35}},"578":{"start":{"line":1115,"column":8},"end":{"line":1115,"column":64}},"579":{"start":{"line":1121,"column":0},"end":{"line":1125,"column":2}}},"fnMap":{"0":{"name":"(anonymous_0)","decl":{"start":{"line":60,"column":22},"end":{"line":60,"column":23}},"loc":{"start":{"line":60,"column":42},"end":{"line":62,"column":1}},"line":60},"1":{"name":"(anonymous_1)","decl":{"start":{"line":64,"column":28},"end":{"line":64,"column":29}},"loc":{"start":{"line":64,"column":48},"end":{"line":66,"column":1}},"line":64},"2":{"name":"(anonymous_2)","decl":{"start":{"line":69,"column":16},"end":{"line":69,"column":17}},"loc":{"start":{"line":69,"column":36},"end":{"line":253,"column":1}},"line":69},"3":{"name":"(anonymous_3)","decl":{"start":{"line":255,"column":15},"end":{"line":255,"column":16}},"loc":{"start":{"line":255,"column":35},"end":{"line":384,"column":1}},"line":255},"4":{"name":"(anonymous_4)","decl":{"start":{"line":387,"column":24},"end":{"line":387,"column":25}},"loc":{"start":{"line":387,"column":71},"end":{"line":395,"column":1}},"line":387},"5":{"name":"(anonymous_5)","decl":{"start":{"line":398,"column":24},"end":{"line":398,"column":25}},"loc":{"start":{"line":398,"column":44},"end":{"line":438,"column":1}},"line":398},"6":{"name":"(anonymous_6)","decl":{"start":{"line":441,"column":19},"end":{"line":441,"column":20}},"loc":{"start":{"line":441,"column":39},"end":{"line":532,"column":1}},"line":441},"7":{"name":"(anonymous_7)","decl":{"start":{"line":535,"column":25},"end":{"line":535,"column":26}},"loc":{"start":{"line":535,"column":41},"end":{"line":554,"column":1}},"line":535},"8":{"name":"(anonymous_8)","decl":{"start":{"line":536,"column":23},"end":{"line":536,"column":24}},"loc":{"start":{"line":536,"column":50},"end":{"line":553,"column":5}},"line":536},"9":{"name":"(anonymous_9)","decl":{"start":{"line":557,"column":30},"end":{"line":557,"column":31}},"loc":{"start":{"line":557,"column":50},"end":{"line":712,"column":1}},"line":557},"10":{"name":"(anonymous_10)","decl":{"start":{"line":715,"column":19},"end":{"line":715,"column":20}},"loc":{"start":{"line":715,"column":39},"end":{"line":805,"column":1}},"line":715},"11":{"name":"(anonymous_11)","decl":{"start":{"line":760,"column":50},"end":{"line":760,"column":51}},"loc":{"start":{"line":760,"column":67},"end":{"line":760,"column":114}},"line":760},"12":{"name":"(anonymous_12)","decl":{"start":{"line":808,"column":23},"end":{"line":808,"column":24}},"loc":{"start":{"line":808,"column":43},"end":{"line":970,"column":1}},"line":808},"13":{"name":"(anonymous_13)","decl":{"start":{"line":861,"column":23},"end":{"line":861,"column":24}},"loc":{"start":{"line":861,"column":43},"end":{"line":861,"column":64}},"line":861},"14":{"name":"(anonymous_14)","decl":{"start":{"line":888,"column":54},"end":{"line":888,"column":55}},"loc":{"start":{"line":888,"column":71},"end":{"line":888,"column":118}},"line":888},"15":{"name":"(anonymous_15)","decl":{"start":{"line":907,"column":54},"end":{"line":907,"column":55}},"loc":{"start":{"line":907,"column":71},"end":{"line":907,"column":118}},"line":907},"16":{"name":"(anonymous_16)","decl":{"start":{"line":937,"column":54},"end":{"line":937,"column":55}},"loc":{"start":{"line":937,"column":71},"end":{"line":937,"column":118}},"line":937},"17":{"name":"(anonymous_17)","decl":{"start":{"line":956,"column":54},"end":{"line":956,"column":55}},"loc":{"start":{"line":956,"column":71},"end":{"line":956,"column":118}},"line":956},"18":{"name":"(anonymous_18)","decl":{"start":{"line":974,"column":29},"end":{"line":974,"column":30}},"loc":{"start":{"line":974,"column":49},"end":{"line":982,"column":1}},"line":974},"19":{"name":"(anonymous_19)","decl":{"start":{"line":984,"column":29},"end":{"line":984,"column":30}},"loc":{"start":{"line":984,"column":49},"end":{"line":992,"column":1}},"line":984},"20":{"name":"(anonymous_20)","decl":{"start":{"line":995,"column":19},"end":{"line":995,"column":20}},"loc":{"start":{"line":995,"column":39},"end":{"line":1004,"column":1}},"line":995},"21":{"name":"(anonymous_21)","decl":{"start":{"line":1005,"column":19},"end":{"line":1005,"column":20}},"loc":{"start":{"line":1005,"column":45},"end":{"line":1020,"column":1}},"line":1005},"22":{"name":"(anonymous_22)","decl":{"start":{"line":1021,"column":29},"end":{"line":1021,"column":30}},"loc":{"start":{"line":1021,"column":49},"end":{"line":1030,"column":1}},"line":1021},"23":{"name":"(anonymous_23)","decl":{"start":{"line":1032,"column":30},"end":{"line":1032,"column":31}},"loc":{"start":{"line":1032,"column":50},"end":{"line":1045,"column":1}},"line":1032},"24":{"name":"(anonymous_24)","decl":{"start":{"line":1048,"column":19},"end":{"line":1048,"column":20}},"loc":{"start":{"line":1048,"column":39},"end":{"line":1066,"column":1}},"line":1048},"25":{"name":"(anonymous_25)","decl":{"start":{"line":1101,"column":16},"end":{"line":1101,"column":17}},"loc":{"start":{"line":1101,"column":36},"end":{"line":1118,"column":1}},"line":1101}},"branchMap":{"0":{"loc":{"start":{"line":86,"column":8},"end":{"line":88,"column":9}},"type":"if","locations":[{"start":{"line":86,"column":8},"end":{"line":88,"column":9}},{"start":{},"end":{}}],"line":86},"1":{"loc":{"start":{"line":91,"column":8},"end":{"line":94,"column":9}},"type":"if","locations":[{"start":{"line":91,"column":8},"end":{"line":94,"column":9}},{"start":{},"end":{}}],"line":91},"2":{"loc":{"start":{"line":97,"column":8},"end":{"line":99,"column":9}},"type":"if","locations":[{"start":{"line":97,"column":8},"end":{"line":99,"column":9}},{"start":{},"end":{}}],"line":97},"3":{"loc":{"start":{"line":97,"column":12},"end":{"line":97,"column":91}},"type":"binary-expr","locations":[{"start":{"line":97,"column":12},"end":{"line":97,"column":64}},{"start":{"line":97,"column":68},"end":{"line":97,"column":91}}],"line":97},"4":{"loc":{"start":{"line":101,"column":8},"end":{"line":106,"column":9}},"type":"if","locations":[{"start":{"line":101,"column":8},"end":{"line":106,"column":9}},{"start":{},"end":{}}],"line":101},"5":{"loc":{"start":{"line":101,"column":12},"end":{"line":104,"column":118}},"type":"binary-expr","locations":[{"start":{"line":101,"column":13},"end":{"line":101,"column":57}},{"start":{"line":101,"column":61},"end":{"line":101,"column":104}},{"start":{"line":102,"column":16},"end":{"line":102,"column":65}},{"start":{"line":102,"column":69},"end":{"line":102,"column":117}},{"start":{"line":103,"column":16},"end":{"line":103,"column":60}},{"start":{"line":103,"column":64},"end":{"line":103,"column":107}},{"start":{"line":104,"column":16},"end":{"line":104,"column":65}},{"start":{"line":104,"column":69},"end":{"line":104,"column":117}}],"line":101},"6":{"loc":{"start":{"line":109,"column":8},"end":{"line":111,"column":9}},"type":"if","locations":[{"start":{"line":109,"column":8},"end":{"line":111,"column":9}},{"start":{},"end":{}}],"line":109},"7":{"loc":{"start":{"line":109,"column":12},"end":{"line":109,"column":56}},"type":"binary-expr","locations":[{"start":{"line":109,"column":12},"end":{"line":109,"column":30}},{"start":{"line":109,"column":34},"end":{"line":109,"column":56}}],"line":109},"8":{"loc":{"start":{"line":115,"column":8},"end":{"line":243,"column":9}},"type":"if","locations":[{"start":{"line":115,"column":8},"end":{"line":243,"column":9}},{"start":{"line":121,"column":13},"end":{"line":243,"column":9}}],"line":115},"9":{"loc":{"start":{"line":121,"column":13},"end":{"line":243,"column":9}},"type":"if","locations":[{"start":{"line":121,"column":13},"end":{"line":243,"column":9}},{"start":{"line":127,"column":13},"end":{"line":243,"column":9}}],"line":121},"10":{"loc":{"start":{"line":132,"column":12},"end":{"line":134,"column":13}},"type":"if","locations":[{"start":{"line":132,"column":12},"end":{"line":134,"column":13}},{"start":{},"end":{}}],"line":132},"11":{"loc":{"start":{"line":136,"column":12},"end":{"line":138,"column":13}},"type":"if","locations":[{"start":{"line":136,"column":12},"end":{"line":138,"column":13}},{"start":{},"end":{}}],"line":136},"12":{"loc":{"start":{"line":142,"column":12},"end":{"line":241,"column":13}},"type":"if","locations":[{"start":{"line":142,"column":12},"end":{"line":241,"column":13}},{"start":{"line":199,"column":17},"end":{"line":241,"column":13}}],"line":142},"13":{"loc":{"start":{"line":145,"column":16},"end":{"line":195,"column":17}},"type":"if","locations":[{"start":{"line":145,"column":16},"end":{"line":195,"column":17}},{"start":{"line":171,"column":21},"end":{"line":195,"column":17}}],"line":145},"14":{"loc":{"start":{"line":148,"column":20},"end":{"line":151,"column":21}},"type":"if","locations":[{"start":{"line":148,"column":20},"end":{"line":151,"column":21}},{"start":{},"end":{}}],"line":148},"15":{"loc":{"start":{"line":153,"column":20},"end":{"line":167,"column":21}},"type":"if","locations":[{"start":{"line":153,"column":20},"end":{"line":167,"column":21}},{"start":{},"end":{}}],"line":153},"16":{"loc":{"start":{"line":157,"column":24},"end":{"line":159,"column":25}},"type":"if","locations":[{"start":{"line":157,"column":24},"end":{"line":159,"column":25}},{"start":{},"end":{}}],"line":157},"17":{"loc":{"start":{"line":171,"column":21},"end":{"line":195,"column":17}},"type":"if","locations":[{"start":{"line":171,"column":21},"end":{"line":195,"column":17}},{"start":{},"end":{}}],"line":171},"18":{"loc":{"start":{"line":174,"column":20},"end":{"line":177,"column":21}},"type":"if","locations":[{"start":{"line":174,"column":20},"end":{"line":177,"column":21}},{"start":{},"end":{}}],"line":174},"19":{"loc":{"start":{"line":179,"column":20},"end":{"line":193,"column":21}},"type":"if","locations":[{"start":{"line":179,"column":20},"end":{"line":193,"column":21}},{"start":{},"end":{}}],"line":179},"20":{"loc":{"start":{"line":183,"column":24},"end":{"line":185,"column":25}},"type":"if","locations":[{"start":{"line":183,"column":24},"end":{"line":185,"column":25}},{"start":{},"end":{}}],"line":183},"21":{"loc":{"start":{"line":199,"column":17},"end":{"line":241,"column":13}},"type":"if","locations":[{"start":{"line":199,"column":17},"end":{"line":241,"column":13}},{"start":{},"end":{}}],"line":199},"22":{"loc":{"start":{"line":203,"column":16},"end":{"line":206,"column":17}},"type":"if","locations":[{"start":{"line":203,"column":16},"end":{"line":206,"column":17}},{"start":{},"end":{}}],"line":203},"23":{"loc":{"start":{"line":208,"column":16},"end":{"line":238,"column":17}},"type":"if","locations":[{"start":{"line":208,"column":16},"end":{"line":238,"column":17}},{"start":{"line":224,"column":21},"end":{"line":238,"column":17}}],"line":208},"24":{"loc":{"start":{"line":213,"column":20},"end":{"line":215,"column":21}},"type":"if","locations":[{"start":{"line":213,"column":20},"end":{"line":215,"column":21}},{"start":{},"end":{}}],"line":213},"25":{"loc":{"start":{"line":224,"column":21},"end":{"line":238,"column":17}},"type":"if","locations":[{"start":{"line":224,"column":21},"end":{"line":238,"column":17}},{"start":{},"end":{}}],"line":224},"26":{"loc":{"start":{"line":229,"column":20},"end":{"line":231,"column":21}},"type":"if","locations":[{"start":{"line":229,"column":20},"end":{"line":231,"column":21}},{"start":{},"end":{}}],"line":229},"27":{"loc":{"start":{"line":272,"column":8},"end":{"line":274,"column":9}},"type":"if","locations":[{"start":{"line":272,"column":8},"end":{"line":274,"column":9}},{"start":{},"end":{}}],"line":272},"28":{"loc":{"start":{"line":277,"column":8},"end":{"line":279,"column":9}},"type":"if","locations":[{"start":{"line":277,"column":8},"end":{"line":279,"column":9}},{"start":{},"end":{}}],"line":277},"29":{"loc":{"start":{"line":277,"column":12},"end":{"line":277,"column":91}},"type":"binary-expr","locations":[{"start":{"line":277,"column":12},"end":{"line":277,"column":64}},{"start":{"line":277,"column":68},"end":{"line":277,"column":91}}],"line":277},"30":{"loc":{"start":{"line":281,"column":8},"end":{"line":286,"column":9}},"type":"if","locations":[{"start":{"line":281,"column":8},"end":{"line":286,"column":9}},{"start":{},"end":{}}],"line":281},"31":{"loc":{"start":{"line":281,"column":12},"end":{"line":284,"column":118}},"type":"binary-expr","locations":[{"start":{"line":281,"column":13},"end":{"line":281,"column":57}},{"start":{"line":281,"column":61},"end":{"line":281,"column":104}},{"start":{"line":282,"column":16},"end":{"line":282,"column":65}},{"start":{"line":282,"column":69},"end":{"line":282,"column":117}},{"start":{"line":283,"column":16},"end":{"line":283,"column":60}},{"start":{"line":283,"column":64},"end":{"line":283,"column":107}},{"start":{"line":284,"column":16},"end":{"line":284,"column":65}},{"start":{"line":284,"column":69},"end":{"line":284,"column":117}}],"line":281},"32":{"loc":{"start":{"line":289,"column":8},"end":{"line":291,"column":9}},"type":"if","locations":[{"start":{"line":289,"column":8},"end":{"line":291,"column":9}},{"start":{},"end":{}}],"line":289},"33":{"loc":{"start":{"line":289,"column":12},"end":{"line":289,"column":56}},"type":"binary-expr","locations":[{"start":{"line":289,"column":12},"end":{"line":289,"column":30}},{"start":{"line":289,"column":34},"end":{"line":289,"column":56}}],"line":289},"34":{"loc":{"start":{"line":295,"column":8},"end":{"line":298,"column":9}},"type":"if","locations":[{"start":{"line":295,"column":8},"end":{"line":298,"column":9}},{"start":{},"end":{}}],"line":295},"35":{"loc":{"start":{"line":295,"column":12},"end":{"line":295,"column":116}},"type":"binary-expr","locations":[{"start":{"line":295,"column":12},"end":{"line":295,"column":62}},{"start":{"line":295,"column":66},"end":{"line":295,"column":116}}],"line":295},"36":{"loc":{"start":{"line":300,"column":8},"end":{"line":314,"column":9}},"type":"if","locations":[{"start":{"line":300,"column":8},"end":{"line":314,"column":9}},{"start":{},"end":{}}],"line":300},"37":{"loc":{"start":{"line":303,"column":12},"end":{"line":306,"column":13}},"type":"if","locations":[{"start":{"line":303,"column":12},"end":{"line":306,"column":13}},{"start":{},"end":{}}],"line":303},"38":{"loc":{"start":{"line":308,"column":12},"end":{"line":311,"column":13}},"type":"if","locations":[{"start":{"line":308,"column":12},"end":{"line":311,"column":13}},{"start":{},"end":{}}],"line":308},"39":{"loc":{"start":{"line":316,"column":8},"end":{"line":330,"column":9}},"type":"if","locations":[{"start":{"line":316,"column":8},"end":{"line":330,"column":9}},{"start":{},"end":{}}],"line":316},"40":{"loc":{"start":{"line":319,"column":12},"end":{"line":322,"column":13}},"type":"if","locations":[{"start":{"line":319,"column":12},"end":{"line":322,"column":13}},{"start":{},"end":{}}],"line":319},"41":{"loc":{"start":{"line":324,"column":12},"end":{"line":327,"column":13}},"type":"if","locations":[{"start":{"line":324,"column":12},"end":{"line":327,"column":13}},{"start":{},"end":{}}],"line":324},"42":{"loc":{"start":{"line":332,"column":8},"end":{"line":334,"column":9}},"type":"if","locations":[{"start":{"line":332,"column":8},"end":{"line":334,"column":9}},{"start":{},"end":{}}],"line":332},"43":{"loc":{"start":{"line":332,"column":12},"end":{"line":332,"column":114}},"type":"binary-expr","locations":[{"start":{"line":332,"column":12},"end":{"line":332,"column":61}},{"start":{"line":332,"column":65},"end":{"line":332,"column":114}}],"line":332},"44":{"loc":{"start":{"line":337,"column":8},"end":{"line":367,"column":9}},"type":"if","locations":[{"start":{"line":337,"column":8},"end":{"line":367,"column":9}},{"start":{"line":350,"column":13},"end":{"line":367,"column":9}}],"line":337},"45":{"loc":{"start":{"line":337,"column":12},"end":{"line":337,"column":115}},"type":"binary-expr","locations":[{"start":{"line":337,"column":12},"end":{"line":337,"column":61}},{"start":{"line":337,"column":65},"end":{"line":337,"column":115}}],"line":337},"46":{"loc":{"start":{"line":340,"column":12},"end":{"line":345,"column":13}},"type":"if","locations":[{"start":{"line":340,"column":12},"end":{"line":345,"column":13}},{"start":{},"end":{}}],"line":340},"47":{"loc":{"start":{"line":340,"column":16},"end":{"line":341,"column":133}},"type":"binary-expr","locations":[{"start":{"line":340,"column":16},"end":{"line":340,"column":41}},{"start":{"line":341,"column":19},"end":{"line":341,"column":74}},{"start":{"line":341,"column":78},"end":{"line":341,"column":133}}],"line":340},"48":{"loc":{"start":{"line":350,"column":13},"end":{"line":367,"column":9}},"type":"if","locations":[{"start":{"line":350,"column":13},"end":{"line":367,"column":9}},{"start":{"line":363,"column":13},"end":{"line":367,"column":9}}],"line":350},"49":{"loc":{"start":{"line":350,"column":17},"end":{"line":350,"column":120}},"type":"binary-expr","locations":[{"start":{"line":350,"column":17},"end":{"line":350,"column":67}},{"start":{"line":350,"column":71},"end":{"line":350,"column":120}}],"line":350},"50":{"loc":{"start":{"line":353,"column":12},"end":{"line":358,"column":13}},"type":"if","locations":[{"start":{"line":353,"column":12},"end":{"line":358,"column":13}},{"start":{},"end":{}}],"line":353},"51":{"loc":{"start":{"line":353,"column":16},"end":{"line":354,"column":133}},"type":"binary-expr","locations":[{"start":{"line":353,"column":16},"end":{"line":353,"column":41}},{"start":{"line":354,"column":19},"end":{"line":354,"column":74}},{"start":{"line":354,"column":78},"end":{"line":354,"column":133}}],"line":353},"52":{"loc":{"start":{"line":363,"column":13},"end":{"line":367,"column":9}},"type":"if","locations":[{"start":{"line":363,"column":13},"end":{"line":367,"column":9}},{"start":{},"end":{}}],"line":363},"53":{"loc":{"start":{"line":363,"column":17},"end":{"line":363,"column":119}},"type":"binary-expr","locations":[{"start":{"line":363,"column":17},"end":{"line":363,"column":66}},{"start":{"line":363,"column":70},"end":{"line":363,"column":119}}],"line":363},"54":{"loc":{"start":{"line":370,"column":8},"end":{"line":374,"column":9}},"type":"if","locations":[{"start":{"line":370,"column":8},"end":{"line":374,"column":9}},{"start":{},"end":{}}],"line":370},"55":{"loc":{"start":{"line":390,"column":8},"end":{"line":392,"column":9}},"type":"if","locations":[{"start":{"line":390,"column":8},"end":{"line":392,"column":9}},{"start":{},"end":{}}],"line":390},"56":{"loc":{"start":{"line":390,"column":12},"end":{"line":390,"column":106}},"type":"binary-expr","locations":[{"start":{"line":390,"column":12},"end":{"line":390,"column":59}},{"start":{"line":390,"column":63},"end":{"line":390,"column":106}}],"line":390},"57":{"loc":{"start":{"line":404,"column":8},"end":{"line":406,"column":9}},"type":"if","locations":[{"start":{"line":404,"column":8},"end":{"line":406,"column":9}},{"start":{},"end":{}}],"line":404},"58":{"loc":{"start":{"line":408,"column":8},"end":{"line":411,"column":9}},"type":"if","locations":[{"start":{"line":408,"column":8},"end":{"line":411,"column":9}},{"start":{},"end":{}}],"line":408},"59":{"loc":{"start":{"line":420,"column":8},"end":{"line":423,"column":9}},"type":"if","locations":[{"start":{"line":420,"column":8},"end":{"line":423,"column":9}},{"start":{},"end":{}}],"line":420},"60":{"loc":{"start":{"line":425,"column":8},"end":{"line":428,"column":9}},"type":"if","locations":[{"start":{"line":425,"column":8},"end":{"line":428,"column":9}},{"start":{},"end":{}}],"line":425},"61":{"loc":{"start":{"line":425,"column":12},"end":{"line":425,"column":56}},"type":"binary-expr","locations":[{"start":{"line":425,"column":12},"end":{"line":425,"column":30}},{"start":{"line":425,"column":34},"end":{"line":425,"column":56}}],"line":425},"62":{"loc":{"start":{"line":456,"column":8},"end":{"line":459,"column":9}},"type":"if","locations":[{"start":{"line":456,"column":8},"end":{"line":459,"column":9}},{"start":{},"end":{}}],"line":456},"63":{"loc":{"start":{"line":461,"column":8},"end":{"line":464,"column":9}},"type":"if","locations":[{"start":{"line":461,"column":8},"end":{"line":464,"column":9}},{"start":{},"end":{}}],"line":461},"64":{"loc":{"start":{"line":461,"column":12},"end":{"line":461,"column":56}},"type":"binary-expr","locations":[{"start":{"line":461,"column":12},"end":{"line":461,"column":30}},{"start":{"line":461,"column":34},"end":{"line":461,"column":56}}],"line":461},"65":{"loc":{"start":{"line":466,"column":8},"end":{"line":475,"column":9}},"type":"if","locations":[{"start":{"line":466,"column":8},"end":{"line":475,"column":9}},{"start":{},"end":{}}],"line":466},"66":{"loc":{"start":{"line":468,"column":12},"end":{"line":474,"column":13}},"type":"if","locations":[{"start":{"line":468,"column":12},"end":{"line":474,"column":13}},{"start":{},"end":{}}],"line":468},"67":{"loc":{"start":{"line":469,"column":16},"end":{"line":473,"column":17}},"type":"if","locations":[{"start":{"line":469,"column":16},"end":{"line":473,"column":17}},{"start":{"line":471,"column":23},"end":{"line":473,"column":17}}],"line":469},"68":{"loc":{"start":{"line":479,"column":8},"end":{"line":492,"column":9}},"type":"if","locations":[{"start":{"line":479,"column":8},"end":{"line":492,"column":9}},{"start":{"line":484,"column":13},"end":{"line":492,"column":9}}],"line":479},"69":{"loc":{"start":{"line":479,"column":12},"end":{"line":479,"column":125}},"type":"binary-expr","locations":[{"start":{"line":479,"column":12},"end":{"line":479,"column":66}},{"start":{"line":479,"column":70},"end":{"line":479,"column":125}}],"line":479},"70":{"loc":{"start":{"line":484,"column":13},"end":{"line":492,"column":9}},"type":"if","locations":[{"start":{"line":484,"column":13},"end":{"line":492,"column":9}},{"start":{"line":489,"column":13},"end":{"line":492,"column":9}}],"line":484},"71":{"loc":{"start":{"line":484,"column":17},"end":{"line":484,"column":130}},"type":"binary-expr","locations":[{"start":{"line":484,"column":17},"end":{"line":484,"column":72}},{"start":{"line":484,"column":76},"end":{"line":484,"column":130}}],"line":484},"72":{"loc":{"start":{"line":489,"column":13},"end":{"line":492,"column":9}},"type":"if","locations":[{"start":{"line":489,"column":13},"end":{"line":492,"column":9}},{"start":{},"end":{}}],"line":489},"73":{"loc":{"start":{"line":489,"column":17},"end":{"line":489,"column":129}},"type":"binary-expr","locations":[{"start":{"line":489,"column":17},"end":{"line":489,"column":71}},{"start":{"line":489,"column":75},"end":{"line":489,"column":129}}],"line":489},"74":{"loc":{"start":{"line":494,"column":8},"end":{"line":501,"column":9}},"type":"if","locations":[{"start":{"line":494,"column":8},"end":{"line":501,"column":9}},{"start":{},"end":{}}],"line":494},"75":{"loc":{"start":{"line":494,"column":12},"end":{"line":495,"column":69}},"type":"binary-expr","locations":[{"start":{"line":494,"column":12},"end":{"line":494,"column":66}},{"start":{"line":495,"column":15},"end":{"line":495,"column":69}}],"line":494},"76":{"loc":{"start":{"line":496,"column":12},"end":{"line":500,"column":13}},"type":"if","locations":[{"start":{"line":496,"column":12},"end":{"line":500,"column":13}},{"start":{},"end":{}}],"line":496},"77":{"loc":{"start":{"line":503,"column":8},"end":{"line":517,"column":9}},"type":"if","locations":[{"start":{"line":503,"column":8},"end":{"line":517,"column":9}},{"start":{},"end":{}}],"line":503},"78":{"loc":{"start":{"line":507,"column":12},"end":{"line":516,"column":13}},"type":"if","locations":[{"start":{"line":507,"column":12},"end":{"line":516,"column":13}},{"start":{},"end":{}}],"line":507},"79":{"loc":{"start":{"line":507,"column":16},"end":{"line":507,"column":66}},"type":"binary-expr","locations":[{"start":{"line":507,"column":16},"end":{"line":507,"column":41}},{"start":{"line":507,"column":45},"end":{"line":507,"column":66}}],"line":507},"80":{"loc":{"start":{"line":511,"column":16},"end":{"line":515,"column":17}},"type":"if","locations":[{"start":{"line":511,"column":16},"end":{"line":515,"column":17}},{"start":{"line":513,"column":23},"end":{"line":515,"column":17}}],"line":511},"81":{"loc":{"start":{"line":541,"column":12},"end":{"line":547,"column":13}},"type":"if","locations":[{"start":{"line":541,"column":12},"end":{"line":547,"column":13}},{"start":{"line":544,"column":19},"end":{"line":547,"column":13}}],"line":541},"82":{"loc":{"start":{"line":572,"column":8},"end":{"line":574,"column":9}},"type":"if","locations":[{"start":{"line":572,"column":8},"end":{"line":574,"column":9}},{"start":{},"end":{}}],"line":572},"83":{"loc":{"start":{"line":577,"column":8},"end":{"line":579,"column":9}},"type":"if","locations":[{"start":{"line":577,"column":8},"end":{"line":579,"column":9}},{"start":{},"end":{}}],"line":577},"84":{"loc":{"start":{"line":582,"column":8},"end":{"line":584,"column":9}},"type":"if","locations":[{"start":{"line":582,"column":8},"end":{"line":584,"column":9}},{"start":{},"end":{}}],"line":582},"85":{"loc":{"start":{"line":582,"column":12},"end":{"line":582,"column":138}},"type":"binary-expr","locations":[{"start":{"line":582,"column":12},"end":{"line":582,"column":38}},{"start":{"line":582,"column":42},"end":{"line":582,"column":72}},{"start":{"line":582,"column":76},"end":{"line":582,"column":103}},{"start":{"line":582,"column":107},"end":{"line":582,"column":138}}],"line":582},"86":{"loc":{"start":{"line":586,"column":8},"end":{"line":588,"column":9}},"type":"if","locations":[{"start":{"line":586,"column":8},"end":{"line":588,"column":9}},{"start":{},"end":{}}],"line":586},"87":{"loc":{"start":{"line":590,"column":8},"end":{"line":592,"column":9}},"type":"if","locations":[{"start":{"line":590,"column":8},"end":{"line":592,"column":9}},{"start":{},"end":{}}],"line":590},"88":{"loc":{"start":{"line":595,"column":8},"end":{"line":706,"column":9}},"type":"if","locations":[{"start":{"line":595,"column":8},"end":{"line":706,"column":9}},{"start":{"line":649,"column":13},"end":{"line":706,"column":9}}],"line":595},"89":{"loc":{"start":{"line":598,"column":12},"end":{"line":646,"column":13}},"type":"if","locations":[{"start":{"line":598,"column":12},"end":{"line":646,"column":13}},{"start":{"line":623,"column":17},"end":{"line":646,"column":13}}],"line":598},"90":{"loc":{"start":{"line":600,"column":16},"end":{"line":603,"column":17}},"type":"if","locations":[{"start":{"line":600,"column":16},"end":{"line":603,"column":17}},{"start":{},"end":{}}],"line":600},"91":{"loc":{"start":{"line":605,"column":16},"end":{"line":619,"column":17}},"type":"if","locations":[{"start":{"line":605,"column":16},"end":{"line":619,"column":17}},{"start":{},"end":{}}],"line":605},"92":{"loc":{"start":{"line":609,"column":20},"end":{"line":611,"column":21}},"type":"if","locations":[{"start":{"line":609,"column":20},"end":{"line":611,"column":21}},{"start":{},"end":{}}],"line":609},"93":{"loc":{"start":{"line":623,"column":17},"end":{"line":646,"column":13}},"type":"if","locations":[{"start":{"line":623,"column":17},"end":{"line":646,"column":13}},{"start":{},"end":{}}],"line":623},"94":{"loc":{"start":{"line":625,"column":16},"end":{"line":628,"column":17}},"type":"if","locations":[{"start":{"line":625,"column":16},"end":{"line":628,"column":17}},{"start":{},"end":{}}],"line":625},"95":{"loc":{"start":{"line":630,"column":16},"end":{"line":644,"column":17}},"type":"if","locations":[{"start":{"line":630,"column":16},"end":{"line":644,"column":17}},{"start":{},"end":{}}],"line":630},"96":{"loc":{"start":{"line":634,"column":20},"end":{"line":636,"column":21}},"type":"if","locations":[{"start":{"line":634,"column":20},"end":{"line":636,"column":21}},{"start":{},"end":{}}],"line":634},"97":{"loc":{"start":{"line":649,"column":13},"end":{"line":706,"column":9}},"type":"if","locations":[{"start":{"line":649,"column":13},"end":{"line":706,"column":9}},{"start":{"line":665,"column":13},"end":{"line":706,"column":9}}],"line":649},"98":{"loc":{"start":{"line":652,"column":12},"end":{"line":655,"column":13}},"type":"if","locations":[{"start":{"line":652,"column":12},"end":{"line":655,"column":13}},{"start":{},"end":{}}],"line":652},"99":{"loc":{"start":{"line":656,"column":12},"end":{"line":660,"column":13}},"type":"if","locations":[{"start":{"line":656,"column":12},"end":{"line":660,"column":13}},{"start":{"line":658,"column":19},"end":{"line":660,"column":13}}],"line":656},"100":{"loc":{"start":{"line":658,"column":19},"end":{"line":660,"column":13}},"type":"if","locations":[{"start":{"line":658,"column":19},"end":{"line":660,"column":13}},{"start":{},"end":{}}],"line":658},"101":{"loc":{"start":{"line":665,"column":13},"end":{"line":706,"column":9}},"type":"if","locations":[{"start":{"line":665,"column":13},"end":{"line":706,"column":9}},{"start":{},"end":{}}],"line":665},"102":{"loc":{"start":{"line":668,"column":12},"end":{"line":670,"column":13}},"type":"if","locations":[{"start":{"line":668,"column":12},"end":{"line":670,"column":13}},{"start":{},"end":{}}],"line":668},"103":{"loc":{"start":{"line":673,"column":12},"end":{"line":703,"column":13}},"type":"if","locations":[{"start":{"line":673,"column":12},"end":{"line":703,"column":13}},{"start":{"line":689,"column":17},"end":{"line":703,"column":13}}],"line":673},"104":{"loc":{"start":{"line":678,"column":16},"end":{"line":680,"column":17}},"type":"if","locations":[{"start":{"line":678,"column":16},"end":{"line":680,"column":17}},{"start":{},"end":{}}],"line":678},"105":{"loc":{"start":{"line":689,"column":17},"end":{"line":703,"column":13}},"type":"if","locations":[{"start":{"line":689,"column":17},"end":{"line":703,"column":13}},{"start":{},"end":{}}],"line":689},"106":{"loc":{"start":{"line":694,"column":16},"end":{"line":696,"column":17}},"type":"if","locations":[{"start":{"line":694,"column":16},"end":{"line":696,"column":17}},{"start":{},"end":{}}],"line":694},"107":{"loc":{"start":{"line":727,"column":8},"end":{"line":729,"column":9}},"type":"if","locations":[{"start":{"line":727,"column":8},"end":{"line":729,"column":9}},{"start":{},"end":{}}],"line":727},"108":{"loc":{"start":{"line":732,"column":8},"end":{"line":734,"column":9}},"type":"if","locations":[{"start":{"line":732,"column":8},"end":{"line":734,"column":9}},{"start":{},"end":{}}],"line":732},"109":{"loc":{"start":{"line":732,"column":12},"end":{"line":732,"column":56}},"type":"binary-expr","locations":[{"start":{"line":732,"column":12},"end":{"line":732,"column":30}},{"start":{"line":732,"column":34},"end":{"line":732,"column":56}}],"line":732},"110":{"loc":{"start":{"line":739,"column":8},"end":{"line":794,"column":9}},"type":"if","locations":[{"start":{"line":739,"column":8},"end":{"line":794,"column":9}},{"start":{"line":788,"column":13},"end":{"line":794,"column":9}}],"line":739},"111":{"loc":{"start":{"line":739,"column":12},"end":{"line":739,"column":126}},"type":"binary-expr","locations":[{"start":{"line":739,"column":12},"end":{"line":739,"column":67}},{"start":{"line":739,"column":71},"end":{"line":739,"column":126}}],"line":739},"112":{"loc":{"start":{"line":747,"column":12},"end":{"line":754,"column":13}},"type":"if","locations":[{"start":{"line":747,"column":12},"end":{"line":754,"column":13}},{"start":{"line":751,"column":19},"end":{"line":754,"column":13}}],"line":747},"113":{"loc":{"start":{"line":747,"column":16},"end":{"line":747,"column":66}},"type":"binary-expr","locations":[{"start":{"line":747,"column":16},"end":{"line":747,"column":39}},{"start":{"line":747,"column":43},"end":{"line":747,"column":66}}],"line":747},"114":{"loc":{"start":{"line":751,"column":19},"end":{"line":754,"column":13}},"type":"if","locations":[{"start":{"line":751,"column":19},"end":{"line":754,"column":13}},{"start":{},"end":{}}],"line":751},"115":{"loc":{"start":{"line":751,"column":23},"end":{"line":751,"column":73}},"type":"binary-expr","locations":[{"start":{"line":751,"column":23},"end":{"line":751,"column":46}},{"start":{"line":751,"column":50},"end":{"line":751,"column":73}}],"line":751},"116":{"loc":{"start":{"line":757,"column":12},"end":{"line":761,"column":13}},"type":"if","locations":[{"start":{"line":757,"column":12},"end":{"line":761,"column":13}},{"start":{},"end":{}}],"line":757},"117":{"loc":{"start":{"line":760,"column":67},"end":{"line":760,"column":114}},"type":"cond-expr","locations":[{"start":{"line":760,"column":92},"end":{"line":760,"column":108}},{"start":{"line":760,"column":111},"end":{"line":760,"column":114}}],"line":760},"118":{"loc":{"start":{"line":765,"column":12},"end":{"line":785,"column":13}},"type":"if","locations":[{"start":{"line":765,"column":12},"end":{"line":785,"column":13}},{"start":{"line":776,"column":17},"end":{"line":785,"column":13}}],"line":765},"119":{"loc":{"start":{"line":767,"column":16},"end":{"line":773,"column":17}},"type":"if","locations":[{"start":{"line":767,"column":16},"end":{"line":773,"column":17}},{"start":{},"end":{}}],"line":767},"120":{"loc":{"start":{"line":776,"column":17},"end":{"line":785,"column":13}},"type":"if","locations":[{"start":{"line":776,"column":17},"end":{"line":785,"column":13}},{"start":{},"end":{}}],"line":776},"121":{"loc":{"start":{"line":778,"column":16},"end":{"line":784,"column":17}},"type":"if","locations":[{"start":{"line":778,"column":16},"end":{"line":784,"column":17}},{"start":{},"end":{}}],"line":778},"122":{"loc":{"start":{"line":791,"column":12},"end":{"line":793,"column":13}},"type":"if","locations":[{"start":{"line":791,"column":12},"end":{"line":793,"column":13}},{"start":{},"end":{}}],"line":791},"123":{"loc":{"start":{"line":820,"column":8},"end":{"line":822,"column":9}},"type":"if","locations":[{"start":{"line":820,"column":8},"end":{"line":822,"column":9}},{"start":{},"end":{}}],"line":820},"124":{"loc":{"start":{"line":826,"column":8},"end":{"line":829,"column":9}},"type":"if","locations":[{"start":{"line":826,"column":8},"end":{"line":829,"column":9}},{"start":{},"end":{}}],"line":826},"125":{"loc":{"start":{"line":826,"column":12},"end":{"line":826,"column":108}},"type":"binary-expr","locations":[{"start":{"line":826,"column":12},"end":{"line":826,"column":31}},{"start":{"line":826,"column":35},"end":{"line":826,"column":58}},{"start":{"line":826,"column":62},"end":{"line":826,"column":81}},{"start":{"line":826,"column":85},"end":{"line":826,"column":108}}],"line":826},"126":{"loc":{"start":{"line":831,"column":8},"end":{"line":834,"column":9}},"type":"if","locations":[{"start":{"line":831,"column":8},"end":{"line":834,"column":9}},{"start":{},"end":{}}],"line":831},"127":{"loc":{"start":{"line":836,"column":8},"end":{"line":839,"column":9}},"type":"if","locations":[{"start":{"line":836,"column":8},"end":{"line":839,"column":9}},{"start":{},"end":{}}],"line":836},"128":{"loc":{"start":{"line":841,"column":8},"end":{"line":844,"column":9}},"type":"if","locations":[{"start":{"line":841,"column":8},"end":{"line":844,"column":9}},{"start":{},"end":{}}],"line":841},"129":{"loc":{"start":{"line":846,"column":8},"end":{"line":849,"column":9}},"type":"if","locations":[{"start":{"line":846,"column":8},"end":{"line":849,"column":9}},{"start":{},"end":{}}],"line":846},"130":{"loc":{"start":{"line":846,"column":12},"end":{"line":846,"column":76}},"type":"binary-expr","locations":[{"start":{"line":846,"column":12},"end":{"line":846,"column":42}},{"start":{"line":846,"column":46},"end":{"line":846,"column":76}}],"line":846},"131":{"loc":{"start":{"line":851,"column":8},"end":{"line":855,"column":9}},"type":"if","locations":[{"start":{"line":851,"column":8},"end":{"line":855,"column":9}},{"start":{},"end":{}}],"line":851},"132":{"loc":{"start":{"line":851,"column":12},"end":{"line":852,"column":131}},"type":"binary-expr","locations":[{"start":{"line":851,"column":12},"end":{"line":851,"column":68}},{"start":{"line":851,"column":72},"end":{"line":851,"column":128}},{"start":{"line":852,"column":15},"end":{"line":852,"column":71}},{"start":{"line":852,"column":75},"end":{"line":852,"column":131}}],"line":851},"133":{"loc":{"start":{"line":863,"column":8},"end":{"line":962,"column":9}},"type":"if","locations":[{"start":{"line":863,"column":8},"end":{"line":962,"column":9}},{"start":{"line":913,"column":15},"end":{"line":962,"column":9}}],"line":863},"134":{"loc":{"start":{"line":869,"column":12},"end":{"line":872,"column":13}},"type":"if","locations":[{"start":{"line":869,"column":12},"end":{"line":872,"column":13}},{"start":{},"end":{}}],"line":869},"135":{"loc":{"start":{"line":869,"column":16},"end":{"line":869,"column":40}},"type":"binary-expr","locations":[{"start":{"line":869,"column":16},"end":{"line":869,"column":26}},{"start":{"line":869,"column":30},"end":{"line":869,"column":40}}],"line":869},"136":{"loc":{"start":{"line":874,"column":12},"end":{"line":912,"column":13}},"type":"if","locations":[{"start":{"line":874,"column":12},"end":{"line":912,"column":13}},{"start":{"line":893,"column":19},"end":{"line":912,"column":13}}],"line":874},"137":{"loc":{"start":{"line":877,"column":16},"end":{"line":877,"column":107}},"type":"if","locations":[{"start":{"line":877,"column":16},"end":{"line":877,"column":107}},{"start":{},"end":{}}],"line":877},"138":{"loc":{"start":{"line":885,"column":16},"end":{"line":889,"column":17}},"type":"if","locations":[{"start":{"line":885,"column":16},"end":{"line":889,"column":17}},{"start":{},"end":{}}],"line":885},"139":{"loc":{"start":{"line":888,"column":71},"end":{"line":888,"column":118}},"type":"cond-expr","locations":[{"start":{"line":888,"column":96},"end":{"line":888,"column":112}},{"start":{"line":888,"column":115},"end":{"line":888,"column":118}}],"line":888},"140":{"loc":{"start":{"line":893,"column":19},"end":{"line":912,"column":13}},"type":"if","locations":[{"start":{"line":893,"column":19},"end":{"line":912,"column":13}},{"start":{},"end":{}}],"line":893},"141":{"loc":{"start":{"line":896,"column":16},"end":{"line":896,"column":107}},"type":"if","locations":[{"start":{"line":896,"column":16},"end":{"line":896,"column":107}},{"start":{},"end":{}}],"line":896},"142":{"loc":{"start":{"line":904,"column":16},"end":{"line":908,"column":17}},"type":"if","locations":[{"start":{"line":904,"column":16},"end":{"line":908,"column":17}},{"start":{},"end":{}}],"line":904},"143":{"loc":{"start":{"line":907,"column":71},"end":{"line":907,"column":118}},"type":"cond-expr","locations":[{"start":{"line":907,"column":96},"end":{"line":907,"column":112}},{"start":{"line":907,"column":115},"end":{"line":907,"column":118}}],"line":907},"144":{"loc":{"start":{"line":913,"column":15},"end":{"line":962,"column":9}},"type":"if","locations":[{"start":{"line":913,"column":15},"end":
[...]
{"line":751,"column":67}}],"line":751},"79":{"loc":{"start":{"line":753,"column":20},"end":{"line":755,"column":21}},"type":"if","locations":[{"start":{"line":753,"column":20},"end":{"line":755,"column":21}},{"start":{},"end":{}}],"line":753},"80":{"loc":{"start":{"line":758,"column":16},"end":{"line":763,"column":17}},"type":"if","locations":[{"start":{"line":758,"column":16},"end":{"line":763,"column":17}},{"start":{},"end":{}}],"line":758},"81":{"loc":{"start":{"line":758,"column":20},"end":{"line":758,"column":67}},"type":"binary-expr","locations":[{"start":{"line":758,"column":20},"end":{"line":758,"column":43}},{"start":{"line":758,"column":47},"end":{"line":758,"column":67}}],"line":758},"82":{"loc":{"start":{"line":760,"column":20},"end":{"line":762,"column":21}},"type":"if","locations":[{"start":{"line":760,"column":20},"end":{"line":762,"column":21}},{"start":{},"end":{}}],"line":760},"83":{"loc":{"start":{"line":767,"column":12},"end":{"line":771,"column":13}},"type":"if","locations":[{"start":{"line":767,"column":12},"end":{"line":771,"column":13}},{"start":{"line":769,"column":19},"end":{"line":771,"column":13}}],"line":767},"84":{"loc":{"start":{"line":779,"column":24},"end":{"line":779,"column":61}},"type":"cond-expr","locations":[{"start":{"line":779,"column":44},"end":{"line":779,"column":50}},{"start":{"line":779,"column":53},"end":{"line":779,"column":61}}],"line":779},"85":{"loc":{"start":{"line":810,"column":12},"end":{"line":814,"column":13}},"type":"if","locations":[{"start":{"line":810,"column":12},"end":{"line":814,"column":13}},{"start":{"line":812,"column":19},"end":{"line":814,"column":13}}],"line":810},"86":{"loc":{"start":{"line":825,"column":8},"end":{"line":829,"column":9}},"type":"if","locations":[{"start":{"line":825,"column":8},"end":{"line":829,"column":9}},{"start":{"line":827,"column":15},"end":{"line":829,"column":9}}],"line":825}},"s":{"0":1,"1":1,"2":0,"3":0,"4":0,"5":0,"6":0,"7":0,"8":0,"9":0,"10":0,"11":0,"12":0,"13":0,"14":0,"15":0,"16":0,"17":0,"18":0,"19":0,"20":0,"21":0,"22":0,"23":0,"24":0,"25":0,"26":0,"27":0,"28":0,"29":0,"30":0,"31":0,"32":0,"33":0,"34":0,"35":0,"36":0,"37":0,"38":0,"39":0,"40":0,"41":0,"42":0,"43":0,"44":0,"45":0,"46":0,"47":0,"48":0,"49":0,"50":0,"51":0,"52":0,"53":0,"54":0,"55":0,"56":0,"57":0,"58":0,"59":0,"60":0,"61":0,"62":0,"63":0,"64":0,"65":0,"66":0,"67":0,"68":0,"69":0,"70":0,"71":0,"72":0,"73":0,"74":0,"75":0,"76":0,"77":0,"78":0,"79":0,"80":0,"81":0,"82":0,"83":0,"84":0,"85":0,"86":0,"87":0,"88":0,"89":0,"90":0,"91":0,"92":0,"93":0,"94":0,"95":0,"96":0,"97":0,"98":0,"99":0,"100":0,"101":0,"102":0,"103":0,"104":0,"105":0,"106":0,"107":0,"108":0,"109":0,"110":0,"111":0,"112":0,"113":0,"114":0,"115":0,"116":0,"117":0,"118":0,"119":0,"120":0,"121":0,"122":0,"123":0,"124":0,"125":0,"126":0,"127":0,"128":0,"129":0,"130":0,"131":0,"132":0,"133":0,"134":0,"135":0,"136":0,"137":0,"138":0,"139":0,"140":0,"141":0,"142":0,"143":0,"144":0,"145":0,"146":0,"147":0,"148":0,"149":0,"150":0,"151":0,"152":0,"153":0,"154":0,"155":0,"156":0,"157":0,"158":0,"159":0,"160":0,"161":0,"162":0,"163":0,"164":0,"165":0,"166":0,"167":0,"168":0,"169":0,"170":0,"171":0,"172":0,"173":0,"174":0,"175":0,"176":0,"177":0,"178":0,"179":0,"180":0,"181":0,"182":0,"183":0,"184":0,"185":0,"186":0,"187":0,"188":0,"189":0,"190":0,"191":0,"192":0,"193":0,"194":0,"195":0,"196":0,"197":0,"198":0,"199":0,"200":0,"201":0,"202":0,"203":0,"204":0,"205":0,"206":0,"207":0,"208":0,"209":0,"210":0,"211":0,"212":0,"213":0,"214":0,"215":0,"216":0,"217":0,"218":0,"219":0,"220":0,"221":0,"222":0,"223":0,"224":0,"225":0,"226":0,"227":0,"228":0,"229":0,"230":0,"231":0,"232":0,"233":0,"234":0,"235":0,"236":0,"237":0,"238":0,"239":0,"240":0,"241":0,"242":0,"243":0,"244":0,"245":0,"246":0,"247":0,"248":0,"249":0,"250":0,"251":0,"252":0,"253":0,"254":0,"255":0,"256":0,"257":0,"258":0,"259":0,"260":0,"261":0,"262":0,"263":0,"264":0,"265":0,"266":0,"267":0,"268":0,"269":0,"270":0,"271":0,"272":0,"273":0,"274":0,"275":0,"276":0,"277":0,"278":0,"279":0,"280":0,"281":0,"282":0,"283":0,"284":0,"285":0,"286":0,"287":0,"288":0,"289":0,"290":0,"291":0,"292":0,"293":0,"294":0,"295":0,"296":0,"297":0,"298":0,"299":0,"300":0,"301":0,"302":0,"303":0,"304":0,"305":0,"306":0,"307":0,"308":0,"309":0,"310":0,"311":0,"312":0,"313":0,"314":0,"315":0,"316":0,"317":0,"318":0,"319":0,"320":0,"321":0,"322":0,"323":0,"324":0,"325":0,"326":0,"327":0,"328":0,"329":0,"330":0,"331":0,"332":0,"333":0,"334":0,"335":0,"336":0,"337":0,"338":0,"339":0,"340":0,"341":0,"342":0,"343":0,"344":0,"345":0,"346":0,"347":0,"348":0,"349":0,"350":0,"351":0,"352":0,"353":0,"354":0,"355":0,"356":0,"357":0,"358":0,"359":0,"360":0,"361":0,"362":0,"363":0,"364":0,"365":0,"366":0,"367":0,"368":0,"369":0,"370":0,"371":0,"372":0,"373":0,"374":0,"375":0,"376":0,"377":0,"378":0,"379":0,"380":0,"381":0,"382":0,"383":0,"384":0,"385":0,"386":0,"387":0,"388":0,"389":0,"390":0,"391":0,"392":0,"393":0,"394":0,"395":0,"396":0,"397":0,"398":0,"399":0,"400":0,"401":0,"402":0,"403":0,"404":0,"405":0,"406":0,"407":0,"408":0,"409":0,"410":0,"411":0,"412":0,"413":0,"414":0,"415":0,"416":0,"417":0,"418":0,"419":0,"420":1},"f":{"0":0,"1":0,"2":0,"3":0,"4":0,"5":0,"6":0,"7":0,"8":0,"9":0,"10":0,"11":0,"12":0,"13":0,"14":0,"15":0,"16":0,"17":0,"18":0,"19":0,"20":0,"21":0,"22":0,"23":0,"24":0,"25":0,"26":0,"27":0,"28":0,"29":0,"30":0,"31":0,"32":0,"33":0,"34":0,"35":0,"36":0,"37":0,"38":0,"39":0,"40":0,"41":0,"42":0,"43":0,"44":0,"45":0,"46":0,"47":0,"48":0,"49":0,"50":0,"51":0,"52":0,"53":0,"54":0,"55":0,"56":0,"57":0,"58":0,"59":0,"60":0,"61":0,"62":0,"63":0,"64":0,"65":0,"66":0,"67":0,"68":0,"69":0,"70":0,"71":0,"72":0,"73":0,"74":0,"75":0,"76":0,"77":0,"78":0,"79":0,"80":0,"81":0,"82":0,"83":0,"84":0,"85":0,"86":0,"87":0,"88":0,"89":0,"90":0,"91":0,"92":0,"93":0,"94":0,"95":0,"96":0,"97":0,"98":0,"99":0,"100":0,"101":0,"102":0,"103":0,"104":0,"105":0,"106":0,"107":0,"108":0,"109":0,"110":0,"111":0,"112":0,"113":0,"114":0,"115":0,"116":0,"117":0,"118":0,"119":0,"120":0,"121":0,"122":0,"123":0,"124":0,"125":0,"126":0},"b":{"0":[0,0],"1":[0,0],"2":[0,0],"3":[0,0],"4":[0,0],"5":[0,0],"6":[0,0],"7":[0,0],"8":[0,0],"9":[0,0],"10":[0,0],"11":[0,0],"12":[0,0],"13":[0,0],"14":[0,0],"15":[0,0],"16":[0,0],"17":[0,0],"18":[0,0,0],"19":[0,0],"20":[0,0],"21":[0,0],"22":[0,0],"23":[0,0],"24":[0,0],"25":[0,0],"26":[0,0],"27":[0,0],"28":[0,0],"29":[0,0],"30":[0,0],"31":[0,0],"32":[0,0],"33":[0,0],"34":[0,0],"35":[0,0],"36":[0,0],"37":[0,0],"38":[0,0],"39":[0,0],"40":[0,0],"41":[0,0],"42":[0,0],"43":[0,0],"44":[0,0],"45":[0,0],"46":[0,0],"47":[0,0],"48":[0,0],"49":[0,0],"50":[0,0],"51":[0,0],"52":[0,0],"53":[0,0],"54":[0,0],"55":[0,0],"56":[0,0],"57":[0,0],"58":[0,0],"59":[0,0],"60":[0,0],"61":[0,0],"62":[0],"63":[0],"64":[0,0],"65":[0,0],"66":[0,0],"67":[0,0],"68":[0,0],"69":[0,0],"70":[0,0],"71":[0,0],"72":[0,0],"73":[0,0],"74":[0,0],"75":[0,0],"76":[0,0],"77":[0,0],"78":[0,0],"79":[0,0],"80":[0,0],"81":[0,0],"82":[0,0],"83":[0,0],"84":[0,0],"85":[0,0],"86":[0,0]},"_coverageSchema":"1a1c01bbd47fc00a2c39e90264f33305004495a9","hash":"43a3cae5f6e727d07cb01f7598d3e37c2a2b4f39"}
,"D:\\Study\\Capstone Project\\Genealogy\\back-end\\service\\InformationGenealogy\\GeneralInformation.js": {"path":"D:\\Study\\Capstone Project\\Genealogy\\back-end\\service\\InformationGenealogy\\GeneralInformation.js","statementMap":{"0":{"start":{"line":1,"column":11},"end":{"line":1,"column":44}},"1":{"start":{"line":4,"column":4},"end":{"line":14,"column":6}},"2":{"start":{"line":5,"column":20},"end":{"line":5,"column":73}},"3":{"start":{"line":6,"column":8},"end":{"line":13,"column":10}},"4":{"start":{"line":7,"column":12},"end":{"line":12,"column":13}},"5":{"start":{"line":8,"column":16},"end":{"line":8,"column":33}},"6":{"start":{"line":9,"column":16},"end":{"line":9,"column":27}},"7":{"start":{"line":11,"column":16},"end":{"line":11,"column":31}},"8":{"start":{"line":20,"column":4},"end":{"line":30,"column":6}},"9":{"start":{"line":21,"column":20},"end":{"line":21,"column":77}},"10":{"start":{"line":22,"column":8},"end":{"line":29,"column":10}},"11":{"start":{"line":23,"column":12},"end":{"line":28,"column":13}},"12":{"start":{"line":24,"column":16},"end":{"line":24,"column":33}},"13":{"start":{"line":25,"column":16},"end":{"line":25,"column":27}},"14":{"start":{"line":27,"column":16},"end":{"line":27,"column":31}},"15":{"start":{"line":34,"column":16},"end":{"line":34,"column":123}},"16":{"start":{"line":35,"column":17},"end":{"line":41,"column":5}},"17":{"start":{"line":43,"column":4},"end":{"line":49,"column":6}},"18":{"start":{"line":44,"column":8},"end":{"line":48,"column":9}},"19":{"start":{"line":45,"column":12},"end":{"line":45,"column":29}},"20":{"start":{"line":47,"column":12},"end":{"line":47,"column":46}},"21":{"start":{"line":54,"column":0},"end":{"line":56,"column":1}}},"fnMap":{"0":{"name":"GeneralInformation","decl":{"start":{"line":3,"column":9},"end":{"line":3,"column":27}},"loc":{"start":{"line":3,"column":36},"end":{"line":15,"column":1}},"line":3},"1":{"name":"(anonymous_1)","decl":{"start":{"line":4,"column":23},"end":{"line":4,"column":24}},"loc":{"start":{"line":4,"column":44},"end":{"line":14,"column":5}},"line":4},"2":{"name":"(anonymous_2)","decl":{"start":{"line":6,"column":35},"end":{"line":6,"column":36}},"loc":{"start":{"line":6,"column":52},"end":{"line":13,"column":9}},"line":6},"3":{"name":"GetInformationMember","decl":{"start":{"line":19,"column":9},"end":{"line":19,"column":29}},"loc":{"start":{"line":19,"column":40},"end":{"line":31,"column":1}},"line":19},"4":{"name":"(anonymous_4)","decl":{"start":{"line":20,"column":23},"end":{"line":20,"column":24}},"loc":{"start":{"line":20,"column":44},"end":{"line":30,"column":5}},"line":20},"5":{"name":"(anonymous_5)","decl":{"start":{"line":22,"column":35},"end":{"line":22,"column":36}},"loc":{"start":{"line":22,"column":52},"end":{"line":29,"column":9}},"line":22},"6":{"name":"UpdateGeneralInformation","decl":{"start":{"line":33,"column":15},"end":{"line":33,"column":39}},"loc":{"start":{"line":33,"column":49},"end":{"line":50,"column":1}},"line":33},"7":{"name":"(anonymous_7)","decl":{"start":{"line":43,"column":39},"end":{"line":43,"column":40}},"loc":{"start":{"line":43,"column":56},"end":{"line":49,"column":5}},"line":43}},"branchMap":{"0":{"loc":{"start":{"line":7,"column":12},"end":{"line":12,"column":13}},"type":"if","locations":[{"start":{"line":7,"column":12},"end":{"line":12,"column":13}},{"start":{"line":10,"column":19},"end":{"line":12,"column":13}}],"line":7},"1":{"loc":{"start":{"line":23,"column":12},"end":{"line":28,"column":13}},"type":"if","locations":[{"start":{"line":23,"column":12},"end":{"line":28,"column":13}},{"start":{"line":26,"column":19},"end":{"line":28,"column":13}}],"line":23},"2":{"loc":{"start":{"line":44,"column":8},"end":{"line":48,"column":9}},"type":"if","locations":[{"start":{"line":44,"column":8},"end":{"line":48,"column":9}},{"start":{"line":46,"column":15},"end":{"line":48,"column":9}}],"line":44}},"s":{"0":1,"1":0,"2":0,"3":0,"4":0,"5":0,"6":0,"7":0,"8":0,"9":0,"10":0,"11":0,"12":0,"13":0,"14":0,"15":0,"16":0,"17":0,"18":0,"19":0,"20":0,"21":1},"f":{"0":0,"1":0,"2":0,"3":0,"4":0,"5":0,"6":0,"7":0},"b":{"0":[0,0],"1":[0,0],"2":[0,0]},"_coverageSchema":"1a1c01bbd47fc00a2c39e90264f33305004495a9","hash":"d90be18e4df713c9c8db1aaa5f3d6678c66e6e7d"}
,"D:\\Study\\Capstone Project\\Genealogy\\back-end\\service\\InformationGenealogy\\ManagementFamilyHead.js": {"path":"D:\\Study\\Capstone Project\\Genealogy\\back-end\\service\\InformationGenealogy\\ManagementFamilyHead.js","statementMap":{"0":{"start":{"line":1,"column":11},"end":{"line":1,"column":44}},"1":{"start":{"line":4,"column":4},"end":{"line":17,"column":6}},"2":{"start":{"line":5,"column":20},"end":{"line":8,"column":48}},"3":{"start":{"line":9,"column":8},"end":{"line":16,"column":10}},"4":{"start":{"line":10,"column":12},"end":{"line":15,"column":13}},"5":{"start":{"line":11,"column":16},"end":{"line":11,"column":32}},"6":{"start":{"line":12,"column":16},"end":{"line":12,"column":27}},"7":{"start":{"line":14,"column":16},"end":{"line":14,"column":31}},"8":{"start":{"line":20,"column":4},"end":{"line":33,"column":6}},"9":{"start":{"line":21,"column":20},"end":{"line":24,"column":96}},"10":{"start":{"line":25,"column":8},"end":{"line":32,"column":10}},"11":{"start":{"line":26,"column":12},"end":{"line":31,"column":13}},"12":{"start":{"line":27,"column":16},"end":{"line":27,"column":32}},"13":{"start":{"line":28,"column":16},"end":{"line":28,"column":27}},"14":{"start":{"line":30,"column":16},"end":{"line":30,"column":31}},"15":{"start":{"line":37,"column":4},"end":{"line":52,"column":6}},"16":{"start":{"line":38,"column":8},"end":{"line":51,"column":9}},"17":{"start":{"line":39,"column":24},"end":{"line":40,"column":116}},"18":{"start":{"line":41,"column":12},"end":{"line":48,"column":14}},"19":{"start":{"line":42,"column":16},"end":{"line":47,"column":17}},"20":{"start":{"line":43,"column":20},"end":{"line":43,"column":36}},"21":{"start":{"line":44,"column":20},"end":{"line":44,"column":31}},"22":{"start":{"line":46,"column":20},"end":{"line":46,"column":35}},"23":{"start":{"line":50,"column":12},"end":{"line":50,"column":30}},"24":{"start":{"line":56,"column":4},"end":{"line":71,"column":6}},"25":{"start":{"line":57,"column":8},"end":{"line":70,"column":9}},"26":{"start":{"line":58,"column":24},"end":{"line":59,"column":76}},"27":{"start":{"line":60,"column":12},"end":{"line":67,"column":14}},"28":{"start":{"line":61,"column":16},"end":{"line":66,"column":17}},"29":{"start":{"line":62,"column":20},"end":{"line":62,"column":36}},"30":{"start":{"line":63,"column":20},"end":{"line":63,"column":31}},"31":{"start":{"line":65,"column":20},"end":{"line":65,"column":35}},"32":{"start":{"line":69,"column":12},"end":{"line":69,"column":30}},"33":{"start":{"line":75,"column":16},"end":{"line":75,"column":85}},"34":{"start":{"line":76,"column":4},"end":{"line":82,"column":6}},"35":{"start":{"line":77,"column":8},"end":{"line":81,"column":9}},"36":{"start":{"line":78,"column":12},"end":{"line":78,"column":62}},"37":{"start":{"line":80,"column":12},"end":{"line":80,"column":45}},"38":{"start":{"line":86,"column":4},"end":{"line":97,"column":6}},"39":{"start":{"line":87,"column":20},"end":{"line":87,"column":88}},"40":{"start":{"line":88,"column":21},"end":{"line":88,"column":39}},"41":{"start":{"line":89,"column":8},"end":{"line":96,"column":10}},"42":{"start":{"line":90,"column":12},"end":{"line":95,"column":13}},"43":{"start":{"line":91,"column":16},"end":{"line":91,"column":66}},"44":{"start":{"line":92,"column":16},"end":{"line":92,"column":27}},"45":{"start":{"line":94,"column":16},"end":{"line":94,"column":31}},"46":{"start":{"line":100,"column":0},"end":{"line":102,"column":1}}},"fnMap":{"0":{"name":"getAllFamilyHead","decl":{"start":{"line":3,"column":15},"end":{"line":3,"column":31}},"loc":{"start":{"line":3,"column":40},"end":{"line":18,"column":1}},"line":3},"1":{"name":"(anonymous_1)","decl":{"start":{"line":4,"column":23},"end":{"line":4,"column":24}},"loc":{"start":{"line":4,"column":44},"end":{"line":17,"column":5}},"line":4},"2":{"name":"(anonymous_2)","decl":{"start":{"line":9,"column":35},"end":{"line":9,"column":36}},"loc":{"start":{"line":9,"column":52},"end":{"line":16,"column":9}},"line":9},"3":{"name":"SearchMemberFamilyHead","decl":{"start":{"line":19,"column":9},"end":{"line":19,"column":31}},"loc":{"start":{"line":19,"column":51},"end":{"line":34,"column":1}},"line":19},"4":{"name":"(anonymous_4)","decl":{"start":{"line":20,"column":23},"end":{"line":20,"column":24}},"loc":{"start":{"line":20,"column":44},"end":{"line":33,"column":5}},"line":20},"5":{"name":"(anonymous_5)","decl":{"start":{"line":25,"column":35},"end":{"line":25,"column":36}},"loc":{"start":{"line":25,"column":52},"end":{"line":32,"column":9}},"line":25},"6":{"name":"SearchMemberFamilyHeadCanAdd","decl":{"start":{"line":36,"column":9},"end":{"line":36,"column":37}},"loc":{"start":{"line":36,"column":57},"end":{"line":53,"column":1}},"line":36},"7":{"name":"(anonymous_7)","decl":{"start":{"line":37,"column":23},"end":{"line":37,"column":24}},"loc":{"start":{"line":37,"column":44},"end":{"line":52,"column":5}},"line":37},"8":{"name":"(anonymous_8)","decl":{"start":{"line":41,"column":39},"end":{"line":41,"column":40}},"loc":{"start":{"line":41,"column":56},"end":{"line":48,"column":13}},"line":41},"9":{"name":"getListFamilyHeadCanAdd","decl":{"start":{"line":55,"column":9},"end":{"line":55,"column":32}},"loc":{"start":{"line":55,"column":41},"end":{"line":72,"column":1}},"line":55},"10":{"name":"(anonymous_10)","decl":{"start":{"line":56,"column":23},"end":{"line":56,"column":24}},"loc":{"start":{"line":56,"column":44},"end":{"line":71,"column":5}},"line":56},"11":{"name":"(anonymous_11)","decl":{"start":{"line":60,"column":39},"end":{"line":60,"column":40}},"loc":{"start":{"line":60,"column":62},"end":{"line":67,"column":13}},"line":60},"12":{"name":"removeFamilyHead","decl":{"start":{"line":74,"column":9},"end":{"line":74,"column":25}},"loc":{"start":{"line":74,"column":36},"end":{"line":83,"column":1}},"line":74},"13":{"name":"(anonymous_13)","decl":{"start":{"line":76,"column":31},"end":{"line":76,"column":32}},"loc":{"start":{"line":76,"column":48},"end":{"line":82,"column":5}},"line":76},"14":{"name":"addForefather","decl":{"start":{"line":85,"column":9},"end":{"line":85,"column":22}},"loc":{"start":{"line":85,"column":41},"end":{"line":98,"column":1}},"line":85},"15":{"name":"(anonymous_15)","decl":{"start":{"line":86,"column":23},"end":{"line":86,"column":24}},"loc":{"start":{"line":86,"column":44},"end":{"line":97,"column":5}},"line":86},"16":{"name":"(anonymous_16)","decl":{"start":{"line":89,"column":43},"end":{"line":89,"column":44}},"loc":{"start":{"line":89,"column":60},"end":{"line":96,"column":9}},"line":89}},"branchMap":{"0":{"loc":{"start":{"line":10,"column":12},"end":{"line":15,"column":13}},"type":"if","locations":[{"start":{"line":10,"column":12},"end":{"line":15,"column":13}},{"start":{"line":13,"column":19},"end":{"line":15,"column":13}}],"line":10},"1":{"loc":{"start":{"line":26,"column":12},"end":{"line":31,"column":13}},"type":"if","locations":[{"start":{"line":26,"column":12},"end":{"line":31,"column":13}},{"start":{"line":29,"column":19},"end":{"line":31,"column":13}}],"line":26},"2":{"loc":{"start":{"line":42,"column":16},"end":{"line":47,"column":17}},"type":"if","locations":[{"start":{"line":42,"column":16},"end":{"line":47,"column":17}},{"start":{"line":45,"column":23},"end":{"line":47,"column":17}}],"line":42},"3":{"loc":{"start":{"line":61,"column":16},"end":{"line":66,"column":17}},"type":"if","locations":[{"start":{"line":61,"column":16},"end":{"line":66,"column":17}},{"start":{"line":64,"column":23},"end":{"line":66,"column":17}}],"line":61},"4":{"loc":{"start":{"line":77,"column":8},"end":{"line":81,"column":9}},"type":"if","locations":[{"start":{"line":77,"column":8},"end":{"line":81,"column":9}},{"start":{"line":79,"column":15},"end":{"line":81,"column":9}}],"line":77},"5":{"loc":{"start":{"line":90,"column":12},"end":{"line":95,"column":13}},"type":"if","locations":[{"start":{"line":90,"column":12},"end":{"line":95,"column":13}},{"start":{"line":93,"column":19},"end":{"line":95,"column":13}}],"line":90}},"s":{"0":1,"1":0,"2":0,"3":0,"4":0,"5":0,"6":0,"7":0,"8":0,"9":0,"10":0,"11":0,"12":0,"13":0,"14":0,"15":0,"16":0,"17":0,"18":0,"19":0,"20":0,"21":0,"22":0,"23":0,"24":0,"25":0,"26":0,"27":0,"28":0,"29":0,"30":0,"31":0,"32":0,"33":0,"34":0,"35":0,"36":0,"37":0,"38":0,"39":0,"40":0,"41":0,"42":0,"43":0,"44":0,"45":0,"46":1},"f":{"0":0,"1":0,"2":0,"3":0,"4":0,"5":0,"6":0,"7":0,"8":0,"9":0,"10":0,"11":0,"12":0,"13":0,"14":0,"15":0,"16":0},"b":{"0":[0,0],"1":[0,0],"2":[0,0],"3":[0,0],"4":[0,0],"5":[0,0]},"_coverageSchema":"1a1c01bbd47fc00a2c39e90264f33305004495a9","hash":"a2f3526ffc6223c938782b12c399e8ad8f87b00e"}
}
