{"D:\\Study\\Capstone Project\\Genealogy\\back-end\\Controller\\FamilyGenealogy\\FamilyMember.js": {"path":"D:\\Study\\Capstone Project\\Genealogy\\back-end\\Controller\\FamilyGenealogy\\FamilyMember.js","statementMap":{"0":{"start":{"line":1,"column":32},"end":{"line":1,"column":89}},"1":{"start":{"line":2,"column":17},"end":{"line":2,"column":48}},"2":{"start":{"line":3,"column":21},"end":{"line":3,"column":56}},"3":{"start":{"line":4,"column":11},"end":{"line":4,"column":44}},"4":{"start":{"line":5,"column":27},"end":{"line":5,"column":86}},"5":{"start":{"line":6,"column":27},"end":{"line":6,"column":91}},"6":{"start":{"line":7,"column":21},"end":{"line":33,"column":1}},"7":{"start":{"line":35,"column":27},"end":{"line":56,"column":1}},"8":{"start":{"line":58,"column":22},"end":{"line":60,"column":1}},"9":{"start":{"line":59,"column":4},"end":{"line":59,"column":26}},"10":{"start":{"line":62,"column":28},"end":{"line":64,"column":1}},"11":{"start":{"line":63,"column":4},"end":{"line":63,"column":32}},"12":{"start":{"line":67,"column":16},"end":{"line":216,"column":1}},"13":{"start":{"line":68,"column":4},"end":{"line":215,"column":5}},"14":{"start":{"line":69,"column":8},"end":{"line":69,"column":41}},"15":{"start":{"line":70,"column":8},"end":{"line":70,"column":52}},"16":{"start":{"line":72,"column":31},"end":{"line":79,"column":9}},"17":{"start":{"line":81,"column":30},"end":{"line":81,"column":82}},"18":{"start":{"line":82,"column":8},"end":{"line":82,"column":35}},"19":{"start":{"line":84,"column":8},"end":{"line":86,"column":9}},"20":{"start":{"line":85,"column":12},"end":{"line":85,"column":80}},"21":{"start":{"line":87,"column":8},"end":{"line":87,"column":52}},"22":{"start":{"line":88,"column":23},"end":{"line":88,"column":61}},"23":{"start":{"line":89,"column":8},"end":{"line":92,"column":9}},"24":{"start":{"line":91,"column":12},"end":{"line":91,"column":86}},"25":{"start":{"line":93,"column":8},"end":{"line":93,"column":37}},"26":{"start":{"line":95,"column":8},"end":{"line":97,"column":9}},"27":{"start":{"line":96,"column":12},"end":{"line":96,"column":122}},"28":{"start":{"line":99,"column":8},"end":{"line":104,"column":9}},"29":{"start":{"line":103,"column":12},"end":{"line":103,"column":90}},"30":{"start":{"line":106,"column":25},"end":{"line":106,"column":85}},"31":{"start":{"line":107,"column":8},"end":{"line":109,"column":9}},"32":{"start":{"line":108,"column":12},"end":{"line":108,"column":93}},"33":{"start":{"line":110,"column":19},"end":{"line":110,"column":68}},"34":{"start":{"line":112,"column":8},"end":{"line":205,"column":9}},"35":{"start":{"line":113,"column":12},"end":{"line":113,"column":91}},"36":{"start":{"line":114,"column":12},"end":{"line":114,"column":74}},"37":{"start":{"line":115,"column":12},"end":{"line":115,"column":68}},"38":{"start":{"line":118,"column":13},"end":{"line":205,"column":9}},"39":{"start":{"line":119,"column":12},"end":{"line":119,"column":74}},"40":{"start":{"line":120,"column":12},"end":{"line":120,"column":68}},"41":{"start":{"line":124,"column":12},"end":{"line":124,"column":82}},"42":{"start":{"line":126,"column":12},"end":{"line":126,"column":104}},"43":{"start":{"line":127,"column":12},"end":{"line":127,"column":58}},"44":{"start":{"line":128,"column":12},"end":{"line":130,"column":13}},"45":{"start":{"line":129,"column":16},"end":{"line":129,"column":111}},"46":{"start":{"line":132,"column":12},"end":{"line":134,"column":13}},"47":{"start":{"line":133,"column":16},"end":{"line":133,"column":111}},"48":{"start":{"line":136,"column":12},"end":{"line":202,"column":13}},"49":{"start":{"line":137,"column":16},"end":{"line":137,"column":61}},"50":{"start":{"line":139,"column":16},"end":{"line":142,"column":17}},"51":{"start":{"line":140,"column":39},"end":{"line":140,"column":68}},"52":{"start":{"line":141,"column":20},"end":{"line":141,"column":85}},"53":{"start":{"line":144,"column":16},"end":{"line":148,"column":17}},"54":{"start":{"line":146,"column":39},"end":{"line":146,"column":96}},"55":{"start":{"line":147,"column":20},"end":{"line":147,"column":85}},"56":{"start":{"line":150,"column":16},"end":{"line":200,"column":17}},"57":{"start":{"line":151,"column":20},"end":{"line":151,"column":62}},"58":{"start":{"line":153,"column":20},"end":{"line":156,"column":21}},"59":{"start":{"line":154,"column":43},"end":{"line":154,"column":69}},"60":{"start":{"line":155,"column":24},"end":{"line":155,"column":89}},"61":{"start":{"line":158,"column":20},"end":{"line":172,"column":21}},"62":{"start":{"line":160,"column":44},"end":{"line":160,"column":145}},"63":{"start":{"line":161,"column":24},"end":{"line":161,"column":70}},"64":{"start":{"line":162,"column":24},"end":{"line":164,"column":25}},"65":{"start":{"line":163,"column":28},"end":{"line":163,"column":46}},"66":{"start":{"line":165,"column":38},"end":{"line":170,"column":25}},"67":{"start":{"line":171,"column":24},"end":{"line":171,"column":70}},"68":{"start":{"line":173,"column":20},"end":{"line":173,"column":108}},"69":{"start":{"line":176,"column":21},"end":{"line":200,"column":17}},"70":{"start":{"line":177,"column":20},"end":{"line":177,"column":61}},"71":{"start":{"line":179,"column":20},"end":{"line":182,"column":21}},"72":{"start":{"line":180,"column":43},"end":{"line":180,"column":68}},"73":{"start":{"line":181,"column":24},"end":{"line":181,"column":89}},"74":{"start":{"line":184,"column":20},"end":{"line":198,"column":21}},"75":{"start":{"line":186,"column":44},"end":{"line":186,"column":148}},"76":{"start":{"line":187,"column":24},"end":{"line":187,"column":70}},"77":{"start":{"line":188,"column":24},"end":{"line":190,"column":25}},"78":{"start":{"line":189,"column":28},"end":{"line":189,"column":46}},"79":{"start":{"line":191,"column":38},"end":{"line":196,"column":25}},"80":{"start":{"line":197,"column":24},"end":{"line":197,"column":70}},"81":{"start":{"line":199,"column":20},"end":{"line":199,"column":108}},"82":{"start":{"line":201,"column":16},"end":{"line":201,"column":108}},"83":{"start":{"line":204,"column":12},"end":{"line":204,"column":68}},"84":{"start":{"line":207,"column":22},"end":{"line":207,"column":24}},"85":{"start":{"line":208,"column":8},"end":{"line":208,"column":41}},"86":{"start":{"line":209,"column":8},"end":{"line":209,"column":49}},"87":{"start":{"line":210,"column":8},"end":{"line":210,"column":59}},"88":{"start":{"line":212,"column":8},"end":{"line":212,"column":35}},"89":{"start":{"line":214,"column":8},"end":{"line":214,"column":64}},"90":{"start":{"line":218,"column":15},"end":{"line":350,"column":1}},"91":{"start":{"line":219,"column":4},"end":{"line":349,"column":5}},"92":{"start":{"line":220,"column":8},"end":{"line":220,"column":41}},"93":{"start":{"line":221,"column":8},"end":{"line":221,"column":54}},"94":{"start":{"line":222,"column":8},"end":{"line":222,"column":52}},"95":{"start":{"line":224,"column":31},"end":{"line":230,"column":9}},"96":{"start":{"line":232,"column":30},"end":{"line":232,"column":82}},"97":{"start":{"line":233,"column":8},"end":{"line":233,"column":35}},"98":{"start":{"line":235,"column":8},"end":{"line":237,"column":9}},"99":{"start":{"line":236,"column":12},"end":{"line":236,"column":80}},"100":{"start":{"line":238,"column":8},"end":{"line":238,"column":52}},"101":{"start":{"line":240,"column":8},"end":{"line":242,"column":9}},"102":{"start":{"line":241,"column":12},"end":{"line":241,"column":122}},"103":{"start":{"line":244,"column":8},"end":{"line":249,"column":9}},"104":{"start":{"line":248,"column":12},"end":{"line":248,"column":90}},"105":{"start":{"line":251,"column":25},"end":{"line":251,"column":85}},"106":{"start":{"line":252,"column":8},"end":{"line":254,"column":9}},"107":{"start":{"line":253,"column":12},"end":{"line":253,"column":93}},"108":{"start":{"line":255,"column":19},"end":{"line":255,"column":68}},"109":{"start":{"line":258,"column":8},"end":{"line":261,"column":9}},"110":{"start":{"line":259,"column":31},"end":{"line":259,"column":80}},"111":{"start":{"line":260,"column":12},"end":{"line":260,"column":77}},"112":{"start":{"line":263,"column":8},"end":{"line":277,"column":9}},"113":{"start":{"line":264,"column":12},"end":{"line":264,"column":94}},"114":{"start":{"line":266,"column":12},"end":{"line":269,"column":13}},"115":{"start":{"line":267,"column":35},"end":{"line":267,"column":81}},"116":{"start":{"line":268,"column":16},"end":{"line":268,"column":81}},"117":{"start":{"line":271,"column":12},"end":{"line":274,"column":13}},"118":{"start":{"line":272,"column":35},"end":{"line":272,"column":73}},"119":{"start":{"line":273,"column":16},"end":{"line":273,"column":81}},"120":{"start":{"line":276,"column":12},"end":{"line":276,"column":98}},"121":{"start":{"line":279,"column":8},"end":{"line":293,"column":9}},"122":{"start":{"line":280,"column":12},"end":{"line":280,"column":94}},"123":{"start":{"line":282,"column":12},"end":{"line":285,"column":13}},"124":{"start":{"line":283,"column":35},"end":{"line":283,"column":80}},"125":{"start":{"line":284,"column":16},"end":{"line":284,"column":81}},"126":{"start":{"line":287,"column":12},"end":{"line":290,"column":13}},"127":{"start":{"line":288,"column":35},"end":{"line":288,"column":73}},"128":{"start":{"line":289,"column":16},"end":{"line":289,"column":81}},"129":{"start":{"line":292,"column":12},"end":{"line":292,"column":98}},"130":{"start":{"line":295,"column":8},"end":{"line":297,"column":9}},"131":{"start":{"line":296,"column":12},"end":{"line":296,"column":87}},"132":{"start":{"line":300,"column":8},"end":{"line":330,"column":9}},"133":{"start":{"line":301,"column":12},"end":{"line":301,"column":67}},"134":{"start":{"line":303,"column":12},"end":{"line":308,"column":13}},"135":{"start":{"line":305,"column":16},"end":{"line":305,"column":68}},"136":{"start":{"line":306,"column":35},"end":{"line":306,"column":83}},"137":{"start":{"line":307,"column":16},"end":{"line":307,"column":81}},"138":{"start":{"line":309,"column":12},"end":{"line":309,"column":98}},"139":{"start":{"line":310,"column":12},"end":{"line":310,"column":56}},"140":{"start":{"line":313,"column":13},"end":{"line":330,"column":9}},"141":{"start":{"line":314,"column":12},"end":{"line":314,"column":67}},"142":{"start":{"line":316,"column":12},"end":{"line":321,"column":13}},"143":{"start":{"line":318,"column":16},"end":{"line":318,"column":67}},"144":{"start":{"line":319,"column":35},"end":{"line":319,"column":82}},"145":{"start":{"line":320,"column":16},"end":{"line":320,"column":81}},"146":{"start":{"line":322,"column":12},"end":{"line":322,"column":98}},"147":{"start":{"line":323,"column":12},"end":{"line":323,"column":56}},"148":{"start":{"line":326,"column":13},"end":{"line":330,"column":9}},"149":{"start":{"line":327,"column":12},"end":{"line":327,"column":61}},"150":{"start":{"line":328,"column":12},"end":{"line":328,"column":124}},"151":{"start":{"line":329,"column":12},"end":{"line":329,"column":56}},"152":{"start":{"line":333,"column":8},"end":{"line":337,"column":9}},"153":{"start":{"line":334,"column":31},"end":{"line":334,"column":74}},"154":{"start":{"line":336,"column":12},"end":{"line":336,"column":77}},"155":{"start":{"line":338,"column":8},"end":{"line":338,"column":43}},"156":{"start":{"line":340,"column":8},"end":{"line":340,"column":89}},"157":{"start":{"line":341,"column":8},"end":{"line":341,"column":64}},"158":{"start":{"line":342,"column":22},"end":{"line":342,"column":24}},"159":{"start":{"line":343,"column":8},"end":{"line":343,"column":41}},"160":{"start":{"line":344,"column":8},"end":{"line":344,"column":49}},"161":{"start":{"line":345,"column":8},"end":{"line":345,"column":59}},"162":{"start":{"line":347,"column":8},"end":{"line":347,"column":35}},"163":{"start":{"line":348,"column":8},"end":{"line":348,"column":64}},"164":{"start":{"line":352,"column":18},"end":{"line":490,"column":1}},"165":{"start":{"line":353,"column":4},"end":{"line":489,"column":5}},"166":{"start":{"line":354,"column":8},"end":{"line":354,"column":41}},"167":{"start":{"line":355,"column":8},"end":{"line":355,"column":52}},"168":{"start":{"line":357,"column":31},"end":{"line":364,"column":9}},"169":{"start":{"line":366,"column":30},"end":{"line":366,"column":82}},"170":{"start":{"line":367,"column":8},"end":{"line":367,"column":35}},"171":{"start":{"line":369,"column":8},"end":{"line":371,"column":9}},"172":{"start":{"line":370,"column":12},"end":{"line":370,"column":80}},"173":{"start":{"line":372,"column":8},"end":{"line":372,"column":52}},"174":{"start":{"line":374,"column":25},"end":{"line":374,"column":85}},"175":{"start":{"line":375,"column":8},"end":{"line":377,"column":9}},"176":{"start":{"line":376,"column":12},"end":{"line":376,"column":93}},"177":{"start":{"line":379,"column":8},"end":{"line":381,"column":9}},"178":{"start":{"line":380,"column":12},"end":{"line":380,"column":126}},"179":{"start":{"line":383,"column":8},"end":{"line":388,"column":9}},"180":{"start":{"line":387,"column":12},"end":{"line":387,"column":90}},"181":{"start":{"line":390,"column":8},"end":{"line":390,"column":100}},"182":{"start":{"line":391,"column":8},"end":{"line":391,"column":54}},"183":{"start":{"line":392,"column":8},"end":{"line":394,"column":9}},"184":{"start":{"line":393,"column":12},"end":{"line":393,"column":107}},"185":{"start":{"line":396,"column":8},"end":{"line":400,"column":9}},"186":{"start":{"line":398,"column":31},"end":{"line":398,"column":93}},"187":{"start":{"line":399,"column":12},"end":{"line":399,"column":77}},"188":{"start":{"line":402,"column":8},"end":{"line":404,"column":9}},"189":{"start":{"line":403,"column":12},"end":{"line":403,"column":107}},"190":{"start":{"line":406,"column":22},"end":{"line":406,"column":24}},"191":{"start":{"line":407,"column":19},"end":{"line":407,"column":68}},"192":{"start":{"line":408,"column":22},"end":{"line":408,"column":24}},"193":{"start":{"line":410,"column":8},"end":{"line":413,"column":9}},"194":{"start":{"line":411,"column":31},"end":{"line":411,"column":63}},"195":{"start":{"line":412,"column":12},"end":{"line":412,"column":77}},"196":{"start":{"line":415,"column":8},"end":{"line":479,"column":9}},"197":{"start":{"line":416,"column":12},"end":{"line":416,"column":56}},"198":{"start":{"line":418,"column":38},"end":{"line":418,"column":108}},"199":{"start":{"line":419,"column":30},"end":{"line":419,"column":32}},"200":{"start":{"line":420,"column":12},"end":{"line":425,"column":13}},"201":{"start":{"line":421,"column":16},"end":{"line":424,"column":17}},"202":{"start":{"line":421,"column":28},"end":{"line":421,"column":29}},"203":{"start":{"line":422,"column":33},"end":{"line":422,"column":116}},"204":{"start":{"line":423,"column":21},"end":{"line":423,"column":50}},"205":{"start":{"line":427,"column":12},"end":{"line":433,"column":13}},"206":{"start":{"line":428,"column":16},"end":{"line":432,"column":17}},"207":{"start":{"line":428,"column":28},"end":{"line":428,"column":29}},"208":{"start":{"line":429,"column":20},"end":{"line":431,"column":21}},"209":{"start":{"line":430,"column":24},"end":{"line":430,"column":124}},"210":{"start":{"line":435,"column":32},"end":{"line":435,"column":132}},"211":{"start":{"line":436,"column":12},"end":{"line":436,"column":58}},"212":{"start":{"line":437,"column":12},"end":{"line":439,"column":13}},"213":{"start":{"line":438,"column":16},"end":{"line":438,"column":34}},"214":{"start":{"line":440,"column":12},"end":{"line":445,"column":13}},"215":{"start":{"line":448,"column":13},"end":{"line":479,"column":9}},"216":{"start":{"line":449,"column":12},"end":{"line":449,"column":53}},"217":{"start":{"line":451,"column":35},"end":{"line":451,"column":108}},"218":{"start":{"line":452,"column":27},"end":{"line":452,"column":29}},"219":{"start":{"line":453,"column":12},"end":{"line":458,"column":13}},"220":{"start":{"line":454,"column":16},"end":{"line":457,"column":17}},"221":{"start":{"line":454,"column":28},"end":{"line":454,"column":29}},"222":{"start":{"line":455,"column":32},"end":{"line":455,"column":109}},"223":{"start":{"line":456,"column":24},"end":{"line":456,"column":47}},"224":{"start":{"line":460,"column":12},"end":{"line":466,"column":13}},"225":{"start":{"line":461,"column":16},"end":{"line":465,"column":17}},"226":{"start":{"line":461,"column":28},"end":{"line":461,"column":29}},"227":{"start":{"line":462,"column":20},"end":{"line":464,"column":21}},"228":{"start":{"line":463,"column":24},"end":{"line":463,"column":118}},"229":{"start":{"line":468,"column":32},"end":{"line":468,"column":135}},"230":{"start":{"line":469,"column":12},"end":{"line":469,"column":58}},"231":{"start":{"line":470,"column":12},"end":{"line":472,"column":13}},"232":{"start":{"line":471,"column":16},"end":{"line":471,"column":34}},"233":{"start":{"line":473,"column":12},"end":{"line":478,"column":13}},"234":{"start":{"line":480,"column":8},"end":{"line":480,"column":96}},"235":{"start":{"line":481,"column":8},"end":{"line":481,"column":54}},"236":{"start":{"line":482,"column":8},"end":{"line":482,"column":64}},"237":{"start":{"line":483,"column":8},"end":{"line":483,"column":41}},"238":{"start":{"line":484,"column":8},"end":{"line":484,"column":49}},"239":{"start":{"line":485,"column":8},"end":{"line":485,"column":59}},"240":{"start":{"line":487,"column":8},"end":{"line":487,"column":35}},"241":{"start":{"line":488,"column":8},"end":{"line":488,"column":64}},"242":{"start":{"line":493,"column":24},"end":{"line":501,"column":1}},"243":{"start":{"line":494,"column":4},"end":{"line":494,"column":45}},"244":{"start":{"line":495,"column":4},"end":{"line":499,"column":5}},"245":{"start":{"line":495,"column":17},"end":{"line":495,"column":18}},"246":{"start":{"line":496,"column":8},"end":{"line":498,"column":9}},"247":{"start":{"line":497,"column":12},"end":{"line":497,"column":24}},"248":{"start":{"line":500,"column":4},"end":{"line":500,"column":17}},"249":{"start":{"line":504,"column":24},"end":{"line":543,"column":1}},"250":{"start":{"line":505,"column":4},"end":{"line":542,"column":5}},"251":{"start":{"line":506,"column":8},"end":{"line":506,"column":41}},"252":{"start":{"line":507,"column":8},"end":{"line":507,"column":52}},"253":{"start":{"line":508,"column":8},"end":{"line":508,"column":44}},"254":{"start":{"line":509,"column":8},"end":{"line":511,"column":9}},"255":{"start":{"line":510,"column":12},"end":{"line":510,"column":88}},"256":{"start":{"line":513,"column":8},"end":{"line":516,"column":9}},"257":{"start":{"line":514,"column":12},"end":{"line":514,"column":52}},"258":{"start":{"line":515,"column":12},"end":{"line":515,"column":88}},"259":{"start":{"line":519,"column":31},"end":{"line":521,"column":9}},"260":{"start":{"line":523,"column":30},"end":{"line":523,"column":82}},"261":{"start":{"line":525,"column":8},"end":{"line":528,"column":9}},"262":{"start":{"line":526,"column":12},"end":{"line":526,"column":52}},"263":{"start":{"line":527,"column":12},"end":{"line":527,"column":80}},"264":{"start":{"line":529,"column":25},"end":{"line":529,"column":93}},"265":{"start":{"line":530,"column":8},"end":{"line":533,"column":9}},"266":{"start":{"line":531,"column":12},"end":{"line":531,"column":52}},"267":{"start":{"line":532,"column":12},"end":{"line":532,"column":61}},"268":{"start":{"line":535,"column":8},"end":{"line":535,"column":54}},"269":{"start":{"line":537,"column":8},"end":{"line":537,"column":90}},"270":{"start":{"line":538,"column":8},"end":{"line":538,"column":83}},"271":{"start":{"line":540,"column":8},"end":{"line":540,"column":35}},"272":{"start":{"line":541,"column":8},"end":{"line":541,"column":64}},"273":{"start":{"line":546,"column":19},"end":{"line":637,"column":1}},"274":{"start":{"line":547,"column":4},"end":{"line":636,"column":5}},"275":{"start":{"line":548,"column":8},"end":{"line":548,"column":41}},"276":{"start":{"line":549,"column":8},"end":{"line":549,"column":52}},"277":{"start":{"line":551,"column":31},"end":{"line":557,"column":9}},"278":{"start":{"line":559,"column":30},"end":{"line":559,"column":82}},"279":{"start":{"line":561,"column":8},"end":{"line":564,"column":9}},"280":{"start":{"line":563,"column":12},"end":{"line":563,"column":80}},"281":{"start":{"line":565,"column":25},"end":{"line":565,"column":93}},"282":{"start":{"line":566,"column":8},"end":{"line":569,"column":9}},"283":{"start":{"line":568,"column":12},"end":{"line":568,"column":61}},"284":{"start":{"line":571,"column":8},"end":{"line":580,"column":9}},"285":{"start":{"line":572,"column":12},"end":{"line":572,"column":64}},"286":{"start":{"line":573,"column":12},"end":{"line":579,"column":13}},"287":{"start":{"line":574,"column":16},"end":{"line":578,"column":17}},"288":{"start":{"line":575,"column":20},"end":{"line":575,"column":128}},"289":{"start":{"line":577,"column":20},"end":{"line":577,"column":131}},"290":{"start":{"line":584,"column":8},"end":{"line":597,"column":9}},"291":{"start":{"line":585,"column":12},"end":{"line":585,"column":67}},"292":{"start":{"line":586,"column":12},"end":{"line":586,"column":99}},"293":{"start":{"line":589,"column":13},"end":{"line":597,"column":9}},"294":{"start":{"line":590,"column":12},"end":{"line":590,"column":67}},"295":{"start":{"line":591,"column":12},"end":{"line":591,"column":99}},"296":{"start":{"line":594,"column":13},"end":{"line":597,"column":9}},"297":{"start":{"line":595,"column":12},"end":{"line":595,"column":61}},"298":{"start":{"line":596,"column":12},"end":{"line":596,"column":134}},"299":{"start":{"line":599,"column":8},"end":{"line":606,"column":9}},"300":{"start":{"line":601,"column":12},"end":{"line":605,"column":13}},"301":{"start":{"line":602,"column":35},"end":{"line":602,"column":78}},"302":{"start":{"line":604,"column":16},"end":{"line":604,"column":81}},"303":{"start":{"line":608,"column":8},"end":{"line":622,"column":9}},"304":{"start":{"line":610,"column":29},"end":{"line":610,"column":137}},"305":{"start":{"line":611,"column":31},"end":{"line":611,"column":33}},"306":{"start":{"line":612,"column":12},"end":{"line":621,"column":13}},"307":{"start":{"line":613,"column":16},"end":{"line":615,"column":17}},"308":{"start":{"line":613,"column":29},"end":{"line":613,"column":30}},"309":{"start":{"line":614,"column":20},"end":{"line":614,"column":62}},"310":{"start":{"line":616,"column":16},"end":{"line":620,"column":17}},"311":{"start":{"line":617,"column":20},"end":{"line":617,"column":113}},"312":{"start":{"line":619,"column":20},"end":{"line":619,"column":113}},"313":{"start":{"line":625,"column":19},"end":{"line":625,"column":71}},"314":{"start":{"line":626,"column":8},"end":{"line":630,"column":9}},"315":{"start":{"line":631,"column":8},"end":{"line":631,"column":59}},"316":{"start":{"line":633,"column":8},"end":{"line":633,"column":35}},"317":{"start":{"line":635,"column":8},"end":{"line":635,"column":64}},"318":{"start":{"line":640,"column":25},"end":{"line":659,"column":1}},"319":{"start":{"line":641,"column":4},"end":{"line":658,"column":6}},"320":{"start":{"line":642,"column":8},"end":{"line":657,"column":9}},"321":{"start":{"line":643,"column":12},"end":{"line":643,"column":92}},"322":{"start":{"line":644,"column":31},"end":{"line":644,"column":128}},"323":{"start":{"line":646,"column":12},"end":{"line":652,"column":13}},"324":{"start":{"line":647,"column":16},"end":{"line":647,"column":50}},"325":{"start":{"line":648,"column":16},"end":{"line":648,"column":30}},"326":{"start":{"line":650,"column":16},"end":{"line":650,"column":56}},"327":{"start":{"line":651,"column":16},"end":{"line":651,"column":31}},"328":{"start":{"line":655,"column":12},"end":{"line":655,"column":30}},"329":{"start":{"line":656,"column":12},"end":{"line":656,"column":25}},"330":{"start":{"line":662,"column":30},"end":{"line":823,"column":1}},"331":{"start":{"line":663,"column":4},"end":{"line":822,"column":5}},"332":{"start":{"line":664,"column":8},"end":{"line":664,"column":41}},"333":{"start":{"line":666,"column":8},"end":{"line":666,"column":52}},"334":{"start":{"line":668,"column":31},"end":{"line":672,"column":9}},"335":{"start":{"line":674,"column":30},"end":{"line":674,"column":82}},"336":{"start":{"line":675,"column":8},"end":{"line":675,"column":35}},"337":{"start":{"line":677,"column":8},"end":{"line":679,"column":9}},"338":{"start":{"line":678,"column":12},"end":{"line":678,"column":80}},"339":{"start":{"line":680,"column":8},"end":{"line":680,"column":41}},"340":{"start":{"line":681,"column":23},"end":{"line":681,"column":63}},"341":{"start":{"line":682,"column":8},"end":{"line":684,"column":9}},"342":{"start":{"line":683,"column":12},"end":{"line":683,"column":86}},"343":{"start":{"line":685,"column":33},"end":{"line":685,"column":106}},"344":{"start":{"line":686,"column":34},"end":{"line":686,"column":108}},"345":{"start":{"line":687,"column":8},"end":{"line":689,"column":9}},"346":{"start":{"line":688,"column":12},"end":{"line":688,"column":93}},"347":{"start":{"line":691,"column":8},"end":{"line":695,"column":9}},"348":{"start":{"line":693,"column":31},"end":{"line":693,"column":93}},"349":{"start":{"line":694,"column":12},"end":{"line":694,"column":77}},"350":{"start":{"line":697,"column":8},"end":{"line":699,"column":9}},"351":{"start":{"line":698,"column":12},"end":{"line":698,"column":100}},"352":{"start":{"line":701,"column":8},"end":{"line":703,"column":9}},"353":{"start":{"line":702,"column":12},"end":{"line":702,"column":110}},"354":{"start":{"line":704,"column":22},"end":{"line":704,"column":24}},"355":{"start":{"line":706,"column":8},"end":{"line":817,"column":9}},"356":{"start":{"line":707,"column":12},"end":{"line":707,"column":127}},"357":{"start":{"line":709,"column":12},"end":{"line":757,"column":13}},"358":{"start":{"line":711,"column":16},"end":{"line":714,"column":17}},"359":{"start":{"line":712,"column":39},"end":{"line":712,"column":65}},"360":{"start":{"line":713,"column":20},"end":{"line":713,"column":85}},"361":{"start":{"line":716,"column":16},"end":{"line":730,"column":17}},"362":{"start":{"line":718,"column":40},"end":{"line":718,"column":151}},"363":{"start":{"line":719,"column":20},"end":{"line":719,"column":66}},"364":{"start":{"line":720,"column":20},"end":{"line":722,"column":21}},"365":{"start":{"line":721,"column":24},"end":{"line":721,"column":42}},"366":{"start":{"line":723,"column":34},"end":{"line":728,"column":21}},"367":{"start":{"line":729,"column":20},"end":{"line":729,"column":66}},"368":{"start":{"line":731,"column":16},"end":{"line":731,"column":128}},"369":{"start":{"line":734,"column":17},"end":{"line":757,"column":13}},"370":{"start":{"line":736,"column":16},"end":{"line":739,"column":17}},"371":{"start":{"line":737,"column":39},"end":{"line":737,"column":64}},"372":{"start":{"line":738,"column":20},"end":{"line":738,"column":85}},"373":{"start":{"line":741,"column":16},"end":{"line":755,"column":17}},"374":{"start":{"line":743,"column":40},"end":{"line":743,"column":154}},"375":{"start":{"line":744,"column":20},"end":{"line":744,"column":66}},"376":{"start":{"line":745,"column":20},"end":{"line":747,"column":21}},"377":{"start":{"line":746,"column":24},"end":{"line":746,"column":42}},"378":{"start":{"line":748,"column":34},"end":{"line":753,"column":21}},"379":{"start":{"line":754,"column":20},"end":{"line":754,"column":66}},"380":{"start":{"line":756,"column":16},"end":{"line":756,"column":128}},"381":{"start":{"line":760,"column":13},"end":{"line":817,"column":9}},"382":{"start":{"line":762,"column":28},"end":{"line":762,"column":152}},"383":{"start":{"line":763,"column":12},"end":{"line":766,"column":13}},"384":{"start":{"line":764,"column":35},"end":{"line":764,"column":92}},"385":{"start":{"line":765,"column":16},"end":{"line":765,"column":81}},"386":{"start":{"line":767,"column":12},"end":{"line":771,"column":13}},"387":{"start":{"line":768,"column":16},"end":{"line":768,"column":128}},"388":{"start":{"line":769,"column":19},"end":{"line":771,"column":13}},"389":{"start":{"line":770,"column":16},"end":{"line":770,"column":128}},"390":{"start":{"line":772,"column":12},"end":{"line":772,"column":127}},"391":{"start":{"line":776,"column":13},"end":{"line":817,"column":9}},"392":{"start":{"line":777,"column":12},"end":{"line":777,"column":59}},"393":{"start":{"line":779,"column":12},"end":{"line":781,"column":13}},"394":{"start":{"line":780,"column":16},"end":{"line":780,"column":101}},"395":{"start":{"line":782,"column":26},"end":{"line":782,"column":28}},"396":{"start":{"line":784,"column":12},"end":{"line":814,"column":13}},"397":{"start":{"line":785,"column":16},"end":{"line":785,"column":60}},"398":{"start":{"line":787,"column":36},"end":{"line":787,"column":147}},"399":{"start":{"line":788,"column":16},"end":{"line":788,"column":62}},"400":{"start":{"line":789,"column":16},"end":{"line":791,"column":17}},"401":{"start":{"line":790,"column":20},"end":{"line":790,"column":38}},"402":{"start":{"line":792,"column":16},"end":{"line":797,"column":17}},"403":{"start":{"line":800,"column":17},"end":{"line":814,"column":13}},"404":{"start":{"line":801,"column":16},"end":{"line":801,"column":57}},"405":{"start":{"line":803,"column":36},"end":{"line":803,"column":150}},"406":{"start":{"line":804,"column":16},"end":{"line":804,"column":62}},"407":{"start":{"line":805,"column":16},"end":{"line":807,"column":17}},"408":{"start":{"line":806,"column":20},"end":{"line":806,"column":38}},"409":{"start":{"line":808,"column":16},"end":{"line":813,"column":17}},"410":{"start":{"line":815,"column":12},"end":{"line":815,"column":123}},"411":{"start":{"line":816,"column":12},"end":{"line":816,"column":58}},"412":{"start":{"line":818,"column":8},"end":{"line":818,"column":104}},"413":{"start":{"line":820,"column":8},"end":{"line":820,"column":35}},"414":{"start":{"line":821,"column":8},"end":{"line":821,"column":64}},"415":{"start":{"line":826,"column":19},"end":{"line":917,"column":1}},"416":{"start":{"line":827,"column":4},"end":{"line":916,"column":5}},"417":{"start":{"line":828,"column":8},"end":{"line":828,"column":44}},"418":{"start":{"line":829,"column":8},"end":{"line":829,"column":41}},"419":{"start":{"line":831,"column":31},"end":{"line":833,"column":9}},"420":{"start":{"line":835,"column":30},"end":{"line":835,"column":83}},"421":{"start":{"line":836,"column":8},"end":{"line":836,"column":35}},"422":{"start":{"line":838,"column":8},"end":{"line":840,"column":9}},"423":{"start":{"line":839,"column":12},"end":{"line":839,"column":80}},"424":{"start":{"line":841,"column":8},"end":{"line":841,"column":41}},"425":{"start":{"line":842,"column":25},"end":{"line":842,"column":94}},"426":{"start":{"line":843,"column":8},"end":{"line":845,"column":9}},"427":{"start":{"line":844,"column":12},"end":{"line":844,"column":61}},"428":{"start":{"line":846,"column":8},"end":{"line":846,"column":60}},"429":{"start":{"line":848,"column":8},"end":{"line":848,"column":60}},"430":{"start":{"line":850,"column":8},"end":{"line":906,"column":9}},"431":{"start":{"line":852,"column":12},"end":{"line":852,"column":65}},"432":{"start":{"line":854,"column":31},"end":{"line":854,"column":134}},"433":{"start":{"line":855,"column":12},"end":{"line":855,"column":56}},"434":{"start":{"line":858,"column":29},"end":{"line":858,"column":31}},"435":{"start":{"line":859,"column":12},"end":{"line":866,"column":13}},"436":{"start":{"line":860,"column":16},"end":{"line":860,"column":75}},"437":{"start":{"line":861,"column":16},"end":{"line":861,"column":111}},"438":{"start":{"line":862,"column":16},"end":{"line":862,"column":56}},"439":{"start":{"line":863,"column":19},"end":{"line":866,"column":13}},"440":{"start":{"line":864,"column":16},"end":{"line":864,"column":76}},"441":{"start":{"line":865,"column":16},"end":{"line":865,"column":108}},"442":{"start":{"line":867,"column":12},"end":{"line":867,"column":52}},"443":{"start":{"line":868,"column":32},"end":{"line":868,"column":33}},"444":{"start":{"line":869,"column":12},"end":{"line":873,"column":13}},"445":{"start":{"line":872,"column":16},"end":{"line":872,"column":143}},"446":{"start":{"line":872,"column":67},"end":{"line":872,"column":114}},"447":{"start":{"line":874,"column":12},"end":{"line":874,"column":58}},"448":{"start":{"line":877,"column":12},"end":{"line":897,"column":13}},"449":{"start":{"line":878,"column":16},"end":{"line":878,"column":104}},"450":{"start":{"line":879,"column":16},"end":{"line":885,"column":17}},"451":{"start":{"line":880,"column":20},"end":{"line":884,"column":21}},"452":{"start":{"line":880,"column":33},"end":{"line":880,"column":34}},"453":{"start":{"line":881,"column":24},"end":{"line":881,"column":101}},"454":{"start":{"line":882,"column":24},"end":{"line":882,"column":67}},"455":{"start":{"line":883,"column":24},"end":{"line":883,"column":82}},"456":{"start":{"line":888,"column":17},"end":{"line":897,"column":13}},"457":{"start":{"line":889,"column":16},"end":{"line":889,"column":104}},"458":{"start":{"line":890,"column":16},"end":{"line":896,"column":17}},"459":{"start":{"line":891,"column":20},"end":{"line":895,"column":21}},"460":{"start":{"line":891,"column":33},"end":{"line":891,"column":34}},"461":{"start":{"line":892,"column":24},"end":{"line":892,"column":101}},"462":{"start":{"line":893,"column":24},"end":{"line":893,"column":67}},"463":{"start":{"line":894,"column":24},"end":{"line":894,"column":82}},"464":{"start":{"line":902,"column":29},"end":{"line":902,"column":93}},"465":{"start":{"line":903,"column":12},"end":{"line":905,"column":13}},"466":{"start":{"line":904,"column":16},"end":{"line":904,"column":93}},"467":{"start":{"line":907,"column":8},"end":{"line":907,"column":71}},"468":{"start":{"line":909,"column":8},"end":{"line":911,"column":9}},"469":{"start":{"line":912,"column":8},"end":{"line":912,"column":59}},"470":{"start":{"line":914,"column":8},"end":{"line":914,"column":35}},"471":{"start":{"line":915,"column":8},"end":{"line":915,"column":64}},"472":{"start":{"line":920,"column":23},"end":{"line":1042,"column":1}},"473":{"start":{"line":921,"column":4},"end":{"line":1041,"column":5}},"474":{"start":{"line":922,"column":8},"end":{"line":922,"column":41}},"475":{"start":{"line":924,"column":31},"end":{"line":927,"column":9}},"476":{"start":{"line":929,"column":30},"end":{"line":929,"column":82}},"477":{"start":{"line":930,"column":8},"end":{"line":930,"column":52}},"478":{"start":{"line":932,"column":8},"end":{"line":934,"column":9}},"479":{"start":{"line":933,"column":12},"end":{"line":933,"column":80}},"480":{"start":{"line":935,"column":8},"end":{"line":935,"column":46}},"481":{"start":{"line":936,"column":26},"end":{"line":936,"column":95}},"482":{"start":{"line":937,"column":26},"end":{"line":937,"column":95}},"483":{"start":{"line":938,"column":8},"end":{"line":941,"column":9}},"484":{"start":{"line":939,"column":12},"end":{"line":939,"column":49}},"485":{"start":{"line":940,"column":12},"end":{"line":940,"column":61}},"486":{"start":{"line":943,"column":8},"end":{"line":946,"column":9}},"487":{"start":{"line":944,"column":12},"end":{"line":944,"column":68}},"488":{"start":{"line":945,"column":12},"end":{"line":945,"column":107}},"489":{"start":{"line":948,"column":8},"end":{"line":951,"column":9}},"490":{"start":{"line":949,"column":12},"end":{"line":949,"column":67}},"491":{"start":{"line":950,"column":12},"end":{"line":950,"column":109}},"492":{"start":{"line":953,"column":8},"end":{"line":956,"column":9}},"493":{"start":{"line":954,"column":12},"end":{"line":954,"column":61}},"494":{"start":{"line":955,"column":12},"end":{"line":955,"column":100}},"495":{"start":{"line":958,"column":8},"end":{"line":961,"column":9}},"496":{"start":{"line":959,"column":12},"end":{"line":959,"column":84}},"497":{"start":{"line":960,"column":12},"end":{"line":960,"column":123}},"498":{"start":{"line":963,"column":8},"end":{"line":967,"column":9}},"499":{"start":{"line":965,"column":12},"end":{"line":965,"column":87}},"500":{"start":{"line":966,"column":12},"end":{"line":966,"column":126}},"501":{"start":{"line":968,"column":8},"end":{"line":968,"column":45}},"502":{"start":{"line":969,"column":22},"end":{"line":969,"column":36}},"503":{"start":{"line":970,"column":22},"end":{"line":970,"column":36}},"504":{"start":{"line":973,"column":21},"end":{"line":973,"column":62}},"505":{"start":{"line":973,"column":41},"end":{"line":973,"column":62}},"506":{"start":{"line":974,"column":19},"end":{"line":974,"column":21}},"507":{"start":{"line":976,"column":8},"end":{"line":980,"column":9}},"508":{"start":{"line":977,"column":12},"end":{"line":977,"column":27}},"509":{"start":{"line":978,"column":12},"end":{"line":978,"column":30}},"510":{"start":{"line":979,"column":12},"end":{"line":979,"column":27}},"511":{"start":{"line":982,"column":8},"end":{"line":1032,"column":9}},"512":{"start":{"line":983,"column":12},"end":{"line":983,"column":68}},"513":{"start":{"line":984,"column":30},"end":{"line":984,"column":78}},"514":{"start":{"line":985,"column":30},"end":{"line":985,"column":78}},"515":{"start":{"line":988,"column":12},"end":{"line":991,"column":13}},"516":{"start":{"line":989,"column":16},"end":{"line":989,"column":89}},"517":{"start":{"line":990,"column":16},"end":{"line":990,"column":128}},"518":{"start":{"line":993,"column":12},"end":{"line":1031,"column":13}},"519":{"start":{"line":994,"column":16},"end":{"line":994,"column":51}},"520":{"start":{"line":996,"column":16},"end":{"line":996,"column":107}},"521":{"start":{"line":996,"column":31},"end":{"line":996,"column":107}},"522":{"start":{"line":999,"column":33},"end":{"line":999,"column":130}},"523":{"start":{"line":1000,"column":16},"end":{"line":1000,"column":56}},"524":{"start":{"line":1001,"column":36},"end":{"line":1001,"column":37}},"525":{"start":{"line":1002,"column":16},"end":{"line":1006,"column":17}},"526":{"start":{"line":1005,"column":20},"end":{"line":1005,"column":147}},"527":{"start":{"line":1005,"column":71},"end":{"line":1005,"column":118}},"528":{"start":{"line":1007,"column":16},"end":{"line":1007,"column":62}},"529":{"start":{"line":1009,"column":16},"end":{"line":1009,"column":53}},"530":{"start":{"line":1010,"column":16},"end":{"line":1010,"column":105}},"531":{"start":{"line":1012,"column":19},"end":{"line":1031,"column":13}},"532":{"start":{"line":1013,"column":16},"end":{"line":1013,"column":50}},"533":{"start":{"line":1015,"column":16},"end":{"line":1015,"column":107}},"534":{"start":{"line":1015,"column":31},"end":{"line":1015,"column":107}},"535":{"start":{"line":1018,"column":33},"end":{"line":1018,"column":130}},"536":{"start":{"line":1019,"column":16},"end":{"line":1019,"column":56}},"537":{"start":{"line":1020,"column":36},"end":{"line":1020,"column":37}},"538":{"start":{"line":1021,"column":16},"end":{"line":1025,"column":17}},"539":{"start":{"line":1024,"column":20},"end":{"line":1024,"column":147}},"540":{"start":{"line":1024,"column":71},"end":{"line":1024,"column":118}},"541":{"start":{"line":1026,"column":16},"end":{"line":1026,"column":62}},"542":{"start":{"line":1028,"column":16},"end":{"line":1028,"column":53}},"543":{"start":{"line":1029,"column":16},"end":{"line":1029,"column":105}},"544":{"start":{"line":1034,"column":8},"end":{"line":1034,"column":60}},"545":{"start":{"line":1035,"column":8},"end":{"line":1035,"column":60}},"546":{"start":{"line":1036,"column":8},"end":{"line":1036,"column":34}},"547":{"start":{"line":1037,"column":8},"end":{"line":1037,"column":52}},"548":{"start":{"line":1039,"column":8},"end":{"line":1039,"column":33}},"549":{"start":{"line":1040,"column":8},"end":{"line":1040,"column":64}},"550":{"start":{"line":1044,"column":19},"end":{"line":1053,"column":1}},"551":{"start":{"line":1045,"column":4},"end":{"line":1052,"column":5}},"552":{"start":{"line":1046,"column":31},"end":{"line":1046,"column":39}},"553":{"start":{"line":1048,"column":29},"end":{"line":1048,"column":83}},"554":{"start":{"line":1049,"column":8},"end":{"line":1049,"column":31}},"555":{"start":{"line":1051,"column":8},"end":{"line":1051,"column":20}},"556":{"start":{"line":1054,"column":19},"end":{"line":1069,"column":1}},"557":{"start":{"line":1055,"column":4},"end":{"line":1068,"column":5}},"558":{"start":{"line":1056,"column":30},"end":{"line":1056,"column":38}},"559":{"start":{"line":1058,"column":8},"end":{"line":1061,"column":9}},"560":{"start":{"line":1059,"column":12},"end":{"line":1059,"column":72}},"561":{"start":{"line":1060,"column":12},"end":{"line":1060,"column":75}},"562":{"start":{"line":1062,"column":32},"end":{"line":1062,"column":95}},"563":{"start":{"line":1064,"column":8},"end":{"line":1064,"column":59}},"564":{"start":{"line":1066,"column":8},"end":{"line":1066,"column":56}},"565":{"start":{"line":1067,"column":8},"end":{"line":1067,"column":84}},"566":{"start":{"line":1071,"column":30},"end":{"line":1084,"column":1}},"567":{"start":{"line":1072,"column":4},"end":{"line":1083,"column":5}},"568":{"start":{"line":1073,"column":21},"end":{"line":1073,"column":37}},"569":{"start":{"line":1074,"column":19},"end":{"line":1074,"column":80}},"570":{"start":{"line":1075,"column":8},"end":{"line":1075,"column":36}},"571":{"start":{"line":1076,"column":8},"end":{"line":1080,"column":9}},"572":{"start":{"line":1077,"column":12},"end":{"line":1077,"column":59}},"573":{"start":{"line":1079,"column":12},"end":{"line":1079,"column":60}},"574":{"start":{"line":1082,"column":8},"end":{"line":1082,"column":68}},"575":{"start":{"line":1087,"column":19},"end":{"line":1102,"column":1}},"576":{"start":{"line":1088,"column":4},"end":{"line":1101,"column":5}},"577":{"start":{"line":1090,"column":23},"end":{"line":1090,"column":39}},"578":{"start":{"line":1091,"column":24},"end":{"line":1091,"column":74}},"579":{"start":{"line":1092,"column":8},"end":{"line":1097,"column":9}},"580":{"start":{"line":1093,"column":12},"end":{"line":1093,"column":62}},"581":{"start":{"line":1096,"column":12},"end":{"line":1096,"column":67}},"582":{"start":{"line":1099,"column":8},"end":{"line":1099,"column":63}},"583":{"start":{"line":1100,"column":8},"end":{"line":1100,"column":56}},"584":{"start":{"line":1154,"column":0},"end":{"line":1158,"column":2}}},"fnMap":{"0":{"name":"(anonymous_0)","decl":{"start":{"line":58,"column":22},"end":{"line":58,"column":23}},"loc":{"start":{"line":58,"column":42},"end":{"line":60,"column":1}},"line":58},"1":{"name":"(anonymous_1)","decl":{"start":{"line":62,"column":28},"end":{"line":62,"column":29}},"loc":{"start":{"line":62,"column":48},"end":{"line":64,"column":1}},"line":62},"2":{"name":"(anonymous_2)","decl":{"start":{"line":67,"column":16},"end":{"line":67,"column":17}},"loc":{"start":{"line":67,"column":36},"end":{"line":216,"column":1}},"line":67},"3":{"name":"(anonymous_3)","decl":{"start":{"line":218,"column":15},"end":{"line":218,"column":16}},"loc":{"start":{"line":218,"column":35},"end":{"line":350,"column":1}},"line":218},"4":{"name":"(anonymous_4)","decl":{"start":{"line":352,"column":18},"end":{"line":352,"column":19}},"loc":{"start":{"line":352,"column":38},"end":{"line":490,"column":1}},"line":352},"5":{"name":"(anonymous_5)","decl":{"start":{"line":493,"column":24},"end":{"line":493,"column":25}},"loc":{"start":{"line":493,"column":71},"end":{"line":501,"column":1}},"line":493},"6":{"name":"(anonymous_6)","decl":{"start":{"line":504,"column":24},"end":{"line":504,"column":25}},"loc":{"start":{"line":504,"column":44},"end":{"line":543,"column":1}},"line":504},"7":{"name":"(anonymous_7)","decl":{"start":{"line":546,"column":19},"end":{"line":546,"column":20}},"loc":{"start":{"line":546,"column":39},"end":{"line":637,"column":1}},"line":546},"8":{"name":"(anonymous_8)","decl":{"start":{"line":640,"column":25},"end":{"line":640,"column":26}},"loc":{"start":{"line":640,"column":41},"end":{"line":659,"column":1}},"line":640},"9":{"name":"(anonymous_9)","decl":{"start":{"line":641,"column":23},"end":{"line":641,"column":24}},"loc":{"start":{"line":641,"column":50},"end":{"line":658,"column":5}},"line":641},"10":{"name":"(anonymous_10)","decl":{"start":{"line":662,"column":30},"end":{"line":662,"column":31}},"loc":{"start":{"line":662,"column":50},"end":{"line":823,"column":1}},"line":662},"11":{"name":"(anonymous_11)","decl":{"start":{"line":826,"column":19},"end":{"line":826,"column":20}},"loc":{"start":{"line":826,"column":39},"end":{"line":917,"column":1}},"line":826},"12":{"name":"(anonymous_12)","decl":{"start":{"line":872,"column":50},"end":{"line":872,"column":51}},"loc":{"start":{"line":872,"column":67},"end":{"line":872,"column":114}},"line":872},"13":{"name":"(anonymous_13)","decl":{"start":{"line":920,"column":23},"end":{"line":920,"column":24}},"loc":{"start":{"line":920,"column":43},"end":{"line":1042,"column":1}},"line":920},"14":{"name":"(anonymous_14)","decl":{"start":{"line":973,"column":21},"end":{"line":973,"column":22}},"loc":{"start":{"line":973,"column":41},"end":{"line":973,"column":62}},"line":973},"15":{"name":"(anonymous_15)","decl":{"start":{"line":1005,"column":54},"end":{"line":1005,"column":55}},"loc":{"start":{"line":1005,"column":71},"end":{"line":1005,"column":118}},"line":1005},"16":{"name":"(anonymous_16)","decl":{"start":{"line":1024,"column":54},"end":{"line":1024,"column":55}},"loc":{"start":{"line":1024,"column":71},"end":{"line":1024,"column":118}},"line":1024},"17":{"name":"(anonymous_17)","decl":{"start":{"line":1044,"column":19},"end":{"line":1044,"column":20}},"loc":{"start":{"line":1044,"column":39},"end":{"line":1053,"column":1}},"line":1044},"18":{"name":"(anonymous_18)","decl":{"start":{"line":1054,"column":19},"end":{"line":1054,"column":20}},"loc":{"start":{"line":1054,"column":45},"end":{"line":1069,"column":1}},"line":1054},"19":{"name":"(anonymous_19)","decl":{"start":{"line":1071,"column":30},"end":{"line":1071,"column":31}},"loc":{"start":{"line":1071,"column":50},"end":{"line":1084,"column":1}},"line":1071},"20":{"name":"(anonymous_20)","decl":{"start":{"line":1087,"column":19},"end":{"line":1087,"column":20}},"loc":{"start":{"line":1087,"column":39},"end":{"line":1102,"column":1}},"line":1087}},"branchMap":{"0":{"loc":{"start":{"line":84,"column":8},"end":{"line":86,"column":9}},"type":"if","locations":[{"start":{"line":84,"column":8},"end":{"line":86,"column":9}},{"start":{},"end":{}}],"line":84},"1":{"loc":{"start":{"line":89,"column":8},"end":{"line":92,"column":9}},"type":"if","locations":[{"start":{"line":89,"column":8},"end":{"line":92,"column":9}},{"start":{},"end":{}}],"line":89},"2":{"loc":{"start":{"line":95,"column":8},"end":{"line":97,"column":9}},"type":"if","locations":[{"start":{"line":95,"column":8},"end":{"line":97,"column":9}},{"start":{},"end":{}}],"line":95},"3":{"loc":{"start":{"line":95,"column":12},"end":{"line":95,"column":91}},"type":"binary-expr","locations":[{"start":{"line":95,"column":12},"end":{"line":95,"column":64}},{"start":{"line":95,"column":68},"end":{"line":95,"column":91}}],"line":95},"4":{"loc":{"start":{"line":99,"column":8},"end":{"line":104,"column":9}},"type":"if","locations":[{"start":{"line":99,"column":8},"end":{"line":104,"column":9}},{"start":{},"end":{}}],"line":99},"5":{"loc":{"start":{"line":99,"column":12},"end":{"line":102,"column":118}},"type":"binary-expr","locations":[{"start":{"line":99,"column":13},"end":{"line":99,"column":57}},{"start":{"line":99,"column":61},"end":{"line":99,"column":104}},{"start":{"line":100,"column":16},"end":{"line":100,"column":65}},{"start":{"line":100,"column":69},"end":{"line":100,"column":117}},{"start":{"line":101,"column":16},"end":{"line":101,"column":60}},{"start":{"line":101,"column":64},"end":{"line":101,"column":107}},{"start":{"line":102,"column":16},"end":{"line":102,"column":65}},{"start":{"line":102,"column":69},"end":{"line":102,"column":117}}],"line":99},"6":{"loc":{"start":{"line":107,"column":8},"end":{"line":109,"column":9}},"type":"if","locations":[{"start":{"line":107,"column":8},"end":{"line":109,"column":9}},{"start":{},"end":{}}],"line":107},"7":{"loc":{"start":{"line":107,"column":12},"end":{"line":107,"column":56}},"type":"binary-expr","locations":[{"start":{"line":107,"column":12},"end":{"line":107,"column":30}},{"start":{"line":107,"column":34},"end":{"line":107,"column":56}}],"line":107},"8":{"loc":{"start":{"line":112,"column":8},"end":{"line":205,"column":9}},"type":"if","locations":[{"start":{"line":112,"column":8},"end":{"line":205,"column":9}},{"start":{"line":118,"column":13},"end":{"line":205,"column":9}}],"line":112},"9":{"loc":{"start":{"line":118,"column":13},"end":{"line":205,"column":9}},"type":"if","locations":[{"start":{"line":118,"column":13},"end":{"line":205,"column":9}},{"start":{"line":123,"column":13},"end":{"line":205,"column":9}}],"line":118},"10":{"loc":{"start":{"line":128,"column":12},"end":{"line":130,"column":13}},"type":"if","locations":[{"start":{"line":128,"column":12},"end":{"line":130,"column":13}},{"start":{},"end":{}}],"line":128},"11":{"loc":{"start":{"line":132,"column":12},"end":{"line":134,"column":13}},"type":"if","locations":[{"start":{"line":132,"column":12},"end":{"line":134,"column":13}},{"start":{},"end":{}}],"line":132},"12":{"loc":{"start":{"line":136,"column":12},"end":{"line":202,"column":13}},"type":"if","locations":[{"start":{"line":136,"column":12},"end":{"line":202,"column":13}},{"start":{},"end":{}}],"line":136},"13":{"loc":{"start":{"line":139,"column":16},"end":{"line":142,"column":17}},"type":"if","locations":[{"start":{"line":139,"column":16},"end":{"line":142,"column":17}},{"start":{},"end":{}}],"line":139},"14":{"loc":{"start":{"line":139,"column":20},"end":{"line":139,"column":138}},"type":"binary-expr","locations":[{"start":{"line":139,"column":20},"end":{"line":139,"column":77}},{"start":{"line":139,"column":81},"end":{"line":139,"column":138}}],"line":139},"15":{"loc":{"start":{"line":144,"column":16},"end":{"line":148,"column":17}},"type":"if","locations":[{"start":{"line":144,"column":16},"end":{"line":148,"column":17}},{"start":{},"end":{}}],"line":144},"16":{"loc":{"start":{"line":144,"column":20},"end":{"line":145,"column":143}},"type":"binary-expr","locations":[{"start":{"line":144,"column":20},"end":{"line":144,"column":48}},{"start":{"line":145,"column":23},"end":{"line":145,"column":81}},{"start":{"line":145,"column":85},"end":{"line":145,"column":143}}],"line":144},"17":{"loc":{"start":{"line":150,"column":16},"end":{"line":200,"column":17}},"type":"if","locations":[{"start":{"line":150,"column":16},"end":{"line":200,"column":17}},{"start":{"line":176,"column":21},"end":{"line":200,"column":17}}],"line":150},"18":{"loc":{"start":{"line":153,"column":20},"end":{"line":156,"column":21}},"type":"if","locations":[{"start":{"line":153,"column":20},"end":{"line":156,"column":21}},{"start":{},"end":{}}],"line":153},"19":{"loc":{"start":{"line":158,"column":20},"end":{"line":172,"column":21}},"type":"if","locations":[{"start":{"line":158,"column":20},"end":{"line":172,"column":21}},{"start":{},"end":{}}],"line":158},"20":{"loc":{"start":{"line":162,"column":24},"end":{"line":164,"column":25}},"type":"if","locations":[{"start":{"line":162,"column":24},"end":{"line":164,"column":25}},{"start":{},"end":{}}],"line":162},"21":{"loc":{"start":{"line":176,"column":21},"end":{"line":200,"column":17}},"type":"if","locations":[{"start":{"line":176,"column":21},"end":{"line":200,"column":17}},{"start":{},"end":{}}],"line":176},"22":{"loc":{"start":{"line":179,"column":20},"end":{"line":182,"column":21}},"type":"if","locations":[{"start":{"line":179,"column":20},"end":{"line":182,"column":21}},{"start":{},"end":{}}],"line":179},"23":{"loc":{"start":{"line":184,"column":20},"end":{"line":198,"column":21}},"type":"if","locations":[{"start":{"line":184,"column":20},"end":{"line":198,"column":21}},{"start":{},"end":{}}],"line":184},"24":{"loc":{"start":{"line":188,"column":24},"end":{"line":190,"column":25}},"type":"if","locations":[{"start":{"line":188,"column":24},"end":{"line":190,"column":25}},{"start":{},"end":{}}],"line":188},"25":{"loc":{"start":{"line":235,"column":8},"end":{"line":237,"column":9}},"type":"if","locations":[{"start":{"line":235,"column":8},"end":{"line":237,"column":9}},{"start":{},"end":{}}],"line":235},"26":{"loc":{"start":{"line":240,"column":8},"end":{"line":242,"column":9}},"type":"if","locations":[{"start":{"line":240,"column":8},"end":{"line":242,"column":9}},{"start":{},"end":{}}],"line":240},"27":{"loc":{"start":{"line":240,"column":12},"end":{"line":240,"column":91}},"type":"binary-expr","locations":[{"start":{"line":240,"column":12},"end":{"line":240,"column":64}},{"start":{"line":240,"column":68},"end":{"line":240,"column":91}}],"line":240},"28":{"loc":{"start":{"line":244,"column":8},"end":{"line":249,"column":9}},"type":"if","locations":[{"start":{"line":244,"column":8},"end":{"line":249,"column":9}},{"start":{},"end":{}}],"line":244},"29":{"loc":{"start":{"line":244,"column":12},"end":{"line":247,"column":118}},"type":"binary-expr","locations":[{"start":{"line":244,"column":13},"end":{"line":244,"column":57}},{"start":{"line":244,"column":61},"end":{"line":244,"column":104}},{"start":{"line":245,"column":16},"end":{"line":245,"column":65}},{"start":{"line":245,"column":69},"end":{"line":245,"column":117}},{"start":{"line":246,"column":16},"end":{"line":246,"column":60}},{"start":{"line":246,"column":64},"end":{"line":246,"column":107}},{"start":{"line":247,"column":16},"end":{"line":247,"column":65}},{"start":{"line":247,"column":69},"end":{"line":247,"column":117}}],"line":244},"30":{"loc":{"start":{"line":252,"column":8},"end":{"line":254,"column":9}},"type":"if","locations":[{"start":{"line":252,"column":8},"end":{"line":254,"column":9}},{"start":{},"end":{}}],"line":252},"31":{"loc":{"start":{"line":252,"column":12},"end":{"line":252,"column":56}},"type":"binary-expr","locations":[{"start":{"line":252,"column":12},"end":{"line":252,"column":30}},{"start":{"line":252,"column":34},"end":{"line":252,"column":56}}],"line":252},"32":{"loc":{"start":{"line":258,"column":8},"end":{"line":261,"column":9}},"type":"if","locations":[{"start":{"line":258,"column":8},"end":{"line":261,"column":9}},{"start":{},"end":{}}],"line":258},"33":{"loc":{"start":{"line":258,"column":12},"end":{"line":258,"column":116}},"type":"binary-expr","locations":[{"start":{"line":258,"column":12},"end":{"line":258,"column":62}},{"start":{"line":258,"column":66},"end":{"line":258,"column":116}}],"line":258},"34":{"loc":{"start":{"line":263,"column":8},"end":{"line":277,"column":9}},"type":"if","locations":[{"start":{"line":263,"column":8},"end":{"line":277,"column":9}},{"start":{},"end":{}}],"line":263},"35":{"loc":{"start":{"line":266,"column":12},"end":{"line":269,"column":13}},"type":"if","locations":[{"start":{"line":266,"column":12},"end":{"line":269,"column":13}},{"start":{},"end":{}}],"line":266},"36":{"loc":{"start":{"line":271,"column":12},"end":{"line":274,"column":13}},"type":"if","locations":[{"start":{"line":271,"column":12},"end":{"line":274,"column":13}},{"start":{},"end":{}}],"line":271},"37":{"loc":{"start":{"line":279,"column":8},"end":{"line":293,"column":9}},"type":"if","locations":[{"start":{"line":279,"column":8},"end":{"line":293,"column":9}},{"start":{},"end":{}}],"line":279},"38":{"loc":{"start":{"line":282,"column":12},"end":{"line":285,"column":13}},"type":"if","locations":[{"start":{"line":282,"column":12},"end":{"line":285,"column":13}},{"start":{},"end":{}}],"line":282},"39":{"loc":{"start":{"line":287,"column":12},"end":{"line":290,"column":13}},"type":"if","locations":[{"start":{"line":287,"column":12},"end":{"line":290,"column":13}},{"start":{},"end":{}}],"line":287},"40":{"loc":{"start":{"line":295,"column":8},"end":{"line":297,"column":9}},"type":"if","locations":[{"start":{"line":295,"column":8},"end":{"line":297,"column":9}},{"start":{},"end":{}}],"line":295},"41":{"loc":{"start":{"line":295,"column":12},"end":{"line":295,"column":114}},"type":"binary-expr","locations":[{"start":{"line":295,"column":12},"end":{"line":295,"column":61}},{"start":{"line":295,"column":65},"end":{"line":295,"column":114}}],"line":295},"42":{"loc":{"start":{"line":300,"column":8},"end":{"line":330,"column":9}},"type":"if","locations":[{"start":{"line":300,"column":8},"end":{"line":330,"column":9}},{"start":{"line":313,"column":13},"end":{"line":330,"column":9}}],"line":300},"43":{"loc":{"start":{"line":300,"column":12},"end":{"line":300,"column":115}},"type":"binary-expr","locations":[{"start":{"line":300,"column":12},"end":{"line":300,"column":61}},{"start":{"line":300,"column":65},"end":{"line":300,"column":115}}],"line":300},"44":{"loc":{"start":{"line":303,"column":12},"end":{"line":308,"column":13}},"type":"if","locations":[{"start":{"line":303,"column":12},"end":{"line":308,"column":13}},{"start":{},"end":{}}],"line":303},"45":{"loc":{"start":{"line":303,"column":16},"end":{"line":304,"column":133}},"type":"binary-expr","locations":[{"start":{"line":303,"column":16},"end":{"line":303,"column":41}},{"start":{"line":304,"column":19},"end":{"line":304,"column":74}},{"start":{"line":304,"column":78},"end":{"line":304,"column":133}}],"line":303},"46":{"loc":{"start":{"line":313,"column":13},"end":{"line":330,"column":9}},"type":"if","locations":[{"start":{"line":313,"column":13},"end":{"line":330,"column":9}},{"start":{"line":326,"column":13},"end":{"line":330,"column":9}}],"line":313},"47":{"loc":{"start":{"line":313,"column":17},"end":{"line":313,"column":120}},"type":"binary-expr","locations":[{"start":{"line":313,"column":17},"end":{"line":313,"column":67}},{"start":{"line":313,"column":71},"end":{"line":313,"column":120}}],"line":313},"48":{"loc":{"start":{"line":316,"column":12},"end":{"line":321,"column":13}},"type":"if","locations":[{"start":{"line":316,"column":12},"end":{"line":321,"column":13}},{"start":{},"end":{}}],"line":316},"49":{"loc":{"start":{"line":316,"column":16},"end":{"line":317,"column":133}},"type":"binary-expr","locations":[{"start":{"line":316,"column":16},"end":{"line":316,"column":41}},{"start":{"line":317,"column":19},"end":{"line":317,"column":74}},{"start":{"line":317,"column":78},"end":{"line":317,"column":133}}],"line":316},"50":{"loc":{"start":{"line":326,"column":13},"end":{"line":330,"column":9}},"type":"if","locations":[{"start":{"line":326,"column":13},"end":{"line":330,"column":9}},{"start":{},"end":{}}],"line":326},"51":{"loc":{"start":{"line":326,"column":17},"end":{"line":326,"column":119}},"type":"binary-expr","locations":[{"start":{"line":326,"column":17},"end":{"line":326,"column":66}},{"start":{"line":326,"column":70},"end":{"line":326,"column":119}}],"line":326},"52":{"loc":{"start":{"line":333,"column":8},"end":{"line":337,"column":9}},"type":"if","locations":[{"start":{"line":333,"column":8},"end":{"line":337,"column":9}},{"start":{},"end":{}}],"line":333},"53":{"loc":{"start":{"line":369,"column":8},"end":{"line":371,"column":9}},"type":"if","locations":[{"start":{"line":369,"column":8},"end":{"line":371,"column":9}},{"start":{},"end":{}}],"line":369},"54":{"loc":{"start":{"line":375,"column":8},"end":{"line":377,"column":9}},"type":"if","locations":[{"start":{"line":375,"column":8},"end":{"line":377,"column":9}},{"start":{},"end":{}}],"line":375},"55":{"loc":{"start":{"line":375,"column":12},"end":{"line":375,"column":56}},"type":"binary-expr","locations":[{"start":{"line":375,"column":12},"end":{"line":375,"column":30}},{"start":{"line":375,"column":34},"end":{"line":375,"column":56}}],"line":375},"56":{"loc":{"start":{"line":379,"column":8},"end":{"line":381,"column":9}},"type":"if","locations":[{"start":{"line":379,"column":8},"end":{"line":381,"column":9}},{"start":{},"end":{}}],"line":379},"57":{"loc":{"start":{"line":379,"column":12},"end":{"line":379,"column":99}},"type":"binary-expr","locations":[{"start":{"line":379,"column":12},"end":{"line":379,"column":68}},{"start":{"line":379,"column":72},"end":{"line":379,"column":99}}],"line":379},"58":{"loc":{"start":{"line":383,"column":8},"end":{"line":388,"column":9}},"type":"if","locations":[{"start":{"line":383,"column":8},"end":{"line":388,"column":9}},{"start":{},"end":{}}],"line":383},"59":{"loc":{"start":{"line":383,"column":12},"end":{"line":386,"column":118}},"type":"binary-expr","locations":[{"start":{"line":383,"column":13},"end":{"line":383,"column":57}},{"start":{"line":383,"column":61},"end":{"line":383,"column":104}},{"start":{"line":384,"column":16},"end":{"line":384,"column":65}},{"start":{"line":384,"column":69},"end":{"line":384,"column":117}},{"start":{"line":385,"column":16},"end":{"line":385,"column":60}},{"start":{"line":385,"column":64},"end":{"line":385,"column":107}},{"start":{"line":386,"column":16},"end":{"line":386,"column":65}},{"start":{"line":386,"column":69},"end":{"line":386,"column":117}}],"line":383},"60":{"loc":{"start":{"line":392,"column":8},"end":{"line":394,"column":9}},"type":"if","locations":[{"start":{"line":392,"column":8},"end":{"line":394,"column":9}},{"start":{},"end":{}}],"line":392},"61":{"loc":{"start":{"line":396,"column":8},"end":{"line":400,"column":9}},"type":"if","locations":[{"start":{"line":396,"column":8},"end":{"line":400,"column":9}},{"start":{},"end":{}}],"line":396},"62":{"loc":{"start":{"line":396,"column":12},"end":{"line":397,"column":135}},"type":"binary-expr","locations":[{"start":{"line":396,"column":12},"end":{"line":396,"column":40}},{"start":{"line":397,"column":15},"end":{"line":397,"column":73}},{"start":{"line":397,"column":77},"end":{"line":397,"column":135}}],"line":396},"63":{"loc":{"start":{"line":402,"column":8},"end":{"line":404,"column":9}},"type":"if","locations":[{"start":{"line":402,"column":8},"end":{"line":404,"column":9}},{"start":{},"end":{}}],"line":402},"64":{"loc":{"start":{"line":410,"column":8},"end":{"line":413,"column":9}},"type":"if","locations":[{"start":{"line":410,"column":8},"end":{"line":413,"column":9}},{"start":{},"end":{}}],"line":410},"65":{"loc":{"start":{"line":415,"column":8},"end":{"line":479,"column":9}},"type":"if","locations":[{"start":{"line":415,"column":8},"end":{"line":479,"column":9}},{"start":{"line":448,"column":13},"end":{"line":479,"column":9}}],"line":415},"66":{"loc":{"start":{"line":420,"column":12},"end":{"line":425,"column":13}},"type":"if","locations":[{"start":{"line":420,"column":12},"end":{"line":425,"column":13}},{"start":{},"end":{}}],"line":420},"67":{"loc":{"start":{"line":420,"column":15},"end":{"line":420,"column":83}},"type":"binary-expr","locations":[{"start":{"line":420,"column":15},"end":{"line":420,"column":49}},{"start":{"line":420,"column":53},"end":{"line":420,"column":83}}],"line":420},"68":{"loc":{"start":{"line":427,"column":12},"end":{"line":433,"column":13}},"type":"if","locations":[{"start":{"line":427,"column":12},"end":{"line":433,"column":13}},{"start":{},"end":{}}],"line":427},"69":{"loc":{"start":{"line":427,"column":15},"end":{"line":427,"column":67}},"type":"binary-expr","locations":[{"start":{"line":427,"column":15},"end":{"line":427,"column":41}},{"start":{"line":427,"column":45},"end":{"line":427,"column":67}}],"line":427},"70":{"loc":{"start":{"line":429,"column":20},"end":{"line":431,"column":21}},"type":"if","locations":[{"start":{"line":429,"column":20},"end":{"line":431,"column":21}},{"start":{},"end":{}}],"line":429},"71":{"loc":{"start":{"line":437,"column":12},"end":{"line":439,"column":13}},"type":"if","locations":[{"start":{"line":437,"column":12},"end":{"line":439,"column":13}},{"start":{},"end":{}}],"line":437},"72":{"loc":{"start":{"line":448,"column":13},"end":{"line":479,"column":9}},"type":"if","locations":[{"start":{"line":448,"column":13},"end":{"line":479,"column":9}},{"start":{},"end":{}}],"line":448},"73":{"loc":{"start":{"line":453,"column":12},"end":{"line":458,"column":13}},"type":"if","locations":[{"start":{"line":453,"column":12},"end":{"line":458,"column":13}},{"start":{},"end":{}}],"line":453},"74":{"loc":{"start":{"line":453,"column":15},"end":{"line":453,"column":77}},"type":"binary-expr","locations":[{"start":{"line":453,"column":15},"end":{"line":453,"column":46}},{"start":{"line":453,"column":50},"end":{"line":453,"column":77}}],"line":453},"75":{"loc":{"start":{"line":460,"column":12},"end":{"line":466,"column":13}},"type":"if","locations":[{"start":{"line":460,"column":12},"end":{"line":466,"column":13}},{"start":{},"end":{}}],"line":460},"76":{"loc":{"start":{"line":460,"column":15},"end":{"line":460,"column":61}},"type":"binary-expr","locations":[{"start":{"line":460,"column":15},"end":{"line":460,"column":38}},{"start":{"line":460,"column":42},"end":{"line":460,"column":61}}],"line":460},"77":{"loc":{"start":{"line":462,"column":20},"end":{"line":464,"column":21}},"type":"if","locations":[{"start":{"line":462,"column":20},"end":{"line":464,"column":21}},{"start":{},"end":{}}],"line":462},"78":{"loc":{"start":{"line":470,"column":12},"end":{"line":472,"column":13}},"type":"if","locations":[{"start":{"line":470,"column":12},"end":{"line":472,"column":13}},{"start":{},"end":{}}],"line":470},"79":{"loc":{"start":{"line":496,"column":8},"end":{"line":498,"column":9}},"type":"if","locations":[{"start":{"line":496,"column":8},"end":{"line":498,"column":9}},{"start":{},"end":{}}],"line":496},"80":{"loc":{"start":{"line":496,"column":12},"end":{"line":496,"column":106}},"type":"binary-expr","locations":[{"start":{"line":496,"column":12},"end":{"line":496,"column":59}},{"start":{"line":496,"column":63},"end":{"line":496,"column":106}}],"line":496},"81":{"loc":{"start":{"line":509,"column":8},"end":{"line":511,"column":9}},"type":"if","locations":[{"start":{"line":509,"column":8},"end":{"line":511,"column":9}},{"start":{},"end":{}}],"line":509},"82":{"loc":{"start":{"line":513,"column":8},"end":{"line":516,"column":9}},"type":"if","locations":[{"start":{"line":513,"column":8},"end":{"line":516,"column":9}},{"start":{},"end":{}}],"line":513},"83":{"loc":{"start":{"line":525,"column":8},"end":{"line":528,"column":9}},"type":"if","locations":[{"start":{"line":525,"column":8},"end":{"line":528,"column":9}},{"start":{},"end":{}}],"line":525},"84":{"loc":{"start":{"line":530,"column":8},"end":{"line":533,"column":9}},"type":"if","locations":[{"start":{"line":530,"column":8},"end":{"line":533,"column":9}},{"start":{},"end":{}}],"line":530},"85":{"loc":{"start":{"line":530,"column":12},"end":{"line":530,"column":56}},"type":"binary-expr","locations":[{"start":{"line":530,"column":12},"end":{"line":530,"column":30}},{"start":{"line":530,"column":34},"end":{"line":530,"column":56}}],"line":530},"86":{"loc":{"start":{"line":561,"column":8},"end":{"line":564,"column":9}},"type":"if","locations":[{"start":{"line":561,"column":8},"end":{"line":564,"column":9}},{"start":{},"end":{}}],"line":561},"87":{"loc":{"start":{"line":566,"column":8},"end":{"line":569,"column":9}},"type":"if","locations":[{"start":{"line":566,"column":8},"end":{"line":569,"column":9}},{"start":{},"end":{}}],"line":566},"88":{"loc":{"start":{"line":566,"column":12},"end":{"line":566,"column":56}},"type":"binary-expr","locations":[{"start":{"line":566,"column":12},"end":{"line":566,"column":30}},{"start":{"line":566,"column":34},"end":{"line":566,"column":56}}],"line":566},"89":{"loc":{"start":{"line":571,"column":8},"end":{"line":580,"column":9}},"type":"if","locations":[{"start":{"line":571,"column":8},"end":{"line":580,"column":9}},{"start":{},"end":{}}],"line":571},"90":{"loc":{"start":{"line":573,"column":12},"end":{"line":579,"column":13}},"type":"if","locations":[{"start":{"line":573,"column":12},"end":{"line":579,"column":13}},{"start":{},"end":{}}],"line":573},"91":{"loc":{"start":{"line":574,"column":16},"end":{"line":578,"column":17}},"type":"if","locations":[{"start":{"line":574,"column":16},"end":{"line":578,"column":17}},{"start":{"line":576,"column":23},"end":{"line":578,"column":17}}],"line":574},"92":{"loc":{"start":{"line":584,"column":8},"end":{"line":597,"column":9}},"type":"if","locations":[{"start":{"line":584,"column":8},"end":{"line":597,"column":9}},{"start":{"line":589,"column":13},"end":{"line":597,"column":9}}],"line":584},"93":{"loc":{"start":{"line":584,"column":12},"end":{"line":584,"column":125}},"type":"binary-expr","locations":[{"start":{"line":584,"column":12},"end":{"line":584,"column":66}},{"start":{"line":584,"column":70},"end":{"line":584,"column":125}}],"line":584},"94":{"loc":{"start":{"line":589,"column":13},"end":{"line":597,"column":9}},"type":"if","locations":[{"start":{"line":589,"column":13},"end":{"line":597,"column":9}},{"start":{"line":594,"column":13},"end":{"line":597,"column":9}}],"line":589},"95":{"loc":{"start":{"line":589,"column":17},"end":{"line":589,"column":130}},"type":"binary-expr","locations":[{"start":{"line":589,"column":17},"end":{"line":589,"column":72}},{"start":{"line":589,"column":76},"end":{"line":589,"column":130}}],"line":589},"96":{"loc":{"start":{"line":594,"column":13},"end":{"line":597,"column":9}},"type":"if","locations":[{"start":{"line":594,"column":13},"end":{"line":597,"column":9}},{"start":{},"end":{}}],"line":594},"97":{"loc":{"start":{"line":594,"column":17},"end":{"line":594,"column":129}},"type":"binary-expr","locations":[{"start":{"line":594,"column":17},"end":{"line":594,"column":71}},{"start":{"line":594,"column":75},"end":{"line":594,"column":129}}],"line":594},"98":{"loc":{"start":{"line":599,"column":8},"end":{"line":606,"column":9}},"type":"if","locations":[{"start":{"line":599,"column":8},"end":{"line":606,"column":9}},{"start":{},"end":{}}],"line":599},"99":{"loc":{"start":{"line":599,"column":12},"end":{"line":600,"column":69}},"type":"binary-expr","locations":[{"start":{"line":599,"column":12},"end":{"line":599,"column":66}},{"start":{"line":600,"column":15},"end":{"line":600,"column":69}}],"line":599},"100":{"loc":{"start":{"line":601,"column":12},"end":{"line":605,"column":13}},"type":"if","locations":[{"start":{"line":601,"column":12},"end":{"line":605,"column":13}},{"start":{},"end":{}}],"line":601},"101":{"loc":{"start":{"line":608,"column":8},"end":{"line":622,"column":9}},"type":"if","locations":[{"start":{"line":608,"column":8},"end":{"line":622,"column":9}},{"start":{},"end":{}}],"line":608},"102":{"loc":{"start":{"line":612,"column":12},"end":{"line":621,"column":13}},"type":"if","locations":[{"start":{"line":612,"column":12},"end":{"line":621,"column":13}},{"start":{},"end":{}}],"line":612},"103":{"loc":{"start":{"line":612,"column":16},"end":{"line":612,"column":66}},"type":"binary-expr","locations":[{"start":{"line":612,"column":16},"end":{"line":612,"column":41}},{"start":{"line":612,"column":45},"end":{"line":612,"column":66}}],"line":612},"104":{"loc":{"start":{"line":616,"column":16},"end":{"line":620,"column":17}},"type":"if","locations":[{"start":{"line":616,"column":16},"end":{"line":620,"column":17}},{"start":{"line":618,"column":23},"end":{"line":620,"column":17}}],"line":616},"105":{"loc":{"start":{"line":646,"column":12},"end":{"line":652,"column":13}},"type":"if","locations":[{"start":{"line":646,"column":12},"end":{"line":652,"column":13}},{"start":{"line":649,"column":19},"end":{"line":652,"column":13}}],"line":646},"106":{"loc":{"start":{"line":677,"column":8},"end":{"line":679,"column":9}},"type":"if","locations":[{"start":{"line":677,"column":8},"end":{"line":679,"column":9}},{"start":{},"end":{}}],"line":677},"107":{"loc":{"start":{"line":682,"column":8},"end":{"line":684,"column":9}},"type":"if","locations":[{"start":{"line":682,"column":8},"end":{"line":684,"column":9}},{"start":{},"end":{}}],"line":682},"108":{"loc":{"start":{"line":687,"column":8},"end":{"line":689,"column":9}},"type":"if","locations":[{"start":{"line":687,"column":8},"end":{"line":689,"column":9}},{"start":{},"end":{}}],"line":687},"109":{"loc":{"start":{"line":687,"column":12},"end":{"line":687,"column":138}},"type":"binary-expr","locations":[{"start":{"line":687,"column":12},"end":{"line":687,"column":38}},{"start":{"line":687,"column":42},"end":{"line":687,"column":72}},{"start":{"line":687,"column":76},"end":{"line":687,"column":103}},{"start":{"line":687,"column":107},"end":{"line":687,"column":138}}],"line":687},"110":{"loc":{"start":{"line":691,"column":8},"end":{"line":695,"column":9}},"type":"if","locations":[{"start":{"line":691,"column":8},"end":{"line":695,"column":9}},{"start":{},"end":{}}],"line":691},"111":{"loc":{"start":{"line":691,"column":12},"end":{"line":692,"column":145}},"type":"binary-expr","locations":[{"start":{"line":691,"column":12},"end":{"line":691,"column":45}},{"start":{"line":692,"column":15},"end":{"line":692,"column":78}},{"start":{"line":692,"column":82},"end":{"line":692,"column":145}}],"line":691},"112":{"loc":{"start":{"line":697,"column":8},"end":{"line":699,"column":9}},"type":"if","locations":[{"start":{"line":697,"column":8},"end":{"line":699,"column":9}},{"start":{},"end":{}}],"line":697},"113":{"loc":{"start":{"line":701,"column":8},"end":{"line":703,"column":9}},"type":"if","locations":[{"start":{"line":701,"column":8},"end":{"line":703,"column":9}},{"start":{},"end":{}}],"line":701},"114":{"loc":{"start":{"line":706,"column":8},"end":{"line":817,"column":9}},"type":"if","locations":[{"start":{"line":706,"column":8},"end":{"line":817,"column":9}},{"start":{"line":760,"column":13},"end":{"line":817,"column":9}}],"line":706},"115":{"loc":{"start":{"line":709,"column":12},"end":{"line":757,"column":13}},"type":"if","locations":[{"start":{"line":709,"column":12},"end":{"line":757,"column":13}},{"start":{"line":734,"column":17},"end":{"line":757,"column":13}}],"line":709},"116":{"loc":{"start":{"line":711,"column":16},"end":{"line":714,"column":17}},"type":"if","locations":[{"start":{"line":711,"column":16},"end":{"line":714,"column":17}},{"start":{},"end":{}}],"line":711},"117":{"loc":{"start":{"line":716,"column":16},"end":{"line":730,"column":17}},"type":"if","locations":[{"start":{"line":716,"column":16},"end":{"line":730,"column":17}},{"start":{},"end":{}}],"line":716},"118":{"loc":{"start":{"line":720,"column":20},"end":{"line":722,"column":21}},"type":"if","locations":[{"start":{"line":720,"column":20},"end":{"line":722,"column":21}},{"start":{},"end":{}}],"line":720},"119":{"loc":{"start":{"line":734,"column":17},"end":{"line":757,"column":13}},"type":"if","locations":[{"start":{"line":734,"column":17},"end":{"line":757,"column":13}},{"start":{},"end":{}}],"line":734},"120":{"loc":{"start":{"line":736,"column":16},"end":{"line":739,"column":17}},"type":"if","locations":[{"start":{"line":736,"column":16},"end":{"line":739,"column":17}},{"start":{},"end":{}}],"line":736},"121":{"loc":{"start":{"line":741,"column":16},"end":{"line":755,"column":17}},"type":"if","locations":[{"start":{"line":741,"column":16},"end":{"line":755,"column":17}},{"start":{},"end":{}}],"line":741},"122":{"loc":{"start":{"line":745,"column":20},"end":{"line":747,"column":21}},"type":"if","locations":[{"start":{"line":745,"column":20},"end":{"line":747,"column":21}},{"start":{},"end":{}}],"line":745},"123":{"loc":{"start":{"line":760,"column":13},"end":{"line":817,"column":9}},"type":"if","locations":[{"start":{"line":760,"column":13},"end":{"line":817,"column":9}},{"start":{"line":776,"column":13},"end":{"line":817,"column":9}}],"line":760},"124":{"loc":{"start":{"line":763,"column":12},"end":{"line":766,"column":13}},"type":"if","locations":[{"start":{"line":763,"column":12},"end":{"line":766,"column":13}},{"start":{},"end":{}}],"line":763},"125":{"loc":{"start":{"line":767,"column":12},"end":{"line":771,"column":13}},"type":"if","locations":[{"start":{"line":767,"column":12},"end":{"line":771,"column":13}},{"start":{"line":769,"column":19},"end":{"line":771,"column":13}}],"line":767},"126":{"loc":{"start":{"line":769,"column":19},"end":{"line":771,"column":13}},"type":"if","locations":[{"start":{"line":769,"column":19},"end":{"line":771,"column":13}},{"start":{},"end":{}}],"line":769},"127":{"loc":{"start":{"line":776,"column":13},"end":{"line":817,"column":9}},"type":"if","locations":[{"start":{"line":776,"column":13},"end":{"line":817,"column":9}},{"start":{},"end":{}}],"line":776},"128":{"loc":{"start":{"line":779,"column":12},"end":{"line":781,"column":13}},"type":"if","locations":[{"start":{"line":779,"column":12},"end":{"line":781,"column":13}},{"start":{},"end":{}}],"line":779},"129":{"loc":{"start":{"line":784,"column":12},"end":{"line":814,"column":13}},"type":"if","locations":[{"start":{"line":784,"column":12},"end":{"line":814,"column":13}},{"start":{"line":800,"column":17},"end":{"line":814,"column":13}}],"line":784},"130":{"loc":{"start":{"line":789,"column":16},"end":{"line":791,"column":17}},"type":"if","locations":[{"start":{"line":789,"column":16},"end":{"line":791,"column":17}},{"start":{},"end":{}}],"line":789},"131":{"loc":{"start":{"line":800,"column":17},"end":{"line":814,"column":13}},"type":"if","locations":[{"start":{"line":800,"column":17},"end":{"line":814,"column":13}},{"start":{},"end":{}}],"line":800},"132":{"loc":{"start":{"line":805,"column":16},"end":{"line":807,"column":17}},"type":"if","locations":[{"start":{"line":805,"column":16},"end":{"line":807,"column":17}},{"start":{},"end":{}}],"line":805},"133":{"loc":{"start":{"line":838,"column":8},"end":{"line":840,"column":9}},"type":"if","locations":[{"start":{"line":838,"column":8},"end":{"line":840,"column":9}},{"start":{},"end":{}}],"line":838},"134":{"loc":{"start":{"line":843,"column":8},"end":{"line":845,"column":9}},"type":"if","locations":[{"start":{"line":843,"column":8},"end":{"line":845,"column":9}},{"start":{},"end":{}}],"line":843},"135":{"loc":{"start":{"line":843,"column":12},"end":{"line":843,"column":56}},"type":"binary-expr","locations":[{"start":{"line":843,"column":12},"end":{"line":843,"column":30}},{"start":{"line":843,"column":34},"end":{"line":843,"column":56}}],"line":843},"136":{"loc":{"start":{"line":850,"column":8},"end":{"line":906,"column":9}},"type":"if","locations":[{"start":{"line":850,"column":8},"end":{"line":906,"column":9}},{"start":{"line":900,"column":13},"end":{"line":906,"column":9}}],"line":850},"137":{"loc":{"start":{"line":850,"column":13},"end":{"line":851,"column":130}},"type":"binary-expr","locations":[{"start":{"line":850,"column":13},"end":{"line":850,"column":38}},{"start":{"line":851,"column":16},"end":{"line":851,"column":71}},{"start":{"line":851,"column":75},"end":{"line":851,"column":130}}],"line":850},"138":{"loc":{"start":{"line":859,"column":12},"end":{"line":866,"column":13}},"type":"if","locations":[{"start":{"line":859,"column":12},"end":{"line":866,"column":13}},{"start":{"line":863,"column":19},"end":{"line":866,"column":13}}],"line":859},"139":{"loc":{"start":{"line":859,"column":16},"end":{"line":859,"column":66}},"type":"binary-expr","locations":[{"start":{"line":859,"column":16},"end":{"line":859,"column":39}},{"start":{"line":859,"column":43},"end":{"line":859,"column":66}}],"line":859},"140":{"loc":{"start":{"line":863,"column":19},"end":{"line":866,"column":13}},"type":"if","locations":[{"start":{"line":863,"column":19},"end":{"line":866,"column":13}},{"start":{},"end":{}}],"line":863},"141":{"loc":{"start":{"line":863,"column":23},"end":{"line":863,"column":73}},"type":"binary-expr","locations":[{"start":{"line":863,"column":23},"end":{"line":863,"column":46}},{"start":{"line":863,"column":50},"end":{"line":863,"column":73}}],"line":863},"142":{"loc":{"start":{"line":869,"column":12},"end":{"line":873,"column":13}},"type":"if","locations":[{"start":{"line":869,"column":12},"end":{"line":873,"column":13}},{"start":{},"end":{}}],"line":869},"143":{"loc":{"start":{"line":872,"column":67},"end":{"line":872,"column":114}},"type":"cond-expr","locations":[{"start":{"line":872,"column":92},"end":{"line":872,"column":108}},{"start":{"line":872,"column":111},"end":{"line":872,"column":114}}],"line":872},"144":{"loc":{"start":{"line":877,"column":12},"end":{"line":897,"column":13}},"type":"if","locations":[{"start":{"line":877,"column":12},"end":{"line":897,"column":13}},{"start":{"line":888,"column":17},"end":{"line":897,"column":13
[...]
:20},"end":{"line":147,"column":32}},"84":{"start":{"line":149,"column":20},"end":{"line":149,"column":36}},"85":{"start":{"line":153,"column":12},"end":{"line":153,"column":31}},"86":{"start":{"line":154,"column":12},"end":{"line":154,"column":26}},"87":{"start":{"line":161,"column":32},"end":{"line":179,"column":1}},"88":{"start":{"line":162,"column":4},"end":{"line":178,"column":7}},"89":{"start":{"line":163,"column":8},"end":{"line":177,"column":9}},"90":{"start":{"line":164,"column":26},"end":{"line":164,"column":71}},"91":{"start":{"line":165,"column":27},"end":{"line":165,"column":39}},"92":{"start":{"line":166,"column":12},"end":{"line":173,"column":15}},"93":{"start":{"line":167,"column":16},"end":{"line":172,"column":17}},"94":{"start":{"line":168,"column":20},"end":{"line":168,"column":37}},"95":{"start":{"line":169,"column":20},"end":{"line":169,"column":32}},"96":{"start":{"line":171,"column":20},"end":{"line":171,"column":36}},"97":{"start":{"line":175,"column":12},"end":{"line":175,"column":31}},"98":{"start":{"line":176,"column":12},"end":{"line":176,"column":26}},"99":{"start":{"line":183,"column":39},"end":{"line":201,"column":1}},"100":{"start":{"line":184,"column":4},"end":{"line":200,"column":7}},"101":{"start":{"line":185,"column":8},"end":{"line":199,"column":9}},"102":{"start":{"line":186,"column":26},"end":{"line":186,"column":84}},"103":{"start":{"line":187,"column":27},"end":{"line":187,"column":46}},"104":{"start":{"line":188,"column":12},"end":{"line":195,"column":15}},"105":{"start":{"line":189,"column":16},"end":{"line":194,"column":17}},"106":{"start":{"line":190,"column":20},"end":{"line":190,"column":37}},"107":{"start":{"line":191,"column":20},"end":{"line":191,"column":32}},"108":{"start":{"line":193,"column":20},"end":{"line":193,"column":36}},"109":{"start":{"line":197,"column":12},"end":{"line":197,"column":31}},"110":{"start":{"line":198,"column":12},"end":{"line":198,"column":26}},"111":{"start":{"line":206,"column":40},"end":{"line":224,"column":1}},"112":{"start":{"line":207,"column":4},"end":{"line":223,"column":7}},"113":{"start":{"line":208,"column":8},"end":{"line":222,"column":9}},"114":{"start":{"line":209,"column":26},"end":{"line":209,"column":85}},"115":{"start":{"line":210,"column":27},"end":{"line":210,"column":46}},"116":{"start":{"line":211,"column":12},"end":{"line":218,"column":15}},"117":{"start":{"line":212,"column":16},"end":{"line":217,"column":17}},"118":{"start":{"line":213,"column":20},"end":{"line":213,"column":37}},"119":{"start":{"line":214,"column":20},"end":{"line":214,"column":32}},"120":{"start":{"line":216,"column":20},"end":{"line":216,"column":36}},"121":{"start":{"line":220,"column":12},"end":{"line":220,"column":31}},"122":{"start":{"line":221,"column":12},"end":{"line":221,"column":26}},"123":{"start":{"line":228,"column":36},"end":{"line":246,"column":1}},"124":{"start":{"line":229,"column":4},"end":{"line":245,"column":7}},"125":{"start":{"line":230,"column":8},"end":{"line":244,"column":9}},"126":{"start":{"line":231,"column":26},"end":{"line":231,"column":124}},"127":{"start":{"line":232,"column":27},"end":{"line":232,"column":46}},"128":{"start":{"line":233,"column":12},"end":{"line":240,"column":15}},"129":{"start":{"line":234,"column":16},"end":{"line":239,"column":17}},"130":{"start":{"line":235,"column":20},"end":{"line":235,"column":37}},"131":{"start":{"line":236,"column":20},"end":{"line":236,"column":32}},"132":{"start":{"line":238,"column":20},"end":{"line":238,"column":57}},"133":{"start":{"line":242,"column":12},"end":{"line":242,"column":31}},"134":{"start":{"line":243,"column":12},"end":{"line":243,"column":26}},"135":{"start":{"line":250,"column":33},"end":{"line":268,"column":1}},"136":{"start":{"line":251,"column":4},"end":{"line":267,"column":7}},"137":{"start":{"line":252,"column":8},"end":{"line":266,"column":9}},"138":{"start":{"line":253,"column":26},"end":{"line":253,"column":121}},"139":{"start":{"line":254,"column":27},"end":{"line":254,"column":43}},"140":{"start":{"line":255,"column":12},"end":{"line":262,"column":15}},"141":{"start":{"line":256,"column":16},"end":{"line":261,"column":17}},"142":{"start":{"line":257,"column":20},"end":{"line":257,"column":37}},"143":{"start":{"line":258,"column":20},"end":{"line":258,"column":32}},"144":{"start":{"line":260,"column":20},"end":{"line":260,"column":57}},"145":{"start":{"line":264,"column":12},"end":{"line":264,"column":31}},"146":{"start":{"line":265,"column":12},"end":{"line":265,"column":26}},"147":{"start":{"line":272,"column":0},"end":{"line":285,"column":2}}},"fnMap":{"0":{"name":"(anonymous_0)","decl":{"start":{"line":5,"column":20},"end":{"line":5,"column":21}},"loc":{"start":{"line":5,"column":30},"end":{"line":24,"column":1}},"line":5},"1":{"name":"(anonymous_1)","decl":{"start":{"line":6,"column":23},"end":{"line":6,"column":24}},"loc":{"start":{"line":6,"column":44},"end":{"line":23,"column":5}},"line":6},"2":{"name":"(anonymous_2)","decl":{"start":{"line":11,"column":47},"end":{"line":11,"column":48}},"loc":{"start":{"line":11,"column":64},"end":{"line":18,"column":13}},"line":11},"3":{"name":"(anonymous_3)","decl":{"start":{"line":28,"column":23},"end":{"line":28,"column":24}},"loc":{"start":{"line":28,"column":39},"end":{"line":47,"column":1}},"line":28},"4":{"name":"(anonymous_4)","decl":{"start":{"line":29,"column":23},"end":{"line":29,"column":24}},"loc":{"start":{"line":29,"column":44},"end":{"line":46,"column":5}},"line":29},"5":{"name":"(anonymous_5)","decl":{"start":{"line":34,"column":47},"end":{"line":34,"column":48}},"loc":{"start":{"line":34,"column":64},"end":{"line":41,"column":13}},"line":34},"6":{"name":"(anonymous_6)","decl":{"start":{"line":51,"column":23},"end":{"line":51,"column":24}},"loc":{"start":{"line":51,"column":45},"end":{"line":70,"column":1}},"line":51},"7":{"name":"(anonymous_7)","decl":{"start":{"line":52,"column":23},"end":{"line":52,"column":24}},"loc":{"start":{"line":52,"column":44},"end":{"line":69,"column":5}},"line":52},"8":{"name":"(anonymous_8)","decl":{"start":{"line":56,"column":47},"end":{"line":56,"column":48}},"loc":{"start":{"line":56,"column":64},"end":{"line":64,"column":13}},"line":56},"9":{"name":"(anonymous_9)","decl":{"start":{"line":74,"column":24},"end":{"line":74,"column":25}},"loc":{"start":{"line":74,"column":36},"end":{"line":91,"column":1}},"line":74},"10":{"name":"(anonymous_10)","decl":{"start":{"line":75,"column":23},"end":{"line":75,"column":24}},"loc":{"start":{"line":75,"column":44},"end":{"line":90,"column":5}},"line":75},"11":{"name":"(anonymous_11)","decl":{"start":{"line":78,"column":39},"end":{"line":78,"column":40}},"loc":{"start":{"line":78,"column":56},"end":{"line":85,"column":13}},"line":78},"12":{"name":"(anonymous_12)","decl":{"start":{"line":95,"column":31},"end":{"line":95,"column":32}},"loc":{"start":{"line":95,"column":52},"end":{"line":113,"column":1}},"line":95},"13":{"name":"(anonymous_13)","decl":{"start":{"line":96,"column":23},"end":{"line":96,"column":24}},"loc":{"start":{"line":96,"column":44},"end":{"line":112,"column":5}},"line":96},"14":{"name":"(anonymous_14)","decl":{"start":{"line":100,"column":47},"end":{"line":100,"column":48}},"loc":{"start":{"line":100,"column":64},"end":{"line":107,"column":13}},"line":100},"15":{"name":"(anonymous_15)","decl":{"start":{"line":117,"column":28},"end":{"line":117,"column":29}},"loc":{"start":{"line":117,"column":46},"end":{"line":135,"column":1}},"line":117},"16":{"name":"(anonymous_16)","decl":{"start":{"line":118,"column":23},"end":{"line":118,"column":24}},"loc":{"start":{"line":118,"column":44},"end":{"line":134,"column":5}},"line":118},"17":{"name":"(anonymous_17)","decl":{"start":{"line":122,"column":47},"end":{"line":122,"column":48}},"loc":{"start":{"line":122,"column":64},"end":{"line":129,"column":13}},"line":122},"18":{"name":"(anonymous_18)","decl":{"start":{"line":139,"column":28},"end":{"line":139,"column":29}},"loc":{"start":{"line":139,"column":46},"end":{"line":157,"column":1}},"line":139},"19":{"name":"(anonymous_19)","decl":{"start":{"line":140,"column":23},"end":{"line":140,"column":24}},"loc":{"start":{"line":140,"column":44},"end":{"line":156,"column":5}},"line":140},"20":{"name":"(anonymous_20)","decl":{"start":{"line":144,"column":47},"end":{"line":144,"column":48}},"loc":{"start":{"line":144,"column":64},"end":{"line":151,"column":13}},"line":144},"21":{"name":"(anonymous_21)","decl":{"start":{"line":161,"column":32},"end":{"line":161,"column":33}},"loc":{"start":{"line":161,"column":54},"end":{"line":179,"column":1}},"line":161},"22":{"name":"(anonymous_22)","decl":{"start":{"line":162,"column":23},"end":{"line":162,"column":24}},"loc":{"start":{"line":162,"column":44},"end":{"line":178,"column":5}},"line":162},"23":{"name":"(anonymous_23)","decl":{"start":{"line":166,"column":47},"end":{"line":166,"column":48}},"loc":{"start":{"line":166,"column":64},"end":{"line":173,"column":13}},"line":166},"24":{"name":"(anonymous_24)","decl":{"start":{"line":183,"column":39},"end":{"line":183,"column":40}},"loc":{"start":{"line":183,"column":68},"end":{"line":201,"column":1}},"line":183},"25":{"name":"(anonymous_25)","decl":{"start":{"line":184,"column":23},"end":{"line":184,"column":24}},"loc":{"start":{"line":184,"column":44},"end":{"line":200,"column":5}},"line":184},"26":{"name":"(anonymous_26)","decl":{"start":{"line":188,"column":47},"end":{"line":188,"column":48}},"loc":{"start":{"line":188,"column":64},"end":{"line":195,"column":13}},"line":188},"27":{"name":"(anonymous_27)","decl":{"start":{"line":206,"column":40},"end":{"line":206,"column":41}},"loc":{"start":{"line":206,"column":69},"end":{"line":224,"column":1}},"line":206},"28":{"name":"(anonymous_28)","decl":{"start":{"line":207,"column":23},"end":{"line":207,"column":24}},"loc":{"start":{"line":207,"column":44},"end":{"line":223,"column":5}},"line":207},"29":{"name":"(anonymous_29)","decl":{"start":{"line":211,"column":47},"end":{"line":211,"column":48}},"loc":{"start":{"line":211,"column":64},"end":{"line":218,"column":13}},"line":211},"30":{"name":"(anonymous_30)","decl":{"start":{"line":228,"column":36},"end":{"line":228,"column":37}},"loc":{"start":{"line":228,"column":65},"end":{"line":246,"column":1}},"line":228},"31":{"name":"(anonymous_31)","decl":{"start":{"line":229,"column":23},"end":{"line":229,"column":24}},"loc":{"start":{"line":229,"column":44},"end":{"line":245,"column":5}},"line":229},"32":{"name":"(anonymous_32)","decl":{"start":{"line":233,"column":47},"end":{"line":233,"column":48}},"loc":{"start":{"line":233,"column":64},"end":{"line":240,"column":13}},"line":233},"33":{"name":"(anonymous_33)","decl":{"start":{"line":250,"column":33},"end":{"line":250,"column":34}},"loc":{"start":{"line":250,"column":59},"end":{"line":268,"column":1}},"line":250},"34":{"name":"(anonymous_34)","decl":{"start":{"line":251,"column":23},"end":{"line":251,"column":24}},"loc":{"start":{"line":251,"column":44},"end":{"line":267,"column":5}},"line":251},"35":{"name":"(anonymous_35)","decl":{"start":{"line":255,"column":47},"end":{"line":255,"column":48}},"loc":{"start":{"line":255,"column":64},"end":{"line":262,"column":13}},"line":255}},"branchMap":{"0":{"loc":{"start":{"line":12,"column":16},"end":{"line":17,"column":17}},"type":"if","locations":[{"start":{"line":12,"column":16},"end":{"line":17,"column":17}},{"start":{"line":15,"column":23},"end":{"line":17,"column":17}}],"line":12},"1":{"loc":{"start":{"line":35,"column":16},"end":{"line":40,"column":17}},"type":"if","locations":[{"start":{"line":35,"column":16},"end":{"line":40,"column":17}},{"start":{"line":38,"column":23},"end":{"line":40,"column":17}}],"line":35},"2":{"loc":{"start":{"line":57,"column":16},"end":{"line":63,"column":17}},"type":"if","locations":[{"start":{"line":57,"column":16},"end":{"line":63,"column":17}},{"start":{"line":60,"column":23},"end":{"line":63,"column":17}}],"line":57},"3":{"loc":{"start":{"line":79,"column":16},"end":{"line":84,"column":17}},"type":"if","locations":[{"start":{"line":79,"column":16},"end":{"line":84,"column":17}},{"start":{"line":82,"column":23},"end":{"line":84,"column":17}}],"line":79},"4":{"loc":{"start":{"line":101,"column":16},"end":{"line":106,"column":17}},"type":"if","locations":[{"start":{"line":101,"column":16},"end":{"line":106,"column":17}},{"start":{"line":104,"column":23},"end":{"line":106,"column":17}}],"line":101},"5":{"loc":{"start":{"line":123,"column":16},"end":{"line":128,"column":17}},"type":"if","locations":[{"start":{"line":123,"column":16},"end":{"line":128,"column":17}},{"start":{"line":126,"column":23},"end":{"line":128,"column":17}}],"line":123},"6":{"loc":{"start":{"line":145,"column":16},"end":{"line":150,"column":17}},"type":"if","locations":[{"start":{"line":145,"column":16},"end":{"line":150,"column":17}},{"start":{"line":148,"column":23},"end":{"line":150,"column":17}}],"line":145},"7":{"loc":{"start":{"line":167,"column":16},"end":{"line":172,"column":17}},"type":"if","locations":[{"start":{"line":167,"column":16},"end":{"line":172,"column":17}},{"start":{"line":170,"column":23},"end":{"line":172,"column":17}}],"line":167},"8":{"loc":{"start":{"line":189,"column":16},"end":{"line":194,"column":17}},"type":"if","locations":[{"start":{"line":189,"column":16},"end":{"line":194,"column":17}},{"start":{"line":192,"column":23},"end":{"line":194,"column":17}}],"line":189},"9":{"loc":{"start":{"line":212,"column":16},"end":{"line":217,"column":17}},"type":"if","locations":[{"start":{"line":212,"column":16},"end":{"line":217,"column":17}},{"start":{"line":215,"column":23},"end":{"line":217,"column":17}}],"line":212},"10":{"loc":{"start":{"line":234,"column":16},"end":{"line":239,"column":17}},"type":"if","locations":[{"start":{"line":234,"column":16},"end":{"line":239,"column":17}},{"start":{"line":237,"column":23},"end":{"line":239,"column":17}}],"line":234},"11":{"loc":{"start":{"line":256,"column":16},"end":{"line":261,"column":17}},"type":"if","locations":[{"start":{"line":256,"column":16},"end":{"line":261,"column":17}},{"start":{"line":259,"column":23},"end":{"line":261,"column":17}}],"line":256}},"s":{"0":1,"1":1,"2":0,"3":0,"4":0,"5":0,"6":0,"7":0,"8":0,"9":0,"10":0,"11":0,"12":0,"13":0,"14":1,"15":0,"16":0,"17":0,"18":0,"19":0,"20":0,"21":0,"22":0,"23":0,"24":0,"25":0,"26":0,"27":1,"28":0,"29":0,"30":0,"31":0,"32":0,"33":0,"34":0,"35":0,"36":0,"37":0,"38":0,"39":0,"40":1,"41":0,"42":0,"43":0,"44":0,"45":0,"46":0,"47":0,"48":0,"49":0,"50":0,"51":1,"52":0,"53":0,"54":0,"55":0,"56":0,"57":0,"58":0,"59":0,"60":0,"61":0,"62":0,"63":1,"64":0,"65":0,"66":0,"67":0,"68":0,"69":0,"70":0,"71":0,"72":0,"73":0,"74":0,"75":1,"76":0,"77":0,"78":0,"79":0,"80":0,"81":0,"82":0,"83":0,"84":0,"85":0,"86":0,"87":1,"88":0,"89":0,"90":0,"91":0,"92":0,"93":0,"94":0,"95":0,"96":0,"97":0,"98":0,"99":1,"100":1,"101":1,"102":1,"103":1,"104":1,"105":1,"106":0,"107":0,"108":1,"109":0,"110":0,"111":1,"112":0,"113":0,"114":0,"115":0,"116":0,"117":0,"118":0,"119":0,"120":0,"121":0,"122":0,"123":1,"124":0,"125":0,"126":0,"127":0,"128":0,"129":0,"130":0,"131":0,"132":0,"133":0,"134":0,"135":1,"136":0,"137":0,"138":0,"139":0,"140":0,"141":0,"142":0,"143":0,"144":0,"145":0,"146":0,"147":1},"f":{"0":0,"1":0,"2":0,"3":0,"4":0,"5":0,"6":0,"7":0,"8":0,"9":0,"10":0,"11":0,"12":0,"13":0,"14":0,"15":0,"16":0,"17":0,"18":0,"19":0,"20":0,"21":0,"22":0,"23":0,"24":1,"25":1,"26":1,"27":0,"28":0,"29":0,"30":0,"31":0,"32":0,"33":0,"34":0,"35":0},"b":{"0":[0,0],"1":[0,0],"2":[0,0],"3":[0,0],"4":[0,0],"5":[0,0],"6":[0,0],"7":[0,0],"8":[0,1],"9":[0,0],"10":[0,0],"11":[0,0]},"_coverageSchema":"1a1c01bbd47fc00a2c39e90264f33305004495a9","hash":"a480ba5b241941583c578495ee0e608175561140"}
,"D:\\Study\\Capstone Project\\Genealogy\\back-end\\service\\InformationGenealogy\\GeneralInformation.js": {"path":"D:\\Study\\Capstone Project\\Genealogy\\back-end\\service\\InformationGenealogy\\GeneralInformation.js","statementMap":{"0":{"start":{"line":1,"column":11},"end":{"line":1,"column":44}},"1":{"start":{"line":4,"column":4},"end":{"line":14,"column":6}},"2":{"start":{"line":5,"column":20},"end":{"line":5,"column":73}},"3":{"start":{"line":6,"column":8},"end":{"line":13,"column":10}},"4":{"start":{"line":7,"column":12},"end":{"line":12,"column":13}},"5":{"start":{"line":8,"column":16},"end":{"line":8,"column":33}},"6":{"start":{"line":9,"column":16},"end":{"line":9,"column":27}},"7":{"start":{"line":11,"column":16},"end":{"line":11,"column":31}},"8":{"start":{"line":20,"column":4},"end":{"line":30,"column":6}},"9":{"start":{"line":21,"column":20},"end":{"line":21,"column":77}},"10":{"start":{"line":22,"column":8},"end":{"line":29,"column":10}},"11":{"start":{"line":23,"column":12},"end":{"line":28,"column":13}},"12":{"start":{"line":24,"column":16},"end":{"line":24,"column":33}},"13":{"start":{"line":25,"column":16},"end":{"line":25,"column":27}},"14":{"start":{"line":27,"column":16},"end":{"line":27,"column":31}},"15":{"start":{"line":34,"column":16},"end":{"line":34,"column":123}},"16":{"start":{"line":35,"column":17},"end":{"line":41,"column":5}},"17":{"start":{"line":43,"column":4},"end":{"line":49,"column":6}},"18":{"start":{"line":44,"column":8},"end":{"line":48,"column":9}},"19":{"start":{"line":45,"column":12},"end":{"line":45,"column":29}},"20":{"start":{"line":47,"column":12},"end":{"line":47,"column":46}},"21":{"start":{"line":54,"column":0},"end":{"line":56,"column":1}}},"fnMap":{"0":{"name":"GeneralInformation","decl":{"start":{"line":3,"column":9},"end":{"line":3,"column":27}},"loc":{"start":{"line":3,"column":36},"end":{"line":15,"column":1}},"line":3},"1":{"name":"(anonymous_1)","decl":{"start":{"line":4,"column":23},"end":{"line":4,"column":24}},"loc":{"start":{"line":4,"column":44},"end":{"line":14,"column":5}},"line":4},"2":{"name":"(anonymous_2)","decl":{"start":{"line":6,"column":35},"end":{"line":6,"column":36}},"loc":{"start":{"line":6,"column":52},"end":{"line":13,"column":9}},"line":6},"3":{"name":"GetInformationMember","decl":{"start":{"line":19,"column":9},"end":{"line":19,"column":29}},"loc":{"start":{"line":19,"column":40},"end":{"line":31,"column":1}},"line":19},"4":{"name":"(anonymous_4)","decl":{"start":{"line":20,"column":23},"end":{"line":20,"column":24}},"loc":{"start":{"line":20,"column":44},"end":{"line":30,"column":5}},"line":20},"5":{"name":"(anonymous_5)","decl":{"start":{"line":22,"column":35},"end":{"line":22,"column":36}},"loc":{"start":{"line":22,"column":52},"end":{"line":29,"column":9}},"line":22},"6":{"name":"UpdateGeneralInformation","decl":{"start":{"line":33,"column":15},"end":{"line":33,"column":39}},"loc":{"start":{"line":33,"column":49},"end":{"line":50,"column":1}},"line":33},"7":{"name":"(anonymous_7)","decl":{"start":{"line":43,"column":39},"end":{"line":43,"column":40}},"loc":{"start":{"line":43,"column":56},"end":{"line":49,"column":5}},"line":43}},"branchMap":{"0":{"loc":{"start":{"line":7,"column":12},"end":{"line":12,"column":13}},"type":"if","locations":[{"start":{"line":7,"column":12},"end":{"line":12,"column":13}},{"start":{"line":10,"column":19},"end":{"line":12,"column":13}}],"line":7},"1":{"loc":{"start":{"line":23,"column":12},"end":{"line":28,"column":13}},"type":"if","locations":[{"start":{"line":23,"column":12},"end":{"line":28,"column":13}},{"start":{"line":26,"column":19},"end":{"line":28,"column":13}}],"line":23},"2":{"loc":{"start":{"line":44,"column":8},"end":{"line":48,"column":9}},"type":"if","locations":[{"start":{"line":44,"column":8},"end":{"line":48,"column":9}},{"start":{"line":46,"column":15},"end":{"line":48,"column":9}}],"line":44}},"s":{"0":1,"1":0,"2":0,"3":0,"4":0,"5":0,"6":0,"7":0,"8":0,"9":0,"10":0,"11":0,"12":0,"13":0,"14":0,"15":0,"16":0,"17":0,"18":0,"19":0,"20":0,"21":1},"f":{"0":0,"1":0,"2":0,"3":0,"4":0,"5":0,"6":0,"7":0},"b":{"0":[0,0],"1":[0,0],"2":[0,0]},"_coverageSchema":"1a1c01bbd47fc00a2c39e90264f33305004495a9","hash":"d90be18e4df713c9c8db1aaa5f3d6678c66e6e7d"}
}
