TN:
SF:Controller\FamilyGenealogy\FamilyMember.js
FN:60,(anonymous_0)
FN:64,(anonymous_1)
FN:69,(anonymous_2)
FN:255,(anonymous_3)
FN:387,(anonymous_4)
FN:398,(anonymous_5)
FN:441,(anonymous_6)
FN:535,(anonymous_7)
FN:536,(anonymous_8)
FN:557,(anonymous_9)
FN:715,(anonymous_10)
FN:760,(anonymous_11)
FN:808,(anonymous_12)
FN:861,(anonymous_13)
FN:888,(anonymous_14)
FN:907,(anonymous_15)
FN:937,(anonymous_16)
FN:956,(anonymous_17)
FN:974,(anonymous_18)
FN:984,(anonymous_19)
FN:995,(anonymous_20)
FN:1005,(anonymous_21)
FN:1021,(anonymous_22)
FN:1032,(anonymous_23)
FN:1048,(anonymous_24)
FN:1101,(anonymous_25)
FNF:26
FNH:1
FNDA:0,(anonymous_0)
FNDA:0,(anonymous_1)
FNDA:0,(anonymous_2)
FNDA:1,(anonymous_3)
FNDA:0,(anonymous_4)
FNDA:0,(anonymous_5)
FNDA:0,(anonymous_6)
FNDA:0,(anonymous_7)
FNDA:0,(anonymous_8)
FNDA:0,(anonymous_9)
FNDA:0,(anonymous_10)
FNDA:0,(anonymous_11)
FNDA:0,(anonymous_12)
FNDA:0,(anonymous_13)
FNDA:0,(anonymous_14)
FNDA:0,(anonymous_15)
FNDA:0,(anonymous_16)
FNDA:0,(anonymous_17)
FNDA:0,(anonymous_18)
FNDA:0,(anonymous_19)
FNDA:0,(anonymous_20)
FNDA:0,(anonymous_21)
FNDA:0,(anonymous_22)
FNDA:0,(anonymous_23)
FNDA:0,(anonymous_24)
FNDA:0,(anonymous_25)
DA:1,1
DA:2,1
DA:3,1
DA:4,1
DA:5,1
DA:6,1
DA:7,1
DA:8,1
DA:9,1
DA:37,1
DA:60,1
DA:61,0
DA:64,1
DA:65,0
DA:69,1
DA:70,0
DA:71,0
DA:72,0
DA:74,0
DA:83,0
DA:84,0
DA:86,0
DA:87,0
DA:89,0
DA:90,0
DA:91,0
DA:93,0
DA:95,0
DA:97,0
DA:98,0
DA:101,0
DA:105,0
DA:108,0
DA:109,0
DA:110,0
DA:112,0
DA:113,0
DA:115,0
DA:116,0
DA:117,0
DA:118,0
DA:121,0
DA:122,0
DA:123,0
DA:124,0
DA:128,0
DA:130,0
DA:131,0
DA:132,0
DA:133,0
DA:136,0
DA:137,0
DA:139,0
DA:140,0
DA:142,0
DA:143,0
DA:145,0
DA:146,0
DA:148,0
DA:149,0
DA:150,0
DA:153,0
DA:155,0
DA:156,0
DA:157,0
DA:158,0
DA:160,0
DA:166,0
DA:168,0
DA:171,0
DA:172,0
DA:174,0
DA:175,0
DA:176,0
DA:179,0
DA:181,0
DA:182,0
DA:183,0
DA:184,0
DA:186,0
DA:192,0
DA:194,0
DA:196,0
DA:199,0
DA:200,0
DA:201,0
DA:203,0
DA:204,0
DA:205,0
DA:208,0
DA:209,0
DA:211,0
DA:212,0
DA:213,0
DA:214,0
DA:216,0
DA:224,0
DA:225,0
DA:227,0
DA:228,0
DA:229,0
DA:230,0
DA:232,0
DA:239,0
DA:240,0
DA:242,0
DA:245,0
DA:246,0
DA:247,0
DA:249,0
DA:251,0
DA:255,1
DA:256,1
DA:257,1
DA:258,1
DA:259,1
DA:261,1
DA:269,1
DA:270,0
DA:272,0
DA:273,0
DA:275,0
DA:277,0
DA:278,0
DA:281,0
DA:285,0
DA:288,0
DA:289,0
DA:290,0
DA:292,0
DA:295,0
DA:296,0
DA:297,0
DA:300,0
DA:301,0
DA:303,0
DA:304,0
DA:305,0
DA:308,0
DA:309,0
DA:310,0
DA:313,0
DA:316,0
DA:317,0
DA:319,0
DA:320,0
DA:321,0
DA:324,0
DA:325,0
DA:326,0
DA:329,0
DA:332,0
DA:333,0
DA:337,0
DA:338,0
DA:340,0
DA:342,0
DA:343,0
DA:344,0
DA:346,0
DA:347,0
DA:350,0
DA:351,0
DA:353,0
DA:355,0
DA:356,0
DA:357,0
DA:359,0
DA:360,0
DA:363,0
DA:364,0
DA:365,0
DA:366,0
DA:370,0
DA:371,0
DA:373,0
DA:375,0
DA:377,0
DA:378,0
DA:379,0
DA:381,1
DA:382,1
DA:387,1
DA:388,0
DA:389,0
DA:390,0
DA:391,0
DA:394,0
DA:398,1
DA:399,0
DA:400,0
DA:401,0
DA:402,0
DA:403,0
DA:404,0
DA:405,0
DA:408,0
DA:409,0
DA:410,0
DA:414,0
DA:418,0
DA:420,0
DA:421,0
DA:422,0
DA:424,0
DA:425,0
DA:426,0
DA:427,0
DA:430,0
DA:432,0
DA:433,0
DA:435,0
DA:436,0
DA:441,1
DA:442,0
DA:443,0
DA:444,0
DA:446,0
DA:454,0
DA:456,0
DA:458,0
DA:460,0
DA:461,0
DA:463,0
DA:466,0
DA:467,0
DA:468,0
DA:469,0
DA:470,0
DA:472,0
DA:479,0
DA:480,0
DA:481,0
DA:484,0
DA:485,0
DA:486,0
DA:489,0
DA:490,0
DA:491,0
DA:494,0
DA:496,0
DA:497,0
DA:499,0
DA:503,0
DA:505,0
DA:506,0
DA:507,0
DA:508,0
DA:509,0
DA:511,0
DA:512,0
DA:514,0
DA:520,0
DA:521,0
DA:526,0
DA:528,0
DA:530,0
DA:535,1
DA:536,0
DA:537,0
DA:538,0
DA:539,0
DA:541,0
DA:542,0
DA:543,0
DA:545,0
DA:546,0
DA:550,0
DA:551,0
DA:557,1
DA:558,0
DA:559,0
DA:561,0
DA:563,0
DA:569,0
DA:570,0
DA:572,0
DA:573,0
DA:575,0
DA:576,0
DA:577,0
DA:578,0
DA:580,0
DA:581,0
DA:582,0
DA:583,0
DA:586,0
DA:587,0
DA:590,0
DA:591,0
DA:593,0
DA:595,0
DA:596,0
DA:598,0
DA:600,0
DA:601,0
DA:602,0
DA:605,0
DA:607,0
DA:608,0
DA:609,0
DA:610,0
DA:612,0
DA:618,0
DA:620,0
DA:623,0
DA:625,0
DA:626,0
DA:627,0
DA:630,0
DA:632,0
DA:633,0
DA:634,0
DA:635,0
DA:637,0
DA:643,0
DA:645,0
DA:649,0
DA:651,0
DA:652,0
DA:653,0
DA:654,0
DA:656,0
DA:657,0
DA:658,0
DA:659,0
DA:661,0
DA:665,0
DA:666,0
DA:668,0
DA:669,0
DA:671,0
DA:673,0
DA:674,0
DA:676,0
DA:677,0
DA:678,0
DA:679,0
DA:681,0
DA:689,0
DA:690,0
DA:692,0
DA:693,0
DA:694,0
DA:695,0
DA:697,0
DA:704,0
DA:705,0
DA:707,0
DA:709,0
DA:710,0
DA:715,1
DA:716,0
DA:717,0
DA:718,0
DA:720,0
DA:724,0
DA:725,0
DA:727,0
DA:728,0
DA:730,0
DA:731,0
DA:732,0
DA:733,0
DA:735,0
DA:737,0
DA:739,0
DA:740,0
DA:742,0
DA:743,0
DA:746,0
DA:747,0
DA:748,0
DA:749,0
DA:750,0
DA:751,0
DA:752,0
DA:753,0
DA:755,0
DA:756,0
DA:757,0
DA:760,0
DA:762,0
DA:765,0
DA:766,0
DA:767,0
DA:768,0
DA:769,0
DA:770,0
DA:771,0
DA:776,0
DA:777,0
DA:778,0
DA:779,0
DA:780,0
DA:781,0
DA:782,0
DA:790,0
DA:791,0
DA:792,0
DA:795,0
DA:797,0
DA:800,0
DA:802,0
DA:803,0
DA:808,1
DA:809,0
DA:810,0
DA:812,0
DA:817,0
DA:818,0
DA:820,0
DA:821,0
DA:823,0
DA:824,0
DA:825,0
DA:826,0
DA:827,0
DA:828,0
DA:831,0
DA:832,0
DA:833,0
DA:836,0
DA:837,0
DA:838,0
DA:841,0
DA:842,0
DA:843,0
DA:846,0
DA:847,0
DA:848,0
DA:851,0
DA:853,0
DA:854,0
DA:856,0
DA:857,0
DA:858,0
DA:861,0
DA:863,0
DA:864,0
DA:865,0
DA:866,0
DA:869,0
DA:870,0
DA:871,0
DA:874,0
DA:875,0
DA:877,0
DA:879,0
DA:882,0
DA:883,0
DA:884,0
DA:885,0
DA:888,0
DA:890,0
DA:892,0
DA:893,0
DA:894,0
DA:896,0
DA:898,0
DA:901,0
DA:902,0
DA:903,0
DA:904,0
DA:907,0
DA:909,0
DA:911,0
DA:913,0
DA:914,0
DA:915,0
DA:916,0
DA:918,0
DA:919,0
DA:920,0
DA:923,0
DA:924,0
DA:926,0
DA:928,0
DA:931,0
DA:932,0
DA:933,0
DA:934,0
DA:937,0
DA:939,0
DA:941,0
DA:942,0
DA:943,0
DA:945,0
DA:947,0
DA:950,0
DA:951,0
DA:952,0
DA:953,0
DA:956,0
DA:958,0
DA:960,0
DA:964,0
DA:965,0
DA:967,0
DA:968,0
DA:974,1
DA:975,0
DA:976,0
DA:977,0
DA:978,0
DA:980,0
DA:984,1
DA:985,0
DA:986,0
DA:987,0
DA:988,0
DA:990,0
DA:995,1
DA:996,0
DA:997,0
DA:999,0
DA:1000,0
DA:1002,0
DA:1005,1
DA:1006,0
DA:1007,0
DA:1009,0
DA:1010,0
DA:1011,0
DA:1013,0
DA:1015,0
DA:1017,0
DA:1018,0
DA:1021,1
DA:1022,0
DA:1023,0
DA:1024,0
DA:1025,0
DA:1026,0
DA:1028,0
DA:1032,1
DA:1033,0
DA:1034,0
DA:1035,0
DA:1036,0
DA:1037,0
DA:1038,0
DA:1040,0
DA:1043,0
DA:1048,1
DA:1049,0
DA:1051,0
DA:1052,0
DA:1053,0
DA:1054,0
DA:1057,0
DA:1061,0
DA:1063,0
DA:1064,0
DA:1101,1
DA:1102,0
DA:1104,0
DA:1105,0
DA:1106,0
DA:1107,0
DA:1109,0
DA:1110,0
DA:1112,0
DA:1114,0
DA:1115,0
DA:1121,1
LF:566
LH:38
BRDA:86,0,0,0
BRDA:86,0,1,0
BRDA:91,1,0,0
BRDA:91,1,1,0
BRDA:97,2,0,0
BRDA:97,2,1,0
BRDA:97,3,0,0
BRDA:97,3,1,0
BRDA:101,4,0,0
BRDA:101,4,1,0
BRDA:101,5,0,0
BRDA:101,5,1,0
BRDA:101,5,2,0
BRDA:101,5,3,0
BRDA:101,5,4,0
BRDA:101,5,5,0
BRDA:101,5,6,0
BRDA:101,5,7,0
BRDA:109,6,0,0
BRDA:109,6,1,0
BRDA:109,7,0,0
BRDA:109,7,1,0
BRDA:115,8,0,0
BRDA:115,8,1,0
BRDA:121,9,0,0
BRDA:121,9,1,0
BRDA:132,10,0,0
BRDA:132,10,1,0
BRDA:136,11,0,0
BRDA:136,11,1,0
BRDA:142,12,0,0
BRDA:142,12,1,0
BRDA:145,13,0,0
BRDA:145,13,1,0
BRDA:148,14,0,0
BRDA:148,14,1,0
BRDA:153,15,0,0
BRDA:153,15,1,0
BRDA:157,16,0,0
BRDA:157,16,1,0
BRDA:171,17,0,0
BRDA:171,17,1,0
BRDA:174,18,0,0
BRDA:174,18,1,0
BRDA:179,19,0,0
BRDA:179,19,1,0
BRDA:183,20,0,0
BRDA:183,20,1,0
BRDA:199,21,0,0
BRDA:199,21,1,0
BRDA:203,22,0,0
BRDA:203,22,1,0
BRDA:208,23,0,0
BRDA:208,23,1,0
BRDA:213,24,0,0
BRDA:213,24,1,0
BRDA:224,25,0,0
BRDA:224,25,1,0
BRDA:229,26,0,0
BRDA:229,26,1,0
BRDA:272,27,0,0
BRDA:272,27,1,0
BRDA:277,28,0,0
BRDA:277,28,1,0
BRDA:277,29,0,0
BRDA:277,29,1,0
BRDA:281,30,0,0
BRDA:281,30,1,0
BRDA:281,31,0,0
BRDA:281,31,1,0
BRDA:281,31,2,0
BRDA:281,31,3,0
BRDA:281,31,4,0
BRDA:281,31,5,0
BRDA:281,31,6,0
BRDA:281,31,7,0
BRDA:289,32,0,0
BRDA:289,32,1,0
BRDA:289,33,0,0
BRDA:289,33,1,0
BRDA:295,34,0,0
BRDA:295,34,1,0
BRDA:295,35,0,0
BRDA:295,35,1,0
BRDA:300,36,0,0
BRDA:300,36,1,0
BRDA:303,37,0,0
BRDA:303,37,1,0
BRDA:308,38,0,0
BRDA:308,38,1,0
BRDA:316,39,0,0
BRDA:316,39,1,0
BRDA:319,40,0,0
BRDA:319,40,1,0
BRDA:324,41,0,0
BRDA:324,41,1,0
BRDA:332,42,0,0
BRDA:332,42,1,0
BRDA:332,43,0,0
BRDA:332,43,1,0
BRDA:337,44,0,0
BRDA:337,44,1,0
BRDA:337,45,0,0
BRDA:337,45,1,0
BRDA:340,46,0,0
BRDA:340,46,1,0
BRDA:340,47,0,0
BRDA:340,47,1,0
BRDA:340,47,2,0
BRDA:350,48,0,0
BRDA:350,48,1,0
BRDA:350,49,0,0
BRDA:350,49,1,0
BRDA:353,50,0,0
BRDA:353,50,1,0
BRDA:353,51,0,0
BRDA:353,51,1,0
BRDA:353,51,2,0
BRDA:363,52,0,0
BRDA:363,52,1,0
BRDA:363,53,0,0
BRDA:363,53,1,0
BRDA:370,54,0,0
BRDA:370,54,1,0
BRDA:390,55,0,0
BRDA:390,55,1,0
BRDA:390,56,0,0
BRDA:390,56,1,0
BRDA:404,57,0,0
BRDA:404,57,1,0
BRDA:408,58,0,0
BRDA:408,58,1,0
BRDA:420,59,0,0
BRDA:420,59,1,0
BRDA:425,60,0,0
BRDA:425,60,1,0
BRDA:425,61,0,0
BRDA:425,61,1,0
BRDA:456,62,0,0
BRDA:456,62,1,0
BRDA:461,63,0,0
BRDA:461,63,1,0
BRDA:461,64,0,0
BRDA:461,64,1,0
BRDA:466,65,0,0
BRDA:466,65,1,0
BRDA:468,66,0,0
BRDA:468,66,1,0
BRDA:469,67,0,0
BRDA:469,67,1,0
BRDA:479,68,0,0
BRDA:479,68,1,0
BRDA:479,69,0,0
BRDA:479,69,1,0
BRDA:484,70,0,0
BRDA:484,70,1,0
BRDA:484,71,0,0
BRDA:484,71,1,0
BRDA:489,72,0,0
BRDA:489,72,1,0
BRDA:489,73,0,0
BRDA:489,73,1,0
BRDA:494,74,0,0
BRDA:494,74,1,0
BRDA:494,75,0,0
BRDA:494,75,1,0
BRDA:496,76,0,0
BRDA:496,76,1,0
BRDA:503,77,0,0
BRDA:503,77,1,0
BRDA:507,78,0,0
BRDA:507,78,1,0
BRDA:507,79,0,0
BRDA:507,79,1,0
BRDA:511,80,0,0
BRDA:511,80,1,0
BRDA:541,81,0,0
BRDA:541,81,1,0
BRDA:572,82,0,0
BRDA:572,82,1,0
BRDA:577,83,0,0
BRDA:577,83,1,0
BRDA:582,84,0,0
BRDA:582,84,1,0
BRDA:582,85,0,0
BRDA:582,85,1,0
BRDA:582,85,2,0
BRDA:582,85,3,0
BRDA:586,86,0,0
BRDA:586,86,1,0
BRDA:590,87,0,0
BRDA:590,87,1,0
BRDA:595,88,0,0
BRDA:595,88,1,0
BRDA:598,89,0,0
BRDA:598,89,1,0
BRDA:600,90,0,0
BRDA:600,90,1,0
BRDA:605,91,0,0
BRDA:605,91,1,0
BRDA:609,92,0,0
BRDA:609,92,1,0
BRDA:623,93,0,0
BRDA:623,93,1,0
BRDA:625,94,0,0
BRDA:625,94,1,0
BRDA:630,95,0,0
BRDA:630,95,1,0
BRDA:634,96,0,0
BRDA:634,96,1,0
BRDA:649,97,0,0
BRDA:649,97,1,0
BRDA:652,98,0,0
BRDA:652,98,1,0
BRDA:656,99,0,0
BRDA:656,99,1,0
BRDA:658,100,0,0
BRDA:658,100,1,0
BRDA:665,101,0,0
BRDA:665,101,1,0
BRDA:668,102,0,0
BRDA:668,102,1,0
BRDA:673,103,0,0
BRDA:673,103,1,0
BRDA:678,104,0,0
BRDA:678,104,1,0
BRDA:689,105,0,0
BRDA:689,105,1,0
BRDA:694,106,0,0
BRDA:694,106,1,0
BRDA:727,107,0,0
BRDA:727,107,1,0
BRDA:732,108,0,0
BRDA:732,108,1,0
BRDA:732,109,0,0
BRDA:732,109,1,0
BRDA:739,110,0,0
BRDA:739,110,1,0
BRDA:739,111,0,0
BRDA:739,111,1,0
BRDA:747,112,0,0
BRDA:747,112,1,0
BRDA:747,113,0,0
BRDA:747,113,1,0
BRDA:751,114,0,0
BRDA:751,114,1,0
BRDA:751,115,0,0
BRDA:751,115,1,0
BRDA:757,116,0,0
BRDA:757,116,1,0
BRDA:760,117,0,0
BRDA:760,117,1,0
BRDA:765,118,0,0
BRDA:765,118,1,0
BRDA:767,119,0,0
BRDA:767,119,1,0
BRDA:776,120,0,0
BRDA:776,120,1,0
BRDA:778,121,0,0
BRDA:778,121,1,0
BRDA:791,122,0,0
BRDA:791,122,1,0
BRDA:820,123,0,0
BRDA:820,123,1,0
BRDA:826,124,0,0
BRDA:826,124,1,0
BRDA:826,125,0,0
BRDA:826,125,1,0
BRDA:826,125,2,0
BRDA:826,125,3,0
BRDA:831,126,0,0
BRDA:831,126,1,0
BRDA:836,127,0,0
BRDA:836,127,1,0
BRDA:841,128,0,0
BRDA:841,128,1,0
BRDA:846,129,0,0
BRDA:846,129,1,0
BRDA:846,130,0,0
BRDA:846,130,1,0
BRDA:851,131,0,0
BRDA:851,131,1,0
BRDA:851,132,0,0
BRDA:851,132,1,0
BRDA:851,132,2,0
BRDA:851,132,3,0
BRDA:863,133,0,0
BRDA:863,133,1,0
BRDA:869,134,0,0
BRDA:869,134,1,0
BRDA:869,135,0,0
BRDA:869,135,1,0
BRDA:874,136,0,0
BRDA:874,136,1,0
BRDA:877,137,0,0
BRDA:877,137,1,0
BRDA:885,138,0,0
BRDA:885,138,1,0
BRDA:888,139,0,0
BRDA:888,139,1,0
BRDA:893,140,0,0
BRDA:893,140,1,0
BRDA:896,141,0,0
BRDA:896,141,1,0
BRDA:904,142,0,0
BRDA:904,142,1,0
BRDA:907,143,0,0
BRDA:907,143,1,0
BRDA:913,144,0,0
BRDA:913,144,1,0
BRDA:918,145,0,0
BRDA:918,145,1,0
BRDA:918,146,0,0
BRDA:918,146,1,0
BRDA:923,147,0,0
BRDA:923,147,1,0
BRDA:926,148,0,0
BRDA:926,148,1,0
BRDA:934,149,0,0
BRDA:934,149,1,0
BRDA:937,150,0,0
BRDA:937,150,1,0
BRDA:942,151,0,0
BRDA:942,151,1,0
BRDA:945,152,0,0
BRDA:945,152,1,0
BRDA:953,153,0,0
BRDA:953,153,1,0
BRDA:956,154,0,0
BRDA:956,154,1,0
BRDA:1009,155,0,0
BRDA:1009,155,1,0
BRDA:1037,156,0,0
BRDA:1037,156,1,0
BRDA:1053,157,0,0
BRDA:1053,157,1,0
BRDA:1106,158,0,0
BRDA:1106,158,1,0
BRDA:1106,159,0,0
BRDA:1106,159,1,0
BRDA:1109,160,0,0
BRDA:1109,160,1,0
BRF:342
BRH:0
end_of_record
TN:
SF:Models\ConnectDB.js
FN:12,(anonymous_0)
FN:19,(anonymous_1)
FNF:2
FNH:2
FNDA:1,(anonymous_0)
FNDA:2,(anonymous_1)
DA:1,2
DA:2,2
DA:4,2
DA:12,2
DA:13,1
DA:14,0
DA:16,1
DA:19,2
DA:20,2
DA:21,2
DA:25,0
DA:27,0
DA:30,2
DA:31,2
LF:14
LH:11
BRDA:13,0,0,0
BRDA:13,0,1,1
BRF:2
BRH:1
end_of_record
TN:
SF:Utils\CoreFunction.js
FN:8,(anonymous_0)
FN:27,(anonymous_1)
FN:33,(anonymous_2)
FN:36,(anonymous_3)
FN:39,(anonymous_4)
FN:63,(anonymous_5)
FN:66,(anonymous_6)
FN:69,(anonymous_7)
FN:92,(anonymous_8)
FN:101,(anonymous_9)
FN:102,(anonymous_10)
FN:110,(anonymous_11)
FN:112,(anonymous_12)
FN:122,(anonymous_13)
FN:142,(anonymous_14)
FN:147,(anonymous_15)
FN:152,(anonymous_16)
FN:157,(anonymous_17)
FNF:18
FNH:1
FNDA:1,(anonymous_0)
FNDA:0,(anonymous_1)
FNDA:0,(anonymous_2)
FNDA:0,(anonymous_3)
FNDA:0,(anonymous_4)
FNDA:0,(anonymous_5)
FNDA:0,(anonymous_6)
FNDA:0,(anonymous_7)
FNDA:0,(anonymous_8)
FNDA:0,(anonymous_9)
FNDA:0,(anonymous_10)
FNDA:0,(anonymous_11)
FNDA:0,(anonymous_12)
FNDA:0,(anonymous_13)
FNDA:0,(anonymous_14)
FNDA:0,(anonymous_15)
FNDA:0,(anonymous_16)
FNDA:0,(anonymous_17)
DA:1,2
DA:2,2
DA:3,2
DA:4,2
DA:5,2
DA:8,2
DA:9,1
DA:10,1
DA:11,1
DA:13,1
DA:14,0
DA:16,0
DA:17,0
DA:18,0
DA:23,0
DA:27,2
DA:28,0
DA:29,0
DA:33,2
DA:34,0
DA:37,0
DA:41,0
DA:44,0
DA:45,0
DA:48,0
DA:49,0
DA:51,0
DA:52,0
DA:54,0
DA:56,0
DA:63,2
DA:64,0
DA:67,0
DA:71,0
DA:74,0
DA:75,0
DA:77,0
DA:78,0
DA:80,0
DA:81,0
DA:83,0
DA:85,0
DA:92,2
DA:94,0
DA:96,0
DA:97,0
DA:101,2
DA:102,0
DA:103,0
DA:104,0
DA:105,0
DA:106,0
DA:109,0
DA:112,0
DA:113,0
DA:114,0
DA:115,0
DA:117,0
DA:118,0
DA:124,0
DA:126,0
DA:127,0
DA:130,0
DA:131,0
DA:135,0
DA:136,0
DA:142,2
DA:143,0
DA:147,2
DA:148,0
DA:152,2
DA:153,0
DA:157,2
DA:158,0
DA:159,0
DA:160,0
DA:162,2
LF:77
LH:20
BRDA:13,0,0,0
BRDA:13,0,1,0
BRDA:17,1,0,0
BRDA:17,1,1,0
BRDA:28,2,0,0
BRDA:28,2,1,0
BRDA:28,2,2,0
BRDA:28,2,3,0
BRDA:44,3,0,0
BRDA:44,3,1,0
BRDA:74,4,0,0
BRDA:74,4,1,0
BRDA:106,5,0,0
BRDA:106,5,1,0
BRDA:113,6,0,0
BRDA:113,6,1,0
BRDA:124,7,0,0
BRDA:124,7,1,0
BRDA:143,8,0,0
BRDA:143,8,1,0
BRDA:143,8,2,0
BRDA:148,9,0,0
BRDA:148,9,1,0
BRDA:148,9,2,0
BRDA:148,9,3,0
BRF:25
BRH:0
end_of_record
TN:
SF:Utils\Response.js
FN:3,(anonymous_0)
FN:17,(anonymous_1)
FN:26,(anonymous_2)
FN:36,(anonymous_3)
FN:45,(anonymous_4)
FN:56,(anonymous_5)
FN:66,(anonymous_6)
FNF:7
FNH:3
FNDA:1,(anonymous_0)
FNDA:1,(anonymous_1)
FNDA:0,(anonymous_2)
FNDA:0,(anonymous_3)
FNDA:0,(anonymous_4)
FNDA:1,(anonymous_5)
FNDA:0,(anonymous_6)
DA:1,1
DA:3,1
DA:4,1
DA:5,1
DA:6,1
DA:13,0
DA:17,1
DA:18,1
DA:19,1
DA:20,1
DA:22,0
DA:26,1
DA:27,0
DA:28,0
DA:29,0
DA:30,0
DA:32,0
DA:36,1
DA:37,0
DA:38,0
DA:39,0
DA:40,0
DA:42,0
DA:45,1
DA:46,0
DA:47,0
DA:48,0
DA:49,0
DA:50,0
DA:52,0
DA:56,1
DA:57,1
DA:58,1
DA:59,1
DA:60,0
DA:62,0
DA:66,1
DA:67,0
DA:68,0
DA:69,0
DA:72,0
DA:74,0
DA:78,1
LF:43
LH:18
BRDA:28,0,0,0
BRDA:28,0,1,0
BRDA:29,1,0,0
BRDA:29,1,1,0
BRDA:38,2,0,0
BRDA:38,2,1,0
BRDA:39,3,0,0
BRDA:39,3,1,0
BRDA:47,4,0,0
BRDA:47,4,1,0
BRDA:48,5,0,0
BRDA:48,5,1,0
BRDA:58,6,0,1
BRDA:58,6,1,0
BRDA:59,7,0,1
BRDA:59,7,1,0
BRF:16
BRH:2
end_of_record
TN:
SF:service\FamilyGenealogy\FamilyManagement.js
FN:5,addMember
FN:6,(anonymous_1)
FN:56,updateMember
FN:57,(anonymous_3)
FN:114,updateMemberPhoto
FN:115,(anonymous_5)
FN:131,RemoveAllRelationshipChild
FN:135,(anonymous_7)
FN:143,(anonymous_8)
FN:150,(anonymous_9)
FN:159,(anonymous_10)
FN:168,(anonymous_11)
FN:189,deleteMember
FN:190,(anonymous_13)
FN:209,UpdateMemberRelated
FN:210,(anonymous_15)
FN:268,UpdateMemberGenerationToZero
FN:269,(anonymous_17)
FN:280,GetCurrentParentMember
FN:281,(anonymous_19)
FN:291,insertParentIdToMember
FN:292,(anonymous_21)
FN:300,insertFatherIDToMember
FN:301,(anonymous_23)
FN:310,insertMotherIDToMember
FN:311,(anonymous_25)
FN:320,setGeneration
FN:321,(anonymous_27)
FN:331,setRole
FN:332,(anonymous_29)
FN:342,setBirthOrder
FN:343,(anonymous_31)
FN:352,getMember
FN:353,(anonymous_33)
FN:361,getMembersByFatherID
FN:362,(anonymous_35)
FN:371,getMembersByOnlyFatherID
FN:372,(anonymous_37)
FN:381,getMembersByOnlyMotherID
FN:382,(anonymous_39)
FN:391,getMembersByMotherID
FN:392,(anonymous_41)
FN:401,getMembersByFatherIDAndMotherID
FN:402,(anonymous_43)
FN:412,getMembersByFatherIDOrMotherID
FN:413,(anonymous_45)
FN:423,updateFatherIDToMotherID
FN:424,(anonymous_47)
FN:438,updateMotherIDToFatherID
FN:439,(anonymous_49)
FN:453,getMaxBirthOrderByFatherIdOrMotherId
FN:454,(anonymous_51)
FN:466,getMaxBirthOrderByFatherID
FN:467,(anonymous_53)
FN:480,getMaxBirthOrderByMotherID
FN:481,(anonymous_55)
FN:493,coreQuery
FN:494,(anonymous_57)
FN:496,(anonymous_58)
FN:505,(anonymous_59)
FN:517,searchMember
FN:518,(anonymous_61)
FN:531,queryFamilyMembers
FN:532,(anonymous_63)
FN:558,(anonymous_64)
FN:571,queryContactMembers
FN:572,(anonymous_66)
FN:579,(anonymous_67)
FN:591,getAllMemberInMemberRole
FN:592,(anonymous_69)
FN:603,(anonymous_70)
FN:613,getAllMemberNotInMemberRole
FN:614,(anonymous_72)
FN:619,(anonymous_73)
FN:631,(anonymous_74)
FN:647,(anonymous_75)
FN:662,getAllMember
FN:663,(anonymous_77)
FN:667,(anonymous_78)
FN:682,getAllMembersInGenalogy
FN:683,(anonymous_80)
FN:686,(anonymous_81)
FN:698,getAllMemberID
FN:699,(anonymous_83)
FN:706,(anonymous_84)
FN:719,getMemberByMemberID
FN:720,(anonymous_86)
FN:723,(anonymous_87)
FNF:88
FNH:5
FNDA:0,addMember
FNDA:0,(anonymous_1)
FNDA:0,updateMember
FNDA:0,(anonymous_3)
FNDA:4,updateMemberPhoto
FNDA:4,(anonymous_5)
FNDA:0,RemoveAllRelationshipChild
FNDA:0,(anonymous_7)
FNDA:0,(anonymous_8)
FNDA:0,(anonymous_9)
FNDA:0,(anonymous_10)
FNDA:0,(anonymous_11)
FNDA:0,deleteMember
FNDA:0,(anonymous_13)
FNDA:0,UpdateMemberRelated
FNDA:0,(anonymous_15)
FNDA:0,UpdateMemberGenerationToZero
FNDA:0,(anonymous_17)
FNDA:0,GetCurrentParentMember
FNDA:0,(anonymous_19)
FNDA:0,insertParentIdToMember
FNDA:0,(anonymous_21)
FNDA:0,insertFatherIDToMember
FNDA:0,(anonymous_23)
FNDA:0,insertMotherIDToMember
FNDA:0,(anonymous_25)
FNDA:0,setGeneration
FNDA:0,(anonymous_27)
FNDA:0,setRole
FNDA:0,(anonymous_29)
FNDA:0,setBirthOrder
FNDA:0,(anonymous_31)
FNDA:0,getMember
FNDA:0,(anonymous_33)
FNDA:0,getMembersByFatherID
FNDA:0,(anonymous_35)
FNDA:0,getMembersByOnlyFatherID
FNDA:0,(anonymous_37)
FNDA:0,getMembersByOnlyMotherID
FNDA:0,(anonymous_39)
FNDA:0,getMembersByMotherID
FNDA:0,(anonymous_41)
FNDA:0,getMembersByFatherIDAndMotherID
FNDA:0,(anonymous_43)
FNDA:0,getMembersByFatherIDOrMotherID
FNDA:0,(anonymous_45)
FNDA:0,updateFatherIDToMotherID
FNDA:0,(anonymous_47)
FNDA:0,updateMotherIDToFatherID
FNDA:0,(anonymous_49)
FNDA:0,getMaxBirthOrderByFatherIdOrMotherId
FNDA:0,(anonymous_51)
FNDA:0,getMaxBirthOrderByFatherID
FNDA:0,(anonymous_53)
FNDA:0,getMaxBirthOrderByMotherID
FNDA:0,(anonymous_55)
FNDA:4,coreQuery
FNDA:4,(anonymous_57)
FNDA:0,(anonymous_58)
FNDA:4,(anonymous_59)
FNDA:0,searchMember
FNDA:0,(anonymous_61)
FNDA:0,queryFamilyMembers
FNDA:0,(anonymous_63)
FNDA:0,(anonymous_64)
FNDA:0,queryContactMembers
FNDA:0,(anonymous_66)
FNDA:0,(anonymous_67)
FNDA:0,getAllMemberInMemberRole
FNDA:0,(anonymous_69)
FNDA:0,(anonymous_70)
FNDA:0,getAllMemberNotInMemberRole
FNDA:0,(anonymous_72)
FNDA:0,(anonymous_73)
FNDA:0,(anonymous_74)
FNDA:0,(anonymous_75)
FNDA:0,getAllMember
FNDA:0,(anonymous_77)
FNDA:0,(anonymous_78)
FNDA:0,getAllMembersInGenalogy
FNDA:0,(anonymous_80)
FNDA:0,(anonymous_81)
FNDA:0,getAllMemberID
FNDA:0,(anonymous_83)
FNDA:0,(anonymous_84)
FNDA:0,getMemberByMemberID
FNDA:0,(anonymous_86)
FNDA:0,(anonymous_87)
DA:1,2
DA:2,2
DA:3,2
DA:6,0
DA:7,0
DA:8,0
DA:9,0
DA:20,0
DA:44,0
DA:45,0
DA:49,0
DA:50,0
DA:57,0
DA:58,0
DA:59,0
DA:82,0
DA:103,0
DA:104,0
DA:106,0
DA:107,0
DA:115,4
DA:116,4
DA:117,4
DA:118,4
DA:119,4
DA:120,4
DA:121,4
DA:123,0
DA:124,0
DA:132,0
DA:133,0
DA:134,0
DA:135,0
DA:136,0
DA:137,0
DA:138,0
DA:139,0
DA:140,0
DA:142,0
DA:143,0
DA:144,0
DA:146,0
DA:147,0
DA:148,0
DA:149,0
DA:150,0
DA:151,0
DA:152,0
DA:158,0
DA:159,0
DA:160,0
DA:161,0
DA:167,0
DA:168,0
DA:169,0
DA:170,0
DA:177,0
DA:183,0
DA:190,0
DA:191,0
DA:192,0
DA:193,0
DA:196,0
DA:197,0
DA:198,0
DA:199,0
DA:201,0
DA:202,0
DA:203,0
DA:210,0
DA:211,0
DA:212,0
DA:213,0
DA:214,0
DA:217,0
DA:218,0
DA:219,0
DA:220,0
DA:222,0
DA:224,0
DA:225,0
DA:226,0
DA:228,0
DA:230,0
DA:232,0
DA:234,0
DA:236,0
DA:238,0
DA:239,0
DA:240,0
DA:242,0
DA:243,0
DA:250,0
DA:251,0
DA:252,0
DA:253,0
DA:255,0
DA:256,0
DA:257,0
DA:262,0
DA:269,0
DA:270,0
DA:271,0
DA:272,0
DA:273,0
DA:274,0
DA:281,0
DA:282,0
DA:284,0
DA:285,0
DA:286,0
DA:292,0
DA:293,0
DA:294,0
DA:295,0
DA:296,0
DA:301,0
DA:302,0
DA:303,0
DA:304,0
DA:305,0
DA:311,0
DA:312,0
DA:313,0
DA:314,0
DA:315,0
DA:321,0
DA:322,0
DA:323,0
DA:324,0
DA:325,0
DA:326,0
DA:332,0
DA:333,0
DA:334,0
DA:335,0
DA:336,0
DA:337,0
DA:343,0
DA:344,0
DA:345,0
DA:346,0
DA:347,0
DA:348,0
DA:353,0
DA:354,0
DA:355,0
DA:356,0
DA:362,0
DA:363,0
DA:364,0
DA:365,0
DA:366,0
DA:372,0
DA:373,0
DA:374,0
DA:375,0
DA:376,0
DA:382,0
DA:383,0
DA:384,0
DA:385,0
DA:386,0
DA:392,0
DA:393,0
DA:394,0
DA:395,0
DA:396,0
DA:402,0
DA:403,0
DA:404,0
DA:405,0
DA:406,0
DA:407,0
DA:413,0
DA:414,0
DA:415,0
DA:416,0
DA:417,0
DA:418,0
DA:424,0
DA:425,0
DA:426,0
DA:427,0
DA:428,0
DA:430,0
DA:431,0
DA:432,0
DA:433,0
DA:439,0
DA:440,0
DA:441,0
DA:442,0
DA:443,0
DA:445,0
DA:446,0
DA:447,0
DA:448,0
DA:454,0
DA:455,0
DA:459,0
DA:460,0
DA:461,0
DA:467,0
DA:468,0
DA:472,0
DA:474,0
DA:475,0
DA:481,0
DA:482,0
DA:486,0
DA:487,0
DA:488,0
DA:494,4
DA:495,4
DA:496,0
DA:497,0
DA:498,0
DA:499,0
DA:501,0
DA:505,4
DA:506,4
DA:507,0
DA:508,0
DA:510,4
DA:518,0
DA:519,0
DA:524,0
DA:526,0
DA:527,0
DA:532,0
DA:533,0
DA:534,0
DA:536,0
DA:537,0
DA:538,0
DA:540,0
DA:541,0
DA:542,0
DA:543,0
DA:545,0
DA:546,0
DA:547,0
DA:549,0
DA:550,0
DA:555,0
DA:558,0
DA:559,0
DA:560,0
DA:561,0
DA:563,0
DA:572,0
DA:573,0
DA:575,0
DA:576,0
DA:579,0
DA:580,0
DA:581,0
DA:582,0
DA:584,0
DA:585,0
DA:592,0
DA:593,0
DA:603,0
DA:604,0
DA:605,0
DA:606,0
DA:608,0
DA:614,0
DA:615,0
DA:619,0
DA:620,0
DA:621,0
DA:622,0
DA:624,0
DA:631,2
DA:632,0
DA:634,0
DA:635,0
DA:636,0
DA:637,0
DA:638,0
DA:639,0
DA:643,0
DA:647,2
DA:648,0
DA:650,0
DA:651,0
DA:652,0
DA:653,0
DA:654,0
DA:655,0
DA:659,0
DA:661,2
DA:663,0
DA:664,0
DA:665,0
DA:666,0
DA:667,0
DA:668,0
DA:669,0
DA:670,0
DA:672,0
DA:677,0
DA:683,0
DA:684,0
DA:685,0
DA:686,0
DA:687,0
DA:688,0
DA:690,0
DA:694,0
DA:699,0
DA:700,0
DA:701,0
DA:702,0
DA:705,0
DA:706,0
DA:707,0
DA:708,0
DA:709,0
DA:711,0
DA:720,0
DA:721,0
DA:722,0
DA:723,0
DA:724,0
DA:725,0
DA:726,0
DA:728,0
DA:734,2
LF:331
LH:19
BRDA:136,0,0,0
BRDA:136,0,1,0
BRDA:136,1,0,0
BRDA:136,1,1,0
BRDA:144,2,0,0
BRDA:144,2,1,0
BRDA:144,3,0,0
BRDA:144,3,1,0
BRDA:151,4,0,0
BRDA:151,4,1,0
BRDA:160,5,0,0
BRDA:160,5,1,0
BRDA:169,6,0,0
BRDA:169,6,1,0
BRDA:212,7,0,0
BRDA:212,7,1,0
BRDA:218,8,0,0
BRDA:218,8,1,0
BRDA:226,9,0,0
BRDA:226,9,1,0
BRDA:232,10,0,0
BRDA:232,10,1,0
BRDA:238,11,0,0
BRDA:238,11,1,0
BRDA:251,12,0,0
BRDA:251,12,1,0
BRDA:426,13,0,0
BRDA:426,13,1,0
BRDA:441,14,0,0
BRDA:441,14,1,0
BRDA:495,15,0,0
BRDA:495,15,1,4
BRDA:497,16,0,0
BRDA:497,16,1,0
BRDA:506,17,0,0
BRDA:506,17,1,4
BRDA:536,18,0,0
BRDA:536,18,1,0
BRDA:540,19,0,0
BRDA:540,19,1,0
BRDA:540,20,0,0
BRDA:540,20,1,0
BRDA:545,21,0,0
BRDA:545,21,1,0
BRDA:549,22,0,0
BRDA:549,22,1,0
BRDA:559,23,0,0
BRDA:559,23,1,0
BRDA:575,24,0,0
BRDA:575,24,1,0
BRDA:580,25,0,0
BRDA:580,25,1,0
BRDA:604,26,0,0
BRDA:604,26,1,0
BRDA:620,27,0,0
BRDA:620,27,1,0
BRDA:634,28,0,0
BRDA:634,28,1,0
BRDA:638,29,0,0
BRDA:638,29,1,0
BRDA:638,30,0,0
BRDA:638,30,1,0
BRDA:650,31,0,0
BRDA:650,31,1,0
BRDA:654,32,0,0
BRDA:654,32,1,0
BRDA:654,33,0,0
BRDA:654,33,1,0
BRDA:665,34,0,0
BRDA:665,34,1,0
BRDA:668,35,0,0
BRDA:668,35,1,0
BRDA:687,36,0,0
BRDA:687,36,1,0
BRDA:687,37,0,0
BRDA:687,37,1,0
BRDA:700,38,0,0
BRDA:700,38,1,0
BRDA:707,39,0,0
BRDA:707,39,1,0
BRDA:724,40,0,0
BRDA:724,40,1,0
BRF:82
BRH:2
end_of_record
TN:
SF:service\FamilyGenealogy\MarriageManagement.js
FN:5,(anonymous_0)
FN:6,(anonymous_1)
FN:11,(anonymous_2)
FN:28,(anonymous_3)
FN:29,(anonymous_4)
FN:34,(anonymous_5)
FN:51,(anonymous_6)
FN:52,(anonymous_7)
FN:56,(anonymous_8)
FN:74,(anonymous_9)
FN:75,(anonymous_10)
FN:78,(anonymous_11)
FN:95,(anonymous_12)
FN:96,(anonymous_13)
FN:100,(anonymous_14)
FN:117,(anonymous_15)
FN:118,(anonymous_16)
FN:122,(anonymous_17)
FN:139,(anonymous_18)
FN:140,(anonymous_19)
FN:144,(anonymous_20)
FN:161,(anonymous_21)
FN:162,(anonymous_22)
FN:166,(anonymous_23)
FN:183,(anonymous_24)
FN:184,(anonymous_25)
FN:188,(anonymous_26)
FN:206,(anonymous_27)
FN:207,(anonymous_28)
FN:211,(anonymous_29)
FN:228,(anonymous_30)
FN:229,(anonymous_31)
FN:233,(anonymous_32)
FN:250,(anonymous_33)
FN:251,(anonymous_34)
FN:255,(anonymous_35)
FNF:36
FNH:0
FNDA:0,(anonymous_0)
FNDA:0,(anonymous_1)
FNDA:0,(anonymous_2)
FNDA:0,(anonymous_3)
FNDA:0,(anonymous_4)
FNDA:0,(anonymous_5)
FNDA:0,(anonymous_6)
FNDA:0,(anonymous_7)
FNDA:0,(anonymous_8)
FNDA:0,(anonymous_9)
FNDA:0,(anonymous_10)
FNDA:0,(anonymous_11)
FNDA:0,(anonymous_12)
FNDA:0,(anonymous_13)
FNDA:0,(anonymous_14)
FNDA:0,(anonymous_15)
FNDA:0,(anonymous_16)
FNDA:0,(anonymous_17)
FNDA:0,(anonymous_18)
FNDA:0,(anonymous_19)
FNDA:0,(anonymous_20)
FNDA:0,(anonymous_21)
FNDA:0,(anonymous_22)
FNDA:0,(anonymous_23)
FNDA:0,(anonymous_24)
FNDA:0,(anonymous_25)
FNDA:0,(anonymous_26)
FNDA:0,(anonymous_27)
FNDA:0,(anonymous_28)
FNDA:0,(anonymous_29)
FNDA:0,(anonymous_30)
FNDA:0,(anonymous_31)
FNDA:0,(anonymous_32)
FNDA:0,(anonymous_33)
FNDA:0,(anonymous_34)
FNDA:0,(anonymous_35)
DA:1,2
DA:5,2
DA:6,0
DA:7,0
DA:8,0
DA:9,0
DA:10,0
DA:11,0
DA:12,0
DA:13,0
DA:14,0
DA:16,0
DA:20,0
DA:21,0
DA:28,2
DA:29,0
DA:30,0
DA:31,0
DA:32,0
DA:33,0
DA:34,0
DA:35,0
DA:36,0
DA:37,0
DA:39,0
DA:43,0
DA:44,0
DA:51,2
DA:52,0
DA:53,0
DA:54,0
DA:55,0
DA:56,0
DA:57,0
DA:58,0
DA:59,0
DA:61,0
DA:62,0
DA:66,0
DA:67,0
DA:74,2
DA:75,0
DA:76,0
DA:77,0
DA:78,0
DA:79,0
DA:80,0
DA:81,0
DA:83,0
DA:87,0
DA:88,0
DA:95,2
DA:96,0
DA:97,0
DA:98,0
DA:99,0
DA:100,0
DA:101,0
DA:102,0
DA:103,0
DA:105,0
DA:109,0
DA:110,0
DA:117,2
DA:118,0
DA:119,0
DA:120,0
DA:121,0
DA:122,0
DA:123,0
DA:124,0
DA:125,0
DA:127,0
DA:131,0
DA:132,0
DA:139,2
DA:140,0
DA:141,0
DA:142,0
DA:143,0
DA:144,0
DA:145,0
DA:146,0
DA:147,0
DA:149,0
DA:153,0
DA:154,0
DA:161,2
DA:162,0
DA:163,0
DA:164,0
DA:165,0
DA:166,0
DA:167,0
DA:168,0
DA:169,0
DA:171,0
DA:175,0
DA:176,0
DA:183,2
DA:184,0
DA:185,0
DA:186,0
DA:187,0
DA:188,0
DA:189,0
DA:190,0
DA:191,0
DA:193,0
DA:197,0
DA:198,0
DA:206,2
DA:207,0
DA:208,0
DA:209,0
DA:210,0
DA:211,0
DA:212,0
DA:213,0
DA:214,0
DA:216,0
DA:220,0
DA:221,0
DA:228,2
DA:229,0
DA:230,0
DA:231,0
DA:232,0
DA:233,0
DA:234,0
DA:235,0
DA:236,0
DA:238,0
DA:242,0
DA:243,0
DA:250,2
DA:251,0
DA:252,0
DA:253,0
DA:254,0
DA:255,0
DA:256,0
DA:257,0
DA:258,0
DA:260,0
DA:264,0
DA:265,0
DA:272,2
LF:148
LH:14
BRDA:12,0,0,0
BRDA:12,0,1,0
BRDA:35,1,0,0
BRDA:35,1,1,0
BRDA:57,2,0,0
BRDA:57,2,1,0
BRDA:79,3,0,0
BRDA:79,3,1,0
BRDA:101,4,0,0
BRDA:101,4,1,0
BRDA:123,5,0,0
BRDA:123,5,1,0
BRDA:145,6,0,0
BRDA:145,6,1,0
BRDA:167,7,0,0
BRDA:167,7,1,0
BRDA:189,8,0,0
BRDA:189,8,1,0
BRDA:212,9,0,0
BRDA:212,9,1,0
BRDA:234,10,0,0
BRDA:234,10,1,0
BRDA:256,11,0,0
BRDA:256,11,1,0
BRF:24
BRH:0
end_of_record
TN:
SF:service\FamilyGenealogy\ViewFamilyTree.js
FN:5,getlistMemberToSendMessage
FN:6,(anonymous_1)
FN:9,(anonymous_2)
FN:25,getAllReligion
FN:26,(anonymous_4)
FN:28,(anonymous_5)
FN:39,RemoveAllRelationshipChild
FN:42,(anonymous_7)
FN:44,(anonymous_8)
FN:47,(anonymous_9)
FN:63,RemoveRelationshipChild
FN:67,(anonymous_11)
FN:68,(anonymous_12)
FN:86,removeMarried
FN:90,(anonymous_14)
FN:97,(anonymous_15)
FN:108,RemoveRelationshipMarried
FN:109,(anonymous_17)
FN:112,(anonymous_18)
FN:136,RemoveParent
FN:139,(anonymous_20)
FN:145,(anonymous_21)
FN:148,(anonymous_22)
FN:160,RemoveRelationshipParent
FN:161,(anonymous_24)
FN:164,(anonymous_25)
FN:184,getAllMemberRole
FN:185,(anonymous_27)
FN:187,(anonymous_28)
FN:198,getAllNationality
FN:199,(anonymous_30)
FN:201,(anonymous_31)
FN:214,getInforMember
FN:215,(anonymous_33)
FN:217,(anonymous_34)
FN:228,getContactMember
FN:229,(anonymous_36)
FN:231,(anonymous_37)
FN:242,getJobMember
FN:243,(anonymous_39)
FN:245,(anonymous_40)
FN:256,getEducationMember
FN:257,(anonymous_42)
FN:259,(anonymous_43)
FN:271,getEventMember
FN:272,(anonymous_45)
FN:274,(anonymous_46)
FN:287,getRoleExist
FN:288,(anonymous_48)
FN:291,(anonymous_49)
FN:302,turnOffSQL_SAFE_UPDATES
FN:304,(anonymous_51)
FN:313,turnOnSQL_SAFE_UPDATES
FN:315,(anonymous_53)
FN:325,ResetAllGenerationMember
FN:329,(anonymous_55)
FN:339,setAllGenerationMember
FN:341,(anonymous_57)
FN:346,(anonymous_58)
FN:349,(anonymous_59)
FN:358,(anonymous_60)
FN:361,(anonymous_61)
FN:369,searchMemberCanSendMessage
FN:370,(anonymous_63)
FN:373,(anonymous_64)
FN:387,getListUnspecifiedMembers
FN:388,(anonymous_66)
FN:393,(anonymous_67)
FN:408,getLivingFamilyMember
FN:409,(anonymous_69)
FN:412,(anonymous_70)
FN:421,(anonymous_71)
FN:457,getListChildWithWifeID
FN:458,(anonymous_73)
FN:461,(anonymous_74)
FN:490,getFamilyHeadInGenealogy
FN:491,(anonymous_76)
FN:497,(anonymous_77)
FN:534,RelationShipMember
FN:535,(anonymous_79)
FN:540,(anonymous_80)
FN:543,(anonymous_81)
FN:545,(anonymous_82)
FN:548,(anonymous_83)
FN:551,(anonymous_84)
FN:553,(anonymous_85)
FN:554,(anonymous_86)
FN:559,(anonymous_87)
FN:561,(anonymous_88)
FN:562,(anonymous_89)
FN:567,(anonymous_90)
FN:585,GetIdPaternalAncestor
FN:586,(anonymous_92)
FN:589,(anonymous_93)
FN:600,getAllMarriage
FN:601,(anonymous_95)
FN:605,(anonymous_96)
FN:620,GetGenealogy
FN:627,(anonymous_98)
FN:632,(anonymous_99)
FN:635,(anonymous_100)
FN:638,(anonymous_101)
FN:641,(anonymous_102)
FN:642,(anonymous_103)
FN:644,(anonymous_104)
FN:648,(anonymous_105)
FN:661,(anonymous_106)
FN:662,(anonymous_107)
FN:677,isMemberInList
FN:678,(anonymous_109)
FN:682,getListMessage
FN:683,(anonymous_111)
FN:686,(anonymous_112)
FN:700,getListNotificationEmail
FN:701,(anonymous_114)
FN:704,(anonymous_115)
FN:719,ViewFamilyTree
FN:720,(anonymous_117)
FN:723,(anonymous_118)
FN:743,createFamilyData
FN:752,(anonymous_120)
FN:759,(anonymous_121)
FN:793,formatDOB
FN:806,setRoleMember
FN:809,(anonymous_124)
FN:822,removePaternalAncestor
FN:824,(anonymous_126)
FNF:127
FNH:0
FNDA:0,getlistMemberToSendMessage
FNDA:0,(anonymous_1)
FNDA:0,(anonymous_2)
FNDA:0,getAllReligion
FNDA:0,(anonymous_4)
FNDA:0,(anonymous_5)
FNDA:0,RemoveAllRelationshipChild
FNDA:0,(anonymous_7)
FNDA:0,(anonymous_8)
FNDA:0,(anonymous_9)
FNDA:0,RemoveRelationshipChild
FNDA:0,(anonymous_11)
FNDA:0,(anonymous_12)
FNDA:0,removeMarried
FNDA:0,(anonymous_14)
FNDA:0,(anonymous_15)
FNDA:0,RemoveRelationshipMarried
FNDA:0,(anonymous_17)
FNDA:0,(anonymous_18)
FNDA:0,RemoveParent
FNDA:0,(anonymous_20)
FNDA:0,(anonymous_21)
FNDA:0,(anonymous_22)
FNDA:0,RemoveRelationshipParent
FNDA:0,(anonymous_24)
FNDA:0,(anonymous_25)
FNDA:0,getAllMemberRole
FNDA:0,(anonymous_27)
FNDA:0,(anonymous_28)
FNDA:0,getAllNationality
FNDA:0,(anonymous_30)
FNDA:0,(anonymous_31)
FNDA:0,getInforMember
FNDA:0,(anonymous_33)
FNDA:0,(anonymous_34)
FNDA:0,getContactMember
FNDA:0,(anonymous_36)
FNDA:0,(anonymous_37)
FNDA:0,getJobMember
FNDA:0,(anonymous_39)
FNDA:0,(anonymous_40)
FNDA:0,getEducationMember
FNDA:0,(anonymous_42)
FNDA:0,(anonymous_43)
FNDA:0,getEventMember
FNDA:0,(anonymous_45)
FNDA:0,(anonymous_46)
FNDA:0,getRoleExist
FNDA:0,(anonymous_48)
FNDA:0,(anonymous_49)
FNDA:0,turnOffSQL_SAFE_UPDATES
FNDA:0,(anonymous_51)
FNDA:0,turnOnSQL_SAFE_UPDATES
FNDA:0,(anonymous_53)
FNDA:0,ResetAllGenerationMember
FNDA:0,(anonymous_55)
FNDA:0,setAllGenerationMember
FNDA:0,(anonymous_57)
FNDA:0,(anonymous_58)
FNDA:0,(anonymous_59)
FNDA:0,(anonymous_60)
FNDA:0,(anonymous_61)
FNDA:0,searchMemberCanSendMessage
FNDA:0,(anonymous_63)
FNDA:0,(anonymous_64)
FNDA:0,getListUnspecifiedMembers
FNDA:0,(anonymous_66)
FNDA:0,(anonymous_67)
FNDA:0,getLivingFamilyMember
FNDA:0,(anonymous_69)
FNDA:0,(anonymous_70)
FNDA:0,(anonymous_71)
FNDA:0,getListChildWithWifeID
FNDA:0,(anonymous_73)
FNDA:0,(anonymous_74)
FNDA:0,getFamilyHeadInGenealogy
FNDA:0,(anonymous_76)
FNDA:0,(anonymous_77)
FNDA:0,RelationShipMember
FNDA:0,(anonymous_79)
FNDA:0,(anonymous_80)
FNDA:0,(anonymous_81)
FNDA:0,(anonymous_82)
FNDA:0,(anonymous_83)
FNDA:0,(anonymous_84)
FNDA:0,(anonymous_85)
FNDA:0,(anonymous_86)
FNDA:0,(anonymous_87)
FNDA:0,(anonymous_88)
FNDA:0,(anonymous_89)
FNDA:0,(anonymous_90)
FNDA:0,GetIdPaternalAncestor
FNDA:0,(anonymous_92)
FNDA:0,(anonymous_93)
FNDA:0,getAllMarriage
FNDA:0,(anonymous_95)
FNDA:0,(anonymous_96)
FNDA:0,GetGenealogy
FNDA:0,(anonymous_98)
FNDA:0,(anonymous_99)
FNDA:0,(anonymous_100)
FNDA:0,(anonymous_101)
FNDA:0,(anonymous_102)
FNDA:0,(anonymous_103)
FNDA:0,(anonymous_104)
FNDA:0,(anonymous_105)
FNDA:0,(anonymous_106)
FNDA:0,(anonymous_107)
FNDA:0,isMemberInList
FNDA:0,(anonymous_109)
FNDA:0,getListMessage
FNDA:0,(anonymous_111)
FNDA:0,(anonymous_112)
FNDA:0,getListNotificationEmail
FNDA:0,(anonymous_114)
FNDA:0,(anonymous_115)
FNDA:0,ViewFamilyTree
FNDA:0,(anonymous_117)
FNDA:0,(anonymous_118)
FNDA:0,createFamilyData
FNDA:0,(anonymous_120)
FNDA:0,(anonymous_121)
FNDA:0,formatDOB
FNDA:0,setRoleMember
FNDA:0,(anonymous_124)
FNDA:0,removePaternalAncestor
FNDA:0,(anonymous_126)
DA:1,1
DA:2,1
DA:6,0
DA:7,0
DA:8,0
DA:9,0
DA:10,0
DA:11,0
DA:13,0
DA:19,0
DA:26,0
DA:27,0
DA:28,0
DA:29,0
DA:30,0
DA:31,0
DA:33,0
DA:40,0
DA:41,0
DA:42,0
DA:43,0
DA:44,0
DA:45,0
DA:46,0
DA:47,0
DA:48,0
DA:49,0
DA:53,0
DA:59,0
DA:64,0
DA:65,0
DA:67,0
DA:68,0
DA:69,0
DA:70,0
DA:72,0
DA:77,0
DA:79,0
DA:81,0
DA:82,0
DA:87,0
DA:88,0
DA:89,0
DA:90,0
DA:91,0
DA:92,0
DA:96,0
DA:97,0
DA:98,0
DA:99,0
DA:103,0
DA:109,0
DA:110,0
DA:111,0
DA:112,0
DA:113,0
DA:114,0
DA:115,0
DA:117,0
DA:119,0
DA:121,0
DA:122,0
DA:124,0
DA:126,0
DA:130,0
DA:131,0
DA:137,0
DA:138,0
DA:139,0
DA:140,0
DA:141,0
DA:144,0
DA:145,0
DA:146,0
DA:147,0
DA:148,0
DA:149,0
DA:150,0
DA:156,0
DA:161,0
DA:162,0
DA:163,0
DA:164,0
DA:165,0
DA:166,0
DA:168,0
DA:169,0
DA:171,0
DA:172,0
DA:173,0
DA:177,0
DA:178,0
DA:185,0
DA:186,0
DA:187,0
DA:188,0
DA:189,0
DA:190,0
DA:192,0
DA:199,0
DA:200,0
DA:201,0
DA:202,0
DA:203,0
DA:204,0
DA:206,0
DA:215,0
DA:216,0
DA:217,0
DA:218,0
DA:219,0
DA:220,0
DA:222,0
DA:229,0
DA:230,0
DA:231,0
DA:232,0
DA:233,0
DA:234,0
DA:236,0
DA:243,0
DA:244,0
DA:245,0
DA:246,0
DA:247,0
DA:248,0
DA:250,0
DA:257,0
DA:258,0
DA:259,0
DA:260,0
DA:261,0
DA:262,0
DA:264,0
DA:272,0
DA:273,0
DA:274,0
DA:275,0
DA:276,0
DA:277,0
DA:279,0
DA:288,0
DA:289,0
DA:291,0
DA:292,0
DA:293,0
DA:294,0
DA:296,0
DA:303,0
DA:304,0
DA:305,0
DA:306,0
DA:308,0
DA:314,0
DA:315,0
DA:316,0
DA:317,0
DA:319,0
DA:326,0
DA:329,0
DA:330,0
DA:331,0
DA:333,0
DA:340,0
DA:341,0
DA:342,0
DA:345,0
DA:346,0
DA:347,0
DA:349,0
DA:350,0
DA:351,0
DA:357,0
DA:358,0
DA:359,0
DA:361,0
DA:362,0
DA:370,0
DA:371,0
DA:372,0
DA:373,0
DA:374,0
DA:375,0
DA:377,0
DA:381,0
DA:388,0
DA:389,0
DA:390,0
DA:391,0
DA:393,0
DA:394,0
DA:395,0
DA:396,0
DA:398,0
DA:403,0
DA:409,0
DA:410,0
DA:411,0
DA:412,0
DA:413,0
DA:414,0
DA:415,0
DA:417,0
DA:418,0
DA:420,0
DA:421,0
DA:422,0
DA:423,0
DA:424,0
DA:425,0
DA:426,0
DA:427,0
DA:428,0
DA:432,0
DA:434,0
DA:436,0
DA:441,0
DA:444,0
DA:448,0
DA:458,0
DA:459,0
DA:460,0
DA:461,0
DA:462,0
DA:463,0
DA:464,0
DA:465,0
DA:466,0
DA:467,0
DA:468,0
DA:470,0
DA:476,0
DA:478,0
DA:480,0
DA:484,0
DA:485,0
DA:491,0
DA:492,0
DA:493,0
DA:494,0
DA:495,0
DA:496,0
DA:497,0
DA:498,0
DA:499,0
DA:500,0
DA:501,0
DA:502,0
DA:503,0
DA:504,0
DA:507,0
DA:509,0
DA:513,0
DA:514,0
DA:516,0
DA:517,0
DA:521,0
DA:524,0
DA:525,0
DA:535,0
DA:536,0
DA:537,0
DA:539,0
DA:540,0
DA:541,0
DA:542,0
DA:543,0
DA:544,0
DA:545,0
DA:547,0
DA:548,0
DA:550,0
DA:551,0
DA:552,0
DA:553,0
DA:554,0
DA:556,0
DA:559,0
DA:560,0
DA:561,0
DA:562,0
DA:564,0
DA:567,0
DA:568,0
DA:569,0
DA:572,0
DA:574,0
DA:578,0
DA:586,0
DA:587,0
DA:589,0
DA:590,0
DA:591,0
DA:592,0
DA:594,0
DA:601,0
DA:602,0
DA:603,0
DA:604,0
DA:605,0
DA:606,0
DA:607,0
DA:608,0
DA:610,0
DA:614,0
DA:621,0
DA:622,0
DA:625,0
DA:627,0
DA:631,0
DA:632,0
DA:635,0
DA:638,0
DA:641,0
DA:642,0
DA:644,0
DA:646,0
DA:648,0
DA:651,0
DA:652,0
DA:655,0
DA:656,0
DA:657,0
DA:661,0
DA:662,0
DA:663,0
DA:668,0
DA:669,0
DA:671,0
DA:678,0
DA:683,0
DA:684,0
DA:685,0
DA:686,0
DA:687,0
DA:688,0
DA:689,0
DA:691,0
DA:695,0
DA:701,0
DA:702,0
DA:703,0
DA:704,0
DA:705,0
DA:706,0
DA:708,0
DA:720,0
DA:721,0
DA:722,0
DA:723,0
DA:724,0
DA:725,0
DA:726,0
DA:727,0
DA:728,0
DA:730,0
DA:731,0
DA:736,0
DA:737,0
DA:744,0
DA:745,0
DA:746,0
DA:747,0
DA:748,0
DA:750,0
DA:751,0
DA:752,0
DA:753,0
DA:754,0
DA:758,0
DA:759,0
DA:760,0
DA:761,0
DA:767,0
DA:768,0
DA:770,0
DA:773,0
DA:788,0
DA:795,0
DA:796,0
DA:797,0
DA:798,0
DA:801,0
DA:803,0
DA:807,0
DA:808,0
DA:809,0
DA:810,0
DA:811,0
DA:813,0
DA:817,0
DA:823,0
DA:824,0
DA:825,0
DA:826,0
DA:828,0
DA:838,1
LF:397
LH:3
BRDA:10,0,0,0
BRDA:10,0,1,0
BRDA:10,1,0,0
BRDA:10,1,1,0
BRDA:29,2,0,0
BRDA:29,2,1,0
BRDA:43,3,0,0
BRDA:43,3,1,0
BRDA:43,4,0,0
BRDA:43,4,1,0
BRDA:48,5,0,0
BRDA:48,5,1,0
BRDA:69,6,0,0
BRDA:69,6,1,0
BRDA:91,7,0,0
BRDA:91,7,1,0
BRDA:98,8,0,0
BRDA:98,8,1,0
BRDA:113,9,0,0
BRDA:113,9,1,0
BRDA:113,10,0,0
BRDA:113,10,1,0
BRDA:114,11,0,0
BRDA:114,11,1,0
BRDA:121,12,0,0
BRDA:121,12,1,0
BRDA:140,13,0,0
BRDA:140,13,1,0
BRDA:146,14,0,0
BRDA:146,14,1,0
BRDA:146,15,0,0
BRDA:146,15,1,0
BRDA:149,16,0,0
BRDA:149,16,1,0
BRDA:166,17,0,0
BRDA:166,17,1,0
BRDA:166,18,0,0
BRDA:166,18,1,0
BRDA:166,18,2,0
BRDA:188,19,0,0
BRDA:188,19,1,0
BRDA:202,20,0,0
BRDA:202,20,1,0
BRDA:218,21,0,0
BRDA:218,21,1,0
BRDA:232,22,0,0
BRDA:232,22,1,0
BRDA:246,23,0,0
BRDA:246,23,1,0
BRDA:260,24,0,0
BRDA:260,24,1,0
BRDA:275,25,0,0
BRDA:275,25,1,0
BRDA:292,26,0,0
BRDA:292,26,1,0
BRDA:305,27,0,0
BRDA:305,27,1,0
BRDA:316,28,0,0
BRDA:316,28,1,0
BRDA:330,29,0,0
BRDA:330,29,1,0
BRDA:342,30,0,0
BRDA:342,30,1,0
BRDA:347,31,0,0
BRDA:347,31,1,0
BRDA:350,32,0,0
BRDA:350,32,1,0
BRDA:359,33,0,0
BRDA:359,33,1,0
BRDA:374,34,0,0
BRDA:374,34,1,0
BRDA:374,35,0,0
BRDA:374,35,1,0
BRDA:390,36,0,0
BRDA:390,36,1,0
BRDA:394,37,0,0
BRDA:394,37,1,0
BRDA:413,38,0,0
BRDA:413,38,1,0
BRDA:414,39,0,0
BRDA:414,39,1,0
BRDA:417,40,0,0
BRDA:417,40,1,0
BRDA:423,41,0,0
BRDA:423,41,1,0
BRDA:423,42,0,0
BRDA:423,42,1,0
BRDA:426,43,0,0
BRDA:426,43,1,0
BRDA:463,44,0,0
BRDA:463,44,1,0
BRDA:463,45,0,0
BRDA:463,45,1,0
BRDA:467,46,0,0
BRDA:467,46,1,0
BRDA:494,47,0,0
BRDA:494,47,1,0
BRDA:498,48,0,0
BRDA:498,48,1,0
BRDA:498,49,0,0
BRDA:498,49,1,0
BRDA:502,50,0,0
BRDA:502,50,1,0
BRDA:541,51,0,0
BRDA:541,51,1,0
BRDA:544,52,0,0
BRDA:544,52,1,0
BRDA:547,53,0,0
BRDA:547,53,1,0
BRDA:550,54,0,0
BRDA:550,54,1,0
BRDA:552,55,0,0
BRDA:552,55,1,0
BRDA:560,56,0,0
BRDA:560,56,1,0
BRDA:567,57,0,0
BRDA:567,57,1,0
BRDA:568,58,0,0
BRDA:568,58,1,0
BRDA:590,59,0,0
BRDA:590,59,1,0
BRDA:602,60,0,0
BRDA:602,60,1,0
BRDA:606,61,0,0
BRDA:606,61,1,0
BRDA:620,62,0,0
BRDA:620,63,0,0
BRDA:621,64,0,0
BRDA:621,64,1,0
BRDA:631,65,0,0
BRDA:631,65,1,0
BRDA:641,66,0,0
BRDA:641,66,1,0
BRDA:651,67,0,0
BRDA:651,67,1,0
BRDA:656,68,0,0
BRDA:656,68,1,0
BRDA:661,69,0,0
BRDA:661,69,1,0
BRDA:687,70,0,0
BRDA:687,70,1,0
BRDA:705,71,0,0
BRDA:705,71,1,0
BRDA:724,72,0,0
BRDA:724,72,1,0
BRDA:727,73,0,0
BRDA:727,73,1,0
BRDA:727,74,0,0
BRDA:727,74,1,0
BRDA:745,75,0,0
BRDA:745,75,1,0
BRDA:750,76,0,0
BRDA:750,76,1,0
BRDA:751,77,0,0
BRDA:751,77,1,0
BRDA:751,78,0,0
BRDA:751,78,1,0
BRDA:753,79,0,0
BRDA:753,79,1,0
BRDA:758,80,0,0
BRDA:758,80,1,0
BRDA:758,81,0,0
BRDA:758,81,1,0
BRDA:760,82,0,0
BRDA:760,82,1,0
BRDA:767,83,0,0
BRDA:767,83,1,0
BRDA:779,84,0,0
BRDA:779,84,1,0
BRDA:810,85,0,0
BRDA:810,85,1,0
BRDA:825,86,0,0
BRDA:825,86,1,0
BRF:173
BRH:0
end_of_record
TN:
SF:service\InformationGenealogy\GeneralInformation.js
FN:3,GeneralInformation
FN:4,(anonymous_1)
FN:6,(anonymous_2)
FN:19,GetInformationMember
FN:20,(anonymous_4)
FN:22,(anonymous_5)
FN:33,UpdateGeneralInformation
FN:43,(anonymous_7)
FNF:8
FNH:0
FNDA:0,GeneralInformation
FNDA:0,(anonymous_1)
FNDA:0,(anonymous_2)
FNDA:0,GetInformationMember
FNDA:0,(anonymous_4)
FNDA:0,(anonymous_5)
FNDA:0,UpdateGeneralInformation
FNDA:0,(anonymous_7)
DA:1,1
DA:4,0
DA:5,0
DA:6,0
DA:7,0
DA:8,0
DA:9,0
DA:11,0
DA:20,0
DA:21,0
DA:22,0
DA:23,0
DA:24,0
DA:25,0
DA:27,0
DA:34,0
DA:35,0
DA:43,0
DA:44,0
DA:45,0
DA:47,0
DA:54,1
LF:22
LH:2
BRDA:7,0,0,0
BRDA:7,0,1,0
BRDA:23,1,0,0
BRDA:23,1,1,0
BRDA:44,2,0,0
BRDA:44,2,1,0
BRF:6
BRH:0
end_of_record
TN:
SF:service\InformationGenealogy\ManagementFamilyHead.js
FN:3,getAllFamilyHead
FN:4,(anonymous_1)
FN:9,(anonymous_2)
FN:19,SearchMemberFamilyHead
FN:20,(anonymous_4)
FN:25,(anonymous_5)
FN:36,SearchMemberFamilyHeadCanAdd
FN:37,(anonymous_7)
FN:41,(anonymous_8)
FN:55,getListFamilyHeadCanAdd
FN:56,(anonymous_10)
FN:60,(anonymous_11)
FN:74,removeFamilyHead
FN:76,(anonymous_13)
FN:85,addForefather
FN:86,(anonymous_15)
FN:89,(anonymous_16)
FNF:17
FNH:0
FNDA:0,getAllFamilyHead
FNDA:0,(anonymous_1)
FNDA:0,(anonymous_2)
FNDA:0,SearchMemberFamilyHead
FNDA:0,(anonymous_4)
FNDA:0,(anonymous_5)
FNDA:0,SearchMemberFamilyHeadCanAdd
FNDA:0,(anonymous_7)
FNDA:0,(anonymous_8)
FNDA:0,getListFamilyHeadCanAdd
FNDA:0,(anonymous_10)
FNDA:0,(anonymous_11)
FNDA:0,removeFamilyHead
FNDA:0,(anonymous_13)
FNDA:0,addForefather
FNDA:0,(anonymous_15)
FNDA:0,(anonymous_16)
DA:1,1
DA:4,0
DA:5,0
DA:9,0
DA:10,0
DA:11,0
DA:12,0
DA:14,0
DA:20,0
DA:21,0
DA:25,0
DA:26,0
DA:27,0
DA:28,0
DA:30,0
DA:37,0
DA:38,0
DA:39,0
DA:41,0
DA:42,0
DA:43,0
DA:44,0
DA:46,0
DA:50,0
DA:56,0
DA:57,0
DA:58,0
DA:60,0
DA:61,0
DA:62,0
DA:63,0
DA:65,0
DA:69,0
DA:75,0
DA:76,0
DA:77,0
DA:78,0
DA:80,0
DA:86,0
DA:87,0
DA:88,0
DA:89,0
DA:90,0
DA:91,0
DA:92,0
DA:94,0
DA:100,1
LF:47
LH:2
BRDA:10,0,0,0
BRDA:10,0,1,0
BRDA:26,1,0,0
BRDA:26,1,1,0
BRDA:42,2,0,0
BRDA:42,2,1,0
BRDA:61,3,0,0
BRDA:61,3,1,0
BRDA:77,4,0,0
BRDA:77,4,1,0
BRDA:90,5,0,0
BRDA:90,5,1,0
BRF:12
BRH:0
end_of_record
