TN:
SF:Models\ConnectDB.js
FN:12,(anonymous_0)
FN:19,(anonymous_1)
FNF:2
FNH:2
FNDA:1,(anonymous_0)
FNDA:1,(anonymous_1)
DA:1,1
DA:2,1
DA:4,1
DA:12,1
DA:13,1
DA:14,0
DA:16,1
DA:19,1
DA:20,1
DA:21,1
DA:25,0
DA:27,0
DA:30,1
DA:31,1
LF:14
LH:11
BRDA:13,0,0,0
BRDA:13,0,1,1
BRF:2
BRH:1
end_of_record
TN:
SF:Utils\CoreFunction.js
FN:8,(anonymous_0)
FN:27,(anonymous_1)
FN:33,(anonymous_2)
FN:36,(anonymous_3)
FN:39,(anonymous_4)
FN:63,(anonymous_5)
FN:66,(anonymous_6)
FN:69,(anonymous_7)
FN:92,(anonymous_8)
FN:101,(anonymous_9)
FN:102,(anonymous_10)
FN:110,(anonymous_11)
FN:112,(anonymous_12)
FN:122,(anonymous_13)
FN:142,(anonymous_14)
FN:147,(anonymous_15)
FN:152,(anonymous_16)
FN:157,(anonymous_17)
FNF:18
FNH:0
FNDA:0,(anonymous_0)
FNDA:0,(anonymous_1)
FNDA:0,(anonymous_2)
FNDA:0,(anonymous_3)
FNDA:0,(anonymous_4)
FNDA:0,(anonymous_5)
FNDA:0,(anonymous_6)
FNDA:0,(anonymous_7)
FNDA:0,(anonymous_8)
FNDA:0,(anonymous_9)
FNDA:0,(anonymous_10)
FNDA:0,(anonymous_11)
FNDA:0,(anonymous_12)
FNDA:0,(anonymous_13)
FNDA:0,(anonymous_14)
FNDA:0,(anonymous_15)
FNDA:0,(anonymous_16)
FNDA:0,(anonymous_17)
DA:1,1
DA:2,1
DA:3,1
DA:4,1
DA:5,1
DA:8,1
DA:9,0
DA:10,0
DA:11,0
DA:13,0
DA:14,0
DA:16,0
DA:17,0
DA:18,0
DA:23,0
DA:27,1
DA:28,0
DA:29,0
DA:33,1
DA:34,0
DA:37,0
DA:41,0
DA:44,0
DA:45,0
DA:48,0
DA:49,0
DA:51,0
DA:52,0
DA:54,0
DA:56,0
DA:63,1
DA:64,0
DA:67,0
DA:71,0
DA:74,0
DA:75,0
DA:77,0
DA:78,0
DA:80,0
DA:81,0
DA:83,0
DA:85,0
DA:92,1
DA:94,0
DA:96,0
DA:97,0
DA:101,1
DA:102,0
DA:103,0
DA:104,0
DA:105,0
DA:106,0
DA:109,0
DA:112,0
DA:113,0
DA:114,0
DA:115,0
DA:117,0
DA:118,0
DA:124,0
DA:126,0
DA:127,0
DA:130,0
DA:131,0
DA:135,0
DA:136,0
DA:142,1
DA:143,0
DA:147,1
DA:148,0
DA:152,1
DA:153,0
DA:157,1
DA:158,0
DA:159,0
DA:160,0
DA:162,1
LF:77
LH:16
BRDA:13,0,0,0
BRDA:13,0,1,0
BRDA:17,1,0,0
BRDA:17,1,1,0
BRDA:28,2,0,0
BRDA:28,2,1,0
BRDA:28,2,2,0
BRDA:28,2,3,0
BRDA:44,3,0,0
BRDA:44,3,1,0
BRDA:74,4,0,0
BRDA:74,4,1,0
BRDA:106,5,0,0
BRDA:106,5,1,0
BRDA:113,6,0,0
BRDA:113,6,1,0
BRDA:124,7,0,0
BRDA:124,7,1,0
BRDA:143,8,0,0
BRDA:143,8,1,0
BRDA:143,8,2,0
BRDA:148,9,0,0
BRDA:148,9,1,0
BRDA:148,9,2,0
BRDA:148,9,3,0
BRF:25
BRH:0
end_of_record
TN:
SF:service\FamilyGenealogy\FamilyManagement.js
FN:5,addMember
FN:6,(anonymous_1)
FN:56,updateMember
FN:57,(anonymous_3)
FN:114,updateMemberPhoto
FN:115,(anonymous_5)
FN:131,RemoveAllRelationshipChild
FN:135,(anonymous_7)
FN:143,(anonymous_8)
FN:150,(anonymous_9)
FN:159,(anonymous_10)
FN:168,(anonymous_11)
FN:189,deleteMember
FN:190,(anonymous_13)
FN:209,UpdateMemberRelated
FN:210,(anonymous_15)
FN:268,UpdateMemberGenerationToZero
FN:269,(anonymous_17)
FN:280,GetCurrentParentMember
FN:281,(anonymous_19)
FN:291,insertParentIdToMember
FN:292,(anonymous_21)
FN:300,insertFatherIDToMember
FN:301,(anonymous_23)
FN:310,insertMotherIDToMember
FN:311,(anonymous_25)
FN:320,setGeneration
FN:321,(anonymous_27)
FN:331,setRole
FN:332,(anonymous_29)
FN:342,setBirthOrder
FN:343,(anonymous_31)
FN:352,getMember
FN:353,(anonymous_33)
FN:361,getMembersByFatherID
FN:362,(anonymous_35)
FN:371,getMembersByOnlyFatherID
FN:372,(anonymous_37)
FN:381,getMembersByOnlyMotherID
FN:382,(anonymous_39)
FN:391,getMembersByMotherID
FN:392,(anonymous_41)
FN:401,getMembersByFatherIDAndMotherID
FN:402,(anonymous_43)
FN:412,getMembersByFatherIDOrMotherID
FN:413,(anonymous_45)
FN:423,updateFatherIDToMotherID
FN:424,(anonymous_47)
FN:438,updateMotherIDToFatherID
FN:439,(anonymous_49)
FN:453,getMaxBirthOrderByFatherIdOrMotherId
FN:454,(anonymous_51)
FN:466,getMaxBirthOrderByFatherID
FN:467,(anonymous_53)
FN:480,getMaxBirthOrderByMotherID
FN:481,(anonymous_55)
FN:493,coreQuery
FN:494,(anonymous_57)
FN:496,(anonymous_58)
FN:505,(anonymous_59)
FN:517,searchMember
FN:518,(anonymous_61)
FN:531,queryFamilyMembers
FN:532,(anonymous_63)
FN:558,(anonymous_64)
FN:571,queryContactMembers
FN:572,(anonymous_66)
FN:579,(anonymous_67)
FN:591,getAllMemberInMemberRole
FN:592,(anonymous_69)
FN:603,(anonymous_70)
FN:613,getAllMemberNotInMemberRole
FN:614,(anonymous_72)
FN:619,(anonymous_73)
FN:631,(anonymous_74)
FN:647,(anonymous_75)
FN:662,getAllMember
FN:663,(anonymous_77)
FN:666,(anonymous_78)
FN:681,getAllMembersInGenalogy
FN:682,(anonymous_80)
FN:685,(anonymous_81)
FN:697,getAllMemberID
FN:698,(anonymous_83)
FN:705,(anonymous_84)
FN:718,getMemberByMemberID
FN:719,(anonymous_86)
FN:722,(anonymous_87)
FNF:88
FNH:5
FNDA:0,addMember
FNDA:0,(anonymous_1)
FNDA:0,updateMember
FNDA:0,(anonymous_3)
FNDA:4,updateMemberPhoto
FNDA:4,(anonymous_5)
FNDA:0,RemoveAllRelationshipChild
FNDA:0,(anonymous_7)
FNDA:0,(anonymous_8)
FNDA:0,(anonymous_9)
FNDA:0,(anonymous_10)
FNDA:0,(anonymous_11)
FNDA:0,deleteMember
FNDA:0,(anonymous_13)
FNDA:0,UpdateMemberRelated
FNDA:0,(anonymous_15)
FNDA:0,UpdateMemberGenerationToZero
FNDA:0,(anonymous_17)
FNDA:0,GetCurrentParentMember
FNDA:0,(anonymous_19)
FNDA:0,insertParentIdToMember
FNDA:0,(anonymous_21)
FNDA:0,insertFatherIDToMember
FNDA:0,(anonymous_23)
FNDA:0,insertMotherIDToMember
FNDA:0,(anonymous_25)
FNDA:0,setGeneration
FNDA:0,(anonymous_27)
FNDA:0,setRole
FNDA:0,(anonymous_29)
FNDA:0,setBirthOrder
FNDA:0,(anonymous_31)
FNDA:0,getMember
FNDA:0,(anonymous_33)
FNDA:0,getMembersByFatherID
FNDA:0,(anonymous_35)
FNDA:0,getMembersByOnlyFatherID
FNDA:0,(anonymous_37)
FNDA:0,getMembersByOnlyMotherID
FNDA:0,(anonymous_39)
FNDA:0,getMembersByMotherID
FNDA:0,(anonymous_41)
FNDA:0,getMembersByFatherIDAndMotherID
FNDA:0,(anonymous_43)
FNDA:0,getMembersByFatherIDOrMotherID
FNDA:0,(anonymous_45)
FNDA:0,updateFatherIDToMotherID
FNDA:0,(anonymous_47)
FNDA:0,updateMotherIDToFatherID
FNDA:0,(anonymous_49)
FNDA:0,getMaxBirthOrderByFatherIdOrMotherId
FNDA:0,(anonymous_51)
FNDA:0,getMaxBirthOrderByFatherID
FNDA:0,(anonymous_53)
FNDA:0,getMaxBirthOrderByMotherID
FNDA:0,(anonymous_55)
FNDA:4,coreQuery
FNDA:4,(anonymous_57)
FNDA:0,(anonymous_58)
FNDA:4,(anonymous_59)
FNDA:0,searchMember
FNDA:0,(anonymous_61)
FNDA:0,queryFamilyMembers
FNDA:0,(anonymous_63)
FNDA:0,(anonymous_64)
FNDA:0,queryContactMembers
FNDA:0,(anonymous_66)
FNDA:0,(anonymous_67)
FNDA:0,getAllMemberInMemberRole
FNDA:0,(anonymous_69)
FNDA:0,(anonymous_70)
FNDA:0,getAllMemberNotInMemberRole
FNDA:0,(anonymous_72)
FNDA:0,(anonymous_73)
FNDA:0,(anonymous_74)
FNDA:0,(anonymous_75)
FNDA:0,getAllMember
FNDA:0,(anonymous_77)
FNDA:0,(anonymous_78)
FNDA:0,getAllMembersInGenalogy
FNDA:0,(anonymous_80)
FNDA:0,(anonymous_81)
FNDA:0,getAllMemberID
FNDA:0,(anonymous_83)
FNDA:0,(anonymous_84)
FNDA:0,getMemberByMemberID
FNDA:0,(anonymous_86)
FNDA:0,(anonymous_87)
DA:1,1
DA:2,1
DA:3,1
DA:6,0
DA:7,0
DA:8,0
DA:9,0
DA:20,0
DA:44,0
DA:45,0
DA:49,0
DA:50,0
DA:57,0
DA:58,0
DA:59,0
DA:82,0
DA:103,0
DA:104,0
DA:106,0
DA:107,0
DA:115,4
DA:116,4
DA:117,4
DA:118,4
DA:119,4
DA:120,4
DA:121,4
DA:123,0
DA:124,0
DA:132,0
DA:133,0
DA:134,0
DA:135,0
DA:136,0
DA:137,0
DA:138,0
DA:139,0
DA:140,0
DA:142,0
DA:143,0
DA:144,0
DA:146,0
DA:147,0
DA:148,0
DA:149,0
DA:150,0
DA:151,0
DA:152,0
DA:158,0
DA:159,0
DA:160,0
DA:161,0
DA:167,0
DA:168,0
DA:169,0
DA:170,0
DA:177,0
DA:183,0
DA:190,0
DA:191,0
DA:192,0
DA:193,0
DA:196,0
DA:197,0
DA:198,0
DA:199,0
DA:201,0
DA:202,0
DA:203,0
DA:210,0
DA:211,0
DA:212,0
DA:213,0
DA:214,0
DA:217,0
DA:218,0
DA:219,0
DA:220,0
DA:222,0
DA:224,0
DA:225,0
DA:226,0
DA:228,0
DA:230,0
DA:232,0
DA:234,0
DA:236,0
DA:238,0
DA:239,0
DA:240,0
DA:242,0
DA:243,0
DA:250,0
DA:251,0
DA:252,0
DA:253,0
DA:255,0
DA:256,0
DA:257,0
DA:262,0
DA:269,0
DA:270,0
DA:271,0
DA:272,0
DA:273,0
DA:274,0
DA:281,0
DA:282,0
DA:284,0
DA:285,0
DA:286,0
DA:292,0
DA:293,0
DA:294,0
DA:295,0
DA:296,0
DA:301,0
DA:302,0
DA:303,0
DA:304,0
DA:305,0
DA:311,0
DA:312,0
DA:313,0
DA:314,0
DA:315,0
DA:321,0
DA:322,0
DA:323,0
DA:324,0
DA:325,0
DA:326,0
DA:332,0
DA:333,0
DA:334,0
DA:335,0
DA:336,0
DA:337,0
DA:343,0
DA:344,0
DA:345,0
DA:346,0
DA:347,0
DA:348,0
DA:353,0
DA:354,0
DA:355,0
DA:356,0
DA:362,0
DA:363,0
DA:364,0
DA:365,0
DA:366,0
DA:372,0
DA:373,0
DA:374,0
DA:375,0
DA:376,0
DA:382,0
DA:383,0
DA:384,0
DA:385,0
DA:386,0
DA:392,0
DA:393,0
DA:394,0
DA:395,0
DA:396,0
DA:402,0
DA:403,0
DA:404,0
DA:405,0
DA:406,0
DA:407,0
DA:413,0
DA:414,0
DA:415,0
DA:416,0
DA:417,0
DA:418,0
DA:424,0
DA:425,0
DA:426,0
DA:427,0
DA:428,0
DA:430,0
DA:431,0
DA:432,0
DA:433,0
DA:439,0
DA:440,0
DA:441,0
DA:442,0
DA:443,0
DA:445,0
DA:446,0
DA:447,0
DA:448,0
DA:454,0
DA:455,0
DA:459,0
DA:460,0
DA:461,0
DA:467,0
DA:468,0
DA:472,0
DA:474,0
DA:475,0
DA:481,0
DA:482,0
DA:486,0
DA:487,0
DA:488,0
DA:494,4
DA:495,4
DA:496,0
DA:497,0
DA:498,0
DA:499,0
DA:501,0
DA:505,4
DA:506,4
DA:507,0
DA:508,0
DA:510,4
DA:518,0
DA:519,0
DA:524,0
DA:526,0
DA:527,0
DA:532,0
DA:533,0
DA:534,0
DA:536,0
DA:537,0
DA:538,0
DA:540,0
DA:541,0
DA:542,0
DA:543,0
DA:545,0
DA:546,0
DA:547,0
DA:549,0
DA:550,0
DA:555,0
DA:558,0
DA:559,0
DA:560,0
DA:561,0
DA:563,0
DA:572,0
DA:573,0
DA:575,0
DA:576,0
DA:579,0
DA:580,0
DA:581,0
DA:582,0
DA:584,0
DA:585,0
DA:592,0
DA:593,0
DA:603,0
DA:604,0
DA:605,0
DA:606,0
DA:608,0
DA:614,0
DA:615,0
DA:619,0
DA:620,0
DA:621,0
DA:622,0
DA:624,0
DA:631,1
DA:632,0
DA:634,0
DA:635,0
DA:636,0
DA:637,0
DA:638,0
DA:639,0
DA:643,0
DA:647,1
DA:648,0
DA:650,0
DA:651,0
DA:652,0
DA:653,0
DA:654,0
DA:655,0
DA:659,0
DA:663,0
DA:664,0
DA:665,0
DA:666,0
DA:667,0
DA:668,0
DA:669,0
DA:671,0
DA:675,0
DA:682,0
DA:683,0
DA:684,0
DA:685,0
DA:686,0
DA:687,0
DA:689,0
DA:693,0
DA:698,0
DA:699,0
DA:700,0
DA:701,0
DA:704,0
DA:705,0
DA:706,0
DA:707,0
DA:708,0
DA:710,0
DA:719,0
DA:720,0
DA:721,0
DA:722,0
DA:723,0
DA:724,0
DA:725,0
DA:727,0
DA:733,1
LF:329
LH:18
BRDA:136,0,0,0
BRDA:136,0,1,0
BRDA:136,1,0,0
BRDA:136,1,1,0
BRDA:144,2,0,0
BRDA:144,2,1,0
BRDA:144,3,0,0
BRDA:144,3,1,0
BRDA:151,4,0,0
BRDA:151,4,1,0
BRDA:160,5,0,0
BRDA:160,5,1,0
BRDA:169,6,0,0
BRDA:169,6,1,0
BRDA:212,7,0,0
BRDA:212,7,1,0
BRDA:218,8,0,0
BRDA:218,8,1,0
BRDA:226,9,0,0
BRDA:226,9,1,0
BRDA:232,10,0,0
BRDA:232,10,1,0
BRDA:238,11,0,0
BRDA:238,11,1,0
BRDA:251,12,0,0
BRDA:251,12,1,0
BRDA:426,13,0,0
BRDA:426,13,1,0
BRDA:441,14,0,0
BRDA:441,14,1,0
BRDA:495,15,0,0
BRDA:495,15,1,4
BRDA:497,16,0,0
BRDA:497,16,1,0
BRDA:506,17,0,0
BRDA:506,17,1,4
BRDA:536,18,0,0
BRDA:536,18,1,0
BRDA:540,19,0,0
BRDA:540,19,1,0
BRDA:540,20,0,0
BRDA:540,20,1,0
BRDA:545,21,0,0
BRDA:545,21,1,0
BRDA:549,22,0,0
BRDA:549,22,1,0
BRDA:559,23,0,0
BRDA:559,23,1,0
BRDA:575,24,0,0
BRDA:575,24,1,0
BRDA:580,25,0,0
BRDA:580,25,1,0
BRDA:604,26,0,0
BRDA:604,26,1,0
BRDA:620,27,0,0
BRDA:620,27,1,0
BRDA:634,28,0,0
BRDA:634,28,1,0
BRDA:638,29,0,0
BRDA:638,29,1,0
BRDA:638,30,0,0
BRDA:638,30,1,0
BRDA:650,31,0,0
BRDA:650,31,1,0
BRDA:654,32,0,0
BRDA:654,32,1,0
BRDA:654,33,0,0
BRDA:654,33,1,0
BRDA:667,34,0,0
BRDA:667,34,1,0
BRDA:686,35,0,0
BRDA:686,35,1,0
BRDA:686,36,0,0
BRDA:686,36,1,0
BRDA:699,37,0,0
BRDA:699,37,1,0
BRDA:706,38,0,0
BRDA:706,38,1,0
BRDA:723,39,0,0
BRDA:723,39,1,0
BRF:80
BRH:2
end_of_record
TN:
SF:service\FamilyGenealogy\MarriageManagement.js
FN:5,(anonymous_0)
FN:6,(anonymous_1)
FN:11,(anonymous_2)
FN:28,(anonymous_3)
FN:29,(anonymous_4)
FN:34,(anonymous_5)
FN:51,(anonymous_6)
FN:52,(anonymous_7)
FN:56,(anonymous_8)
FN:74,(anonymous_9)
FN:75,(anonymous_10)
FN:78,(anonymous_11)
FN:95,(anonymous_12)
FN:96,(anonymous_13)
FN:100,(anonymous_14)
FN:117,(anonymous_15)
FN:118,(anonymous_16)
FN:122,(anonymous_17)
FN:139,(anonymous_18)
FN:140,(anonymous_19)
FN:144,(anonymous_20)
FN:161,(anonymous_21)
FN:162,(anonymous_22)
FN:166,(anonymous_23)
FN:183,(anonymous_24)
FN:184,(anonymous_25)
FN:188,(anonymous_26)
FN:206,(anonymous_27)
FN:207,(anonymous_28)
FN:211,(anonymous_29)
FN:228,(anonymous_30)
FN:229,(anonymous_31)
FN:233,(anonymous_32)
FN:250,(anonymous_33)
FN:251,(anonymous_34)
FN:255,(anonymous_35)
FNF:36
FNH:0
FNDA:0,(anonymous_0)
FNDA:0,(anonymous_1)
FNDA:0,(anonymous_2)
FNDA:0,(anonymous_3)
FNDA:0,(anonymous_4)
FNDA:0,(anonymous_5)
FNDA:0,(anonymous_6)
FNDA:0,(anonymous_7)
FNDA:0,(anonymous_8)
FNDA:0,(anonymous_9)
FNDA:0,(anonymous_10)
FNDA:0,(anonymous_11)
FNDA:0,(anonymous_12)
FNDA:0,(anonymous_13)
FNDA:0,(anonymous_14)
FNDA:0,(anonymous_15)
FNDA:0,(anonymous_16)
FNDA:0,(anonymous_17)
FNDA:0,(anonymous_18)
FNDA:0,(anonymous_19)
FNDA:0,(anonymous_20)
FNDA:0,(anonymous_21)
FNDA:0,(anonymous_22)
FNDA:0,(anonymous_23)
FNDA:0,(anonymous_24)
FNDA:0,(anonymous_25)
FNDA:0,(anonymous_26)
FNDA:0,(anonymous_27)
FNDA:0,(anonymous_28)
FNDA:0,(anonymous_29)
FNDA:0,(anonymous_30)
FNDA:0,(anonymous_31)
FNDA:0,(anonymous_32)
FNDA:0,(anonymous_33)
FNDA:0,(anonymous_34)
FNDA:0,(anonymous_35)
DA:1,1
DA:5,1
DA:6,0
DA:7,0
DA:8,0
DA:9,0
DA:10,0
DA:11,0
DA:12,0
DA:13,0
DA:14,0
DA:16,0
DA:20,0
DA:21,0
DA:28,1
DA:29,0
DA:30,0
DA:31,0
DA:32,0
DA:33,0
DA:34,0
DA:35,0
DA:36,0
DA:37,0
DA:39,0
DA:43,0
DA:44,0
DA:51,1
DA:52,0
DA:53,0
DA:54,0
DA:55,0
DA:56,0
DA:57,0
DA:58,0
DA:59,0
DA:61,0
DA:62,0
DA:66,0
DA:67,0
DA:74,1
DA:75,0
DA:76,0
DA:77,0
DA:78,0
DA:79,0
DA:80,0
DA:81,0
DA:83,0
DA:87,0
DA:88,0
DA:95,1
DA:96,0
DA:97,0
DA:98,0
DA:99,0
DA:100,0
DA:101,0
DA:102,0
DA:103,0
DA:105,0
DA:109,0
DA:110,0
DA:117,1
DA:118,0
DA:119,0
DA:120,0
DA:121,0
DA:122,0
DA:123,0
DA:124,0
DA:125,0
DA:127,0
DA:131,0
DA:132,0
DA:139,1
DA:140,0
DA:141,0
DA:142,0
DA:143,0
DA:144,0
DA:145,0
DA:146,0
DA:147,0
DA:149,0
DA:153,0
DA:154,0
DA:161,1
DA:162,0
DA:163,0
DA:164,0
DA:165,0
DA:166,0
DA:167,0
DA:168,0
DA:169,0
DA:171,0
DA:175,0
DA:176,0
DA:183,1
DA:184,0
DA:185,0
DA:186,0
DA:187,0
DA:188,0
DA:189,0
DA:190,0
DA:191,0
DA:193,0
DA:197,0
DA:198,0
DA:206,1
DA:207,0
DA:208,0
DA:209,0
DA:210,0
DA:211,0
DA:212,0
DA:213,0
DA:214,0
DA:216,0
DA:220,0
DA:221,0
DA:228,1
DA:229,0
DA:230,0
DA:231,0
DA:232,0
DA:233,0
DA:234,0
DA:235,0
DA:236,0
DA:238,0
DA:242,0
DA:243,0
DA:250,1
DA:251,0
DA:252,0
DA:253,0
DA:254,0
DA:255,0
DA:256,0
DA:257,0
DA:258,0
DA:260,0
DA:264,0
DA:265,0
DA:272,1
LF:148
LH:14
BRDA:12,0,0,0
BRDA:12,0,1,0
BRDA:35,1,0,0
BRDA:35,1,1,0
BRDA:57,2,0,0
BRDA:57,2,1,0
BRDA:79,3,0,0
BRDA:79,3,1,0
BRDA:101,4,0,0
BRDA:101,4,1,0
BRDA:123,5,0,0
BRDA:123,5,1,0
BRDA:145,6,0,0
BRDA:145,6,1,0
BRDA:167,7,0,0
BRDA:167,7,1,0
BRDA:189,8,0,0
BRDA:189,8,1,0
BRDA:212,9,0,0
BRDA:212,9,1,0
BRDA:234,10,0,0
BRDA:234,10,1,0
BRDA:256,11,0,0
BRDA:256,11,1,0
BRF:24
BRH:0
end_of_record
